(0.000000) can0 129#FC23EC5F0020FF3F
(0.012000) can0 393#0380610000000000
(0.016000) can0 261#D401E04B0040245A
(0.018000) can0 129#942AEC5FFF1FFF3F
(0.020000) can0 441#E900B6C358001D40
(0.022000) can0 737#04000000E0F080
(0.024000) can0 3FD#0000003C20000180
(0.030000) can0 333#0410590700
(0.031000) can0 40A#0910000000000027
(0.033000) can0 2E8#0101000006004032
(0.035000) can0 1D5#290000000000403F
(0.037000) can0 43B#007F00FF00000000
(0.039000) can0 381#1A00000000000000
(0.041000) can0 545#010000000010207B
(0.043000) can0 3A3#16C00000380DFC01
(0.046000) can0 132#7F8F80003F41
(0.048000) can0 1D8#29AC3FFA0700200E
(0.051000) can0 288#0106184C006071C6
(0.053000) can0 2E1#1021040010000004
(0.055000) can0 31E#0100000000000000
(0.057000) can0 41D#00
(0.059000) can0 1E5#286C0400000040BE
(0.061000) can0 4E3#0476800705600000
(0.063000) can0 422#700010000000
(0.066000) can0 132#7A8F82003C41
(0.066000) can0 1D8#29AC7FFA0700608E
(0.067000) can0 1E5#286C0400000060DE
(0.068000) can0 266#F4070F310E005D01
(0.068000) can0 126#15403844F8
(0.070000) can0 268#1F0F9901FF
(0.071000) can0 201#0128980000000000
(0.071000) can0 273#81E13000C8021011
(0.072000) can0 3E3#04000000
(0.073000) can0 545#020002000000307E
(0.074000) can0 3FD#01000A0000080280
(0.076000) can0 3A2#6025F3B50400426F
(0.076000) can0 2E5#000010320000DD00
(0.077000) can0 318#1A062F0D102629D6
(0.078000) can0 7F4#01
(0.078000) can0 247#670EFF0C00CA0100
(0.079000) can0 3C2#2955000000000000
(0.080000) can0 553#000000000000A0F8
(0.081000) can0 7D5#3200000000000000
(0.083000) can0 25B#D38000056A8630D3
(0.084000) can0 1D5#290000000000E0DF
(0.085000) can0 719#1619002677010000
(0.086000) can0 2E5#000010320000DD00
(0.086000) can0 1D8#29AC3FFC0700A090
(0.087000) can0 221#6055551554519178
(0.088000) can0 2F1#0C01029018000000
(0.089000) can0 423#00001000000000
(0.093000) can0 242#55558600
(0.093000) can0 132#7A8F81003241
(0.096000) can0 2C3#0000C04B010040CB
(0.096000) can0 292#28F2F7228B013E00
(0.097000) can0 1E5#286C0400000040BE
(0.098000) can0 2D2#F22EB24E8813E822
(0.098000) can0 224#0408004019011008
(0.100000) can0 2F2#1201
(0.101000) can0 2E1#FB1F99C9978F0900
(0.104000) can0 400#00E0FBBEEFFB00
(0.104000) can0 263#04000000A01C0000
(0.105000) can0 545#E004588099914979
(0.106000) can0 37A#CBE0010000000000
(0.106000) can0 118#3D65950000C864FE
(0.107000) can0 266#F4070F320E005E01
(0.108000) can0 257#993B625702183101
(0.109000) can0 2EC#57E025
(0.111000) can0 225#5555FA00
(0.113000) can0 122#01000000003F0000
(0.113000) can0 132#828F83003341
(0.116000) can0 243#00FCCFCC90440D29
(0.116000) can0 1D8#29ACFFFC070000B0
(0.118000) can0 22B#FFFFFF1FF0FFFFFF
(0.119000) can0 441#EA00B6C358002549
(0.119000) can0 272#080003D907B00304
(0.120000) can0 2C1#0400000000000000
(0.121000) can0 2BF#00000000000001
(0.122000) can0 3D8#60005E00
(0.122000) can0 294#14C1400040000000
(0.123000) can0 1D5#290000000000605F
(0.126000) can0 3FD#02003E0000000090
(0.127000) can0 261#0522E5C99A429037
(0.128000) can0 22A#0000F916
(0.129000) can0 103#22B38804A2F02032
(0.134000) can0 2E1#65800800E751316A
(0.134000) can0 123#01000000003F0000
(0.136000) can0 719#1700000000000000
(0.137000) can0 1E5#286C0400000040BE
(0.137000) can0 211#BB17710F1001
(0.138000) can0 118#4068950000C864FE
(0.139000) can0 7AA#1522880C50081000
(0.139000) can0 419#00
(0.140000) can0 289#C80A864286003D0F
(0.141000) can0 2C1#D0687E00008A0200
(0.142000) can0 448#20001010000010
(0.142000) can0 3AE#0B40000800004195
(0.143000) can0 1D5#290000000000A09F
(0.146000) can0 381#22A2F027F1200400
(0.146000) can0 1D8#29AE7FFD07006093
(0.147000) can0 1E5#286C0400000060DE
(0.148000) can0 3F9#0200000000000000
(0.149000) can0 2E1#1021040010000004
(0.150000) can0 288#0106184C006081D6
(0.153000) can0 3A1#884C0FCA0018A227
(0.153000) can0 75D#0100000000000080
(0.154000) can0 31E#0200000000000000
(0.155000) can0 243#02FC9B0D05D50000
(0.155000) can0 41D#00
(0.156000) can0 129#7728EC5F0020FF3F
(0.157000) can0 195#000000000A002706
(0.158000) can0 261#31400E009649BA0E
(0.158000) can0 118#126A950000C834FE
(0.159000) can0 2A8#01010000060030E2
(0.160000) can0 396#091E1C5257600E7D
(0.161000) can0 2C1#216B186402000000
(0.162000) can0 492#2503FF0F280000
(0.163000) can0 24A#03
(0.164000) can0 132#888F7F003E41
(0.164000) can0 340#0800000000000000
(0.165000) can0 343#00925C6E96000000
(0.166000) can0 2E5#000010320000DD00
(0.166000) can0 428#20001010000010
(0.167000) can0 1E5#286C04000000209E
(0.168000) can0 266#F4070F320E005E01
(0.169000) can0 128#0000EC0A02
(0.169000) can0 279#38B9FC01BC056502
(0.170000) can0 395#090F115E0C05047D
(0.171000) can0 207#0000000000000000
(0.172000) can0 441#4185890032002812
(0.173000) can0 61D#03B4791E8B15040C
(0.174000) can0 1D5#29000000000000FF
(0.177000) can0 241#7374D41C1D4500
(0.177000) can0 1E5#286C0400000040BE
(0.178000) can0 458#00002000000000
(0.179000) can0 118#256C950000C844FF
(0.179000) can0 7D5#2B76D00000000000
(0.180000) can0 7D7#321F000000000000
(0.181000) can0 381#03303D00C0200400
(0.184000) can0 25B#D38000056A8640E3
(0.184000) can0 263#0300000000000000
(0.185000) can0 719#0003140F14070E00
(0.186000) can0 2E5#000010320000DD00
(0.186000) can0 118#366D950000C854FF
(0.188000) can0 266#F4070F320E005E01
(0.189000) can0 423#00001000000000
(0.192000) can0 242#55558600
(0.194000) can0 1D5#290000000000403F
(0.194000) can0 2C3#555BA9B682C112AA
(0.195000) can0 287#30323031DC020000
(0.196000) can0 204#010000FF00000010
(0.196000) can0 1E5#286C04000000007E
(0.197000) can0 2B4#4205590E7101
(0.198000) can0 3F5#0000C838820C0000
(0.199000) can0 266#F4070F320E005E01
(0.202000) can0 2D2#F22EB24E8813E822
(0.202000) can0 400#00E0FBBEEFFB00
(0.203000) can0 1D5#290000000000605F
(0.204000) can0 132#708F80003941
(0.205000) can0 263#04000000A01C0000
(0.206000) can0 129#852DEB5FFF1FFF3F
(0.207000) can0 118#E86F950000C804FF
(0.207000) can0 1E5#286C04000000209E
(0.208000) can0 330#0B00030100000000
(0.211000) can0 3E2#040000510FCF00
(0.213000) can0 2E1#0400000000202600
(0.213000) can0 132#818F7E002F41
(0.216000) can0 243#00FCCFCC90440D29
(0.216000) can0 1D8#29AEBFFF070040B5
(0.217000) can0 22B#FFFFFF1FF0FFFFFF
(0.218000) can0 7AA#9609D0359176A129
(0.218000) can0 441#EA00B6C358002D51
(0.219000) can0 272#0380610000000000
(0.222000) can0 301#100000004DE567BE
(0.224000) can0 3C0#0800000000000000
(0.226000) can0 372#018D540340003C01
(0.228000) can0 1D8#29AEFFFF07006015
(0.230000) can0 3C2#0055555500006A05
(0.234000) can0 2E8#0101000006006052
(0.236000) can0 123#00001392D2000000
(0.237000) can0 1D8#29AEFFFF07008035
(0.238000) can0 118#0A62950000C834FE
(0.239000) can0 3A2#32A7FFFF04000000
(0.241000) can0 419#00
(0.241000) can0 448#20001010000010
(0.242000) can0 6A1#0000000000
(0.245000) can0 1D5#290000000000E0DF
(0.246000) can0 201#006E6E0000E4FF00
(0.247000) can0 1E5#286C04000000209E
(0.248000) can0 257#7822625702103101
(0.248000) can0 4E2#04D6208D17780100
(0.251000) can0 288#0106184C006091E6
(0.252000) can0 261#3140E8FF9D491A4E
(0.256000) can0 552#0000000000003087
(0.258000) can0 186#8A0B000200B71A25
(0.260000) can0 3FD#0000003C20000180
(0.264000) can0 333#0410590700
(0.266000) can0 340#0900000000000000
(0.268000) can0 1D8#29AE3F000000E0CF
(0.270000) can0 257#7923625702103101
(0.271000) can0 395#090F125E0C05047D
(0.272000) can0 397#E31F008318FA0700
(0.273000) can0 428#20001010000010
(0.274000) can0 132#7A8F7E003C41
(0.275000) can0 757#2C3F3E0000000000
(0.275000) can0 241#7474141D1D4500
(0.276000) can0 129#8124EB5FFF1FFF3F
(0.277000) can0 1E5#286C04000000007E
(0.278000) can0 414#1133535459323530
(0.278000) can0 52F#0006545F100A4A00
(0.279000) can0 3C2#2955000000000000
(0.280000) can0 266#F4070F320E005F01
(0.281000) can0 458#00002000000000
(0.281000) can0 7FF#0800000100000000
(0.282000) can0 2C1#0219160000D09201
(0.284000) can0 383#A5182000E7D0A20A
(0.284000) can0 1FA#3AC001
(0.285000) can0 3DB#0A28191719000000
(0.286000) can0 2E5#000010320000DD00
(0.287000) can0 118#EF67950000C814FE
(0.287000) can0 266#F4070F320E005F01
(0.288000) can0 381#0600000000000000
(0.293000) can0 242#55558600
(0.293000) can0 132#708F80003B41
(0.296000) can0 2C3#0000C04B010040CB
(0.296000) can0 1D8#29AE7FFE07004074
(0.297000) can0 224#0408004019011008
(0.298000) can0 292#28F2F7228B014500
(0.298000) can0 266#F4070F320E005F01
(0.299000) can0 2E5#000010320000DD00
(0.301000) can0 360#0A00000000000000
(0.302000) can0 3F5#0000C838830C0000
(0.302000) can0 400#00E0FBBEEFFB00
(0.303000) can0 1D5#290000000000A09F
(0.304000) can0 132#728F80003041
(0.304000) can0 263#04000000A01C0000
(0.305000) can0 102#22B3480494FAA009
(0.306000) can0 129#5B27EB5FFF1FFF3F
(0.307000) can0 118#C169950000C8E4FE
(0.307000) can0 23E#00003AC002FFEF2A
(0.308000) can0 2D1#FF01
(0.309000) can0 3FD#01000A0000080280
(0.311000) can0 2EC#570045
(0.314000) can0 122#01000000003F0000
(0.315000) can0 243#00FCCFCC90440D29
(0.316000) can0 2E5#000010320000DD00
(0.317000) can0 1E5#286C04000000007E
(0.317000) can0 283#000000004000
(0.318000) can0 266#F4070F320E005F01
(0.321000) can0 272#080003E107B00304
(0.321000) can0 443#6D02FF030000
(0.324000) can0 3C0#0900000000000000
(0.324000) can0 2E1#65800800E851316A
(0.325000) can0 381#0700000000000000
(0.326000) can0 2E5#000010320000DD00
(0.326000) can0 118#736B950000C894FE
(0.327000) can0 266#F4070F320E005F01
(0.328000) can0 22A#0000F916
(0.329000) can0 103#22B38804A2F02032
(0.334000) can0 261#00100900FF4F60BD
(0.334000) can0 123#01000000003F0000
(0.335000) can0 719#0CD30F005A0A6000
(0.336000) can0 2E5#000010320000DD00
(0.336000) can0 1E5#286C0400000040BE
(0.337000) can0 3D3#000000
(0.338000) can0 545#010000000010B00B
(0.341000) can0 419#00
(0.343000) can0 2F9#BCFB070800000000
(0.345000) can0 132#6D8F7D002C41
(0.347000) can0 201#006E6E0000E4FF00
(0.349000) can0 266#F4070F320E005F01
(0.351000) can0 39D#266AF52700
(0.353000) can0 3A1#884C0FCA0018E267
(0.355000) can0 53E#14050000874EFD5A
(0.357000) can0 45A#24C03EC15F2F4639
(0.358000) can0 2E5#000010320000DD00
(0.358000) can0 118#D66E950000C8F4FE
(0.359000) can0 27A#CABC0C01BC056202
(0.360000) can0 3FD#02003E0000000090
(0.362000) can0 41D#00
(0.365000) can0 1D5#290000000000605F
(0.365000) can0 340#0A00002000000000
(0.366000) can0 129#EC2DEB5F0020FF3F
(0.367000) can0 266#F4070F320E005F01
(0.367000) can0 108#237BFDBBFEAA1A25
(0.368000) can0 126#1540385C10
(0.369000) can0 1D6#02080000CA002008
(0.370000) can0 2C2#5563A80680C11AAA
(0.371000) can0 376#105F55585056B17D
(0.372000) can0 3DF#0000C00002D0001B
(0.373000) can0 376#04FFFFFFFF555559
(0.373000) can0 3D6#5B5B5D5B5B2B144D
(0.374000) can0 285#034A7D5277000000
(0.375000) can0 545#020002000000C00E
(0.376000) can0 757#2C3F3E0000000000
(0.376000) can0 129#5A2EEB5FFF1FFF3F
(0.377000) can0 318#1A06300D10262FDD
(0.378000) can0 7FF#09EF000010000000
(0.379000) can0 227#E20318004D000081
(0.379000) can0 118#2860950000C854FE
(0.380000) can0 656#1232A63551A0A09F
(0.381000) can0 757#4659585B593F5657
(0.382000) can0 261#BB4C0A00004095DC
(0.383000) can0 7AA#0800000018011B0E
(0.384000) can0 7D5#3200000000000000
(0.385000) can0 1D5#290000000000A09F
(0.385000) can0 401#0B2A739583957795
(0.386000) can0 2E5#000010320000DD00
(0.387000) can0 221#605555155451F1D8
(0.388000) can0 1E5#286C0400000060DE
(0.388000) can0 257#6719625702083101
(0.389000) can0 39D#276BF52700
(0.392000) can0 242#55558600
(0.394000) can0 1D5#290000000000C0BF
(0.394000) can0 2C3#555BA9B682C112AA
(0.395000) can0 201#0200000000000000
(0.397000) can0 204#010000FF00000010
(0.397000) can0 252#604B037B00FC0F00
(0.398000) can0 292#28F2F7228B014700
(0.399000) can0 139#00
(0.399000) can0 2E5#000010320000DD00
(0.400000) can0 381#0900000000000000
(0.401000) can0 2C1#531A900000000000
(0.402000) can0 712#012A971271121412
(0.402000) can0 2E3#94126120850400
(0.403000) can0 1D5#290000000000E0DF
(0.404000) can0 372#0400000000009011
(0.405000) can0 263#04000000A01C0000
(0.405000) can0 102#22B3480494FAA009
(0.406000) can0 2E5#000010320000DD00
(0.408000) can0 1E5#286C04000000209E
(0.412000) can0 225#5555FA00
(0.412000) can0 261#0522E5C99A42B057
(0.413000) can0 1D5#29000000000000FF
(0.416000) can0 243#00FCCFCC90440D29
(0.416000) can0 1D8#29AEFFFF0700C075
(0.417000) can0 22B#FFFFFF1FF0FFFFFF
(0.421000) can0 118#8C64950000C8B4FE
(0.423000) can0 253#0064A6C66490B505
(0.425000) can0 132#7A8F7F004141
(0.427000) can0 285#2445605872000000
(0.429000) can0 257#691B625702083101
(0.431000) can0 3C8#0000000000000000
(0.433000) can0 524#86730302201001
(0.436000) can0 1D5#290000000000403F
(0.438000) can0 1D8#29AE3F00000000EF
(0.440000) can0 266#F4070F320E005E01
(0.442000) can0 289#C80A860288003D0F
(0.444000) can0 281#1500FF1F0001
(0.446000) can0 261#3140D3FF9749DAF3
(0.448000) can0 1D8#29AE3F000000200F
(0.451000) can0 4E2#0600000000000000
(0.454000) can0 2E1#398D2AFF0F000000
(0.454000) can0 552#00000000000050A7
(0.455000) can0 339#02F1FE008007800F
(0.456000) can0 2E5#000010320000DD00
(0.456000) can0 195#000000000A002706
(0.457000) can0 1E5#286C0400000040BE
(0.459000) can0 420#2801404B00008005
(0.462000) can0 261#CA291102805CE2BA
(0.464000) can0 1D5#290000000000A09F
(0.464000) can0 340#0B40000000000000
(0.467000) can0 2E5#000010320000DD00
(0.467000) can0 266#F5070F320E005E01
(0.468000) can0 257#530D625702003101
(0.469000) can0 428#20001010000010
(0.469000) can0 39D#296DF52700
(0.470000) can0 2C2#20408068010080CB
(0.471000) can0 201#0128980000000000
(0.472000) can0 395#090F125E0C05047D
(0.472000) can0 3B3#8C8004300100A800
(0.473000) can0 3C3#0000000000A50000
(0.475000) can0 545#020002000000F03E
(0.475000) can0 757#3200000000000000
(0.476000) can0 129#E528EB5F0020FF3F
(0.477000) can0 318#1A06300D102631DF
(0.478000) can0 261#BB4C0A000040F53C
(0.478000) can0 247#660EFF0C00C60100
(0.479000) can0 3C2#2955000000000000
(0.480000) can0 315#1862556D5056D38B
(0.481000) can0 7D5#2C3F3F0000000000
(0.481000) can0 315#6B2BD02640006005
(0.482000) can0 315#04673D7202565565
(0.483000) can0 7D5#42F8007000002800
(0.484000) can0 383#A5182000E7D0A20A
(0.484000) can0 234#2EE10380430034A4
(0.486000) can0 7D5#449A505E5D440042
(0.487000) can0 719#0300000000000000
(0.487000) can0 129#B029EB5F0020FF3F
(0.488000) can0 2E5#000010320000DD00
(0.489000) can0 266#F5070F320E005F01
(0.490000) can0 3C5#0000000000000000
(0.490000) can0 7D5#465C5B695B40595A
(0.491000) can0 368#0000000000000000
(0.492000) can0 36E#0000000000000000
(0.495000) can0 1D5#29000000000000FF
(0.495000) can0 201#0200000000000000
(0.496000) can0 129#6F2AEB5F0020FF3F
(0.497000) can0 224#0408004019011008
(0.497000) can0 2E5#000010320000DD00
(0.499000) can0 118#746C950000C894FE
(0.500000) can0 360#0100000000000000
(0.501000) can0 2C1#531A900000000000
(0.502000) can0 677#0100000000000000
(0.506000) can0 381#0C00000000000000
(0.508000) can0 1D8#29B03F000000E0D1
(0.510000) can0 261#0522E5C99A4210B7
(0.512000) can0 225#5555FA00
(0.514000) can0 122#01000000003F0000
(0.516000) can0 243#00FCCFCC90440D29
(0.519000) can0 1D8#29B03F00000000F1
(0.522000) can0 2C1#0400000000000000
(0.522000) can0 3FD#0000003C20000180
(0.524000) can0 3C0#0000000000000000
(0.526000) can0 263#700ED29FA74F5F1F
(0.526000) can0 1D8#29B03F0000002011
(0.527000) can0 118#686F950000C884FF
(0.528000) can0 666#0000C800
(0.529000) can0 257#4600625702003101
(0.529000) can0 3C8#0100000000000000
(0.530000) can0 7AA#0A81068106005200
(0.533000) can0 2E1#1021040010000004
(0.533000) can0 234#3020032EB9044019
(0.534000) can0 545#010000000010106B
(0.535000) can0 243#01FC394638005C5C
(0.535000) can0 7B5#020000
(0.536000) can0 43B#027F00FF00000000
(0.537000) can0 221#610555550107205B
(0.538000) can0 211#BF1B710F1001
(0.539000) can0 118#D960950000C804FF
(0.540000) can0 384#0000000000000000
(0.541000) can0 719#140000000000B500
(0.541000) can0 2F9#BCFB071800000000
(0.542000) can0 3A3#16C00000380DFC01
(0.543000) can0 281#1500FF1F0001
(0.544000) can0 1D5#290000000000A09F
(0.544000) can0 263#89E6D1AFAF4F5F1F
(0.545000) can0 201#006D6E0000E4FF00
(0.546000) can0 2E5#000010320000DD00
(0.547000) can0 118#9961950000C8C4FE
(0.547000) can0 257#3E01625702F83001
(0.548000) can0 23E#00003AC002FF4F8A
(0.550000) can0 2E1#398D2AFF0F000000
(0.554000) can0 3A1#884C0FCA001822A7
(0.554000) can0 552#00000000000060B7
(0.555000) can0 339#02F1FE008007800F
(0.556000) can0 2E5#000010320000DD00
(0.556000) can0 1D8#29B03F0000008071
(0.557000) can0 1E5#286C04000000007E
(0.558000) can0 420#2801404B00000006
(0.559000) can0 27A#BBBEFC00BC056202
(0.559000) can0 4E3#0200000000002800
(0.560000) can0 2C1#216B186402000000
(0.561000) can0 422#700010000000
(0.564000) can0 1D5#290000000000E0DF
(0.564000) can0 2E1#026D66021C7E0000
(0.566000) can0 343#009264EE95000000
(0.567000) can0 118#CB63950000C8F4FE
(0.567000) can0 266#F5070F320E005F01
(0.568000) can0 126#1540386C20
(0.569000) can0 119#00000000
(0.569000) can0 2B6#000300
(0.570000) can0 397#E31F008318FA0700
(0.571000) can0 3C3#5555550100000000
(0.572000) can0 33A#79D40383FDFF3761
(0.572000) can0 3FD#01000A0000080280
(0.574000) can0 441#40858900320008F1
(0.575000) can0 241#7374D41C1D4500
(0.576000) can0 2E5#000010320000DD00
(0.577000) can0 113#019701
(0.577000) can0 381#0E00000000E0FF00
(0.579000) can0 227#D50317004D000081
(0.579000) can0 3C2#2955000000000000
(0.580000) can0 7D5#3200000000000000
(0.581000) can0 2E1#FB1F96B9978B0900
(0.584000) can0 25B#D38000056A868023
(0.584000) can0 1FA#3AC001
(0.587000) can0 2E5#000010320000DD00
(0.587000) can0 266#F5070F320E005F01
(0.588000) can0 2F1#113F011201820900
(0.591000) can0 39D#1C60F52700
(0.591000) can0 242#55558600
(0.594000) can0 1D5#290000000000403F
(0.594000) can0 2C3#555BA9B682C112AA
(0.595000) can0 212#5904130081FF7731
(0.596000) can0 292#28F2F7228B014C00
(0.597000) can0 1D8#29B23F00000000F3
(0.598000) can0 118#1E66950000C844FE
(0.599000) can0 139#00
(0.599000) can0 360#0200000000000000
(0.600000) can0 3F5#0000C838830C0000
(0.601000) can0 545#E0045390998F3972
(0.602000) can0 400#00E0FBBEEFFB00
(0.602000) can0 3A1#C1FFFF213D00300D
(0.605000) can0 132#7F8F76002241
(0.605000) can0 102#22B3480494FAA009
(0.606000) can0 129#FF25EB5F0020FF3F
(0.607000) can0 118#2067950000C844FF
(0.607000) can0 257#30F4615702F83001
(0.608000) can0 2EC#573075
(0.612000) can0 225#5555FA00
(0.612000) can0 2E1#65800800E851316A
(0.613000) can0 381#EFFFFFCD0300A609
(0.614000) can0 132#738F75002641
(0.614000) can0 243#00FCCFCC90440D29
(0.617000) can0 2E5#000010320000DD00
(0.617000) can0 7A8#0240C107000F0000
(0.618000) can0 266#F5070F320E005F01
(0.621000) can0 272#0380610000000000
(0.623000) can0 677#0400000000000000
(0.625000) can0 3FD#02003E0000000090
(0.629000) can0 132#738F78002C41
(0.631000) can0 39D#1D61F52700
(0.633000) can0 2E8#010100000600A092
(0.635000) can0 1D5#290000000000C0BF
(0.638000) can0 2E5#000010320000DD00
(0.638000) can0 266#F5070F310E005F01
(0.641000) can0 419#00
(0.641000) can0 448#20001010000010
(0.642000) can0 20E#160600
(0.643000) can0 788#0240C50700030000
(0.643000) can0 1D5#290000000000E0DF
(0.644000) can0 401#182A909571957095
(0.645000) can0 407#150A000000000000
(0.646000) can0 2E5#000010320000DD00
(0.646000) can0 1D8#29B23F000000A093
(0.647000) can0 1E5#286C04000000209E
(0.648000) can0 257#31F6615602F83001
(0.651000) can0 288#0106184C0060D126
(0.652000) can0 3AE#0A40000800004093
(0.653000) can0 3A1#884C0FCA001842C7
(0.654000) can0 132#7B8F78002C41
(0.654000) can0 552#00000000000070C7
(0.655000) can0 339#02F1FE008007800F
(0.656000) can0 387#FFFFFFFFFFFF0040
(0.656000) can0 1E5#286C0400000040BE
(0.657000) can0 195#000000000A002706
(0.658000) can0 1A5#00101F784D
(0.659000) can0 266#F5070F320E005F01
(0.659000) can0 396#091E1F52555E0F7D
(0.660000) can0 2E1#026D66021C7D0000
(0.661000) can0 677#0000000000000000
(0.662000) can0 1F9#0000000000000000
(0.663000) can0 1D5#290000000000201F
(0.666000) can0 340#0100000000000000
(0.666000) can0 1D8#29B23F000000E0D3
(0.667000) can0 22B#FFFFFF1FF0FFFFFF
(0.668000) can0 23E#00003AC002FF7FBA
(0.668000) can0 207#0000000000000000
(0.669000) can0 1D6#02080000CA002008
(0.670000) can0 268#1F0F9901FF
(0.671000) can0 201#0128980000000000
(0.671000) can0 3A2#604573B61C00426F
(0.672000) can0 238#9835F6301E0072BD
(0.673000) can0 441#40858900320010F9
(0.674000) can0 1D5#290000000000403F
(0.674000) can0 243#0300000028442500
(0.677000) can0 241#7474141D1D4500
(0.679000) can0 2E1#FB1F99B997900900
(0.681000) can0 266#F5070F320E006001
(0.683000) can0 25B#D38000056A869033
(0.685000) can0 1D5#290000000000605F
(0.687000) can0 719#1700000000000000
(0.689000) can0 266#F5070F320E006001
(0.693000) can0 242#55558600
(0.693000) can0 132#6E8F74002041
(0.696000) can0 2C3#0000C04B010040CB
(0.696000) can0 2C4#8708C390810C0007
(0.697000) can0 204#010000FF00000010
(0.698000) can0 264#3E000000A000
(0.698000) can0 224#0408004019011008
(0.699000) can0 2B4#4205590E7401
(0.701000) can0 3A4#0000000000000000
(0.701000) can0 3E8#0200000000000000
(0.702000) can0 677#0100000000000000
(0.703000) can0 712#0400000000000000
(0.704000) can0 132#758F74001641
(0.704000) can0 263#04000000A01C0000
(0.705000) can0 102#22B3480494FAA009
(0.706000) can0 129#362FEA5F0020FF3F
(0.707000) can0 118#EA61950000C814FF
(0.707000) can0 266#F5070F320E006001
(0.708000) can0 2D1#FF01
(0.711000) can0 39D#1F63F52700
(0.713000) can0 3AE#0A400008000061B4
(0.713000) can0 132#738F71001341
(0.715000) can0 243#00FCCFCC90440D29
(0.716000) can0 129#D320EA5F0020FF3F
(0.716000) can0 1D8#29B43F0000008075
(0.717000) can0 22B#FFFFFF1FF0FFFFFF
(0.718000) can0 266#F5070F320E006001
(0.721000) can0 272#080003E107B00304
(0.723000) can0 3C0#0200000000000000
(0.723000) can0 132#798F72001441
(0.726000) can0 2E1#1021040010000004
(0.726000) can0 1D8#29B43F000000A095
(0.727000) can0 1E5#286C04000000209E
(0.728000) can0 257#1DEA615602F03001
(0.728000) can0 3C8#0300000000000000
(0.729000) can0 744#AA
(0.734000) can0 261#31400A009949FA4D
(0.735000) can0 123#01000000003F0000
(0.736000) can0 2E5#000010320000DD00
(0.737000) can0 1E5#286C0400000040BE
(0.737000) can0 211#C11D710F1001
(0.738000) can0 118#0D64950000C834FF
(0.741000) can0 419#00
(0.741000) can0 3A3#1AC00000380DFC01
(0.742000) can0 677#0200000000000000
(0.743000) can0 788#BCD4B1830000B600
(0.743000) can0 132#768F71001841
(0.746000) can0 263#89E6D1AFAF4F5F1F
(0.746000) can0 1D8#29B43F000000E0D5
(0.747000) can0 266#F6070F320E006001
(0.748000) can0 3F9#0800000000000000
(0.749000) can0 261#CA291102805C02DA
(0.750000) can0 288#0106184C0060E136
(0.754000) can0 3AE#0A400008000071C4
(0.756000) can0 552#00000000000080D7
(0.758000) can0 186#6000000200981A25
(0.760000) can0 420#2801404B00000007
(0.762000) can0 7AA#C0EB8E3C00088C29
(0.764000) can0 1D5#290000000000605F
(0.766000) can0 401#1E2A7F957D958095
(0.771000) can0 1D8#29B63F0000002017
(0.773000) can0 286#E59E5A1931
(0.775000) can0 757#3200000000000000
(0.777000) can0 241#7574541D1D4500
(0.779000) can0 414#1000000000434956
(0.782000) can0 247#660EFF0D00C40100
(0.784000) can0 7D7#321F000000000000
(0.786000) can0 263#0300000000000000
(0.787000) can0 1E5#286C0400000060DE
(0.788000) can0 2F1#00DA248142801400
(0.788000) can0 2E1#0400000000202600
(0.789000) can0 39D#2165F52700
(0.792000) can0 242#55558600
(0.792000) can0 287#30323031DC020000
(0.793000) can0 1D5#290000000000C0BF
(0.796000) can0 2C3#555BA9B682C112AA
(0.796000) can0 1D8#29B63F0000008077
(0.797000) can0 261#0522E5C99A4230D7
(0.798000) can0 2E5#000010320000DD00
(0.799000) can0 212#5984130081FF7731
(0.800000) can0 312#E9214817408D0C00
(0.801000) can0 2C1#531A900000000000
(0.802000) can0 3E8#0300000000000000
(0.802000) can0 712#0500000000000000
(0.803000) can0 2E3#A0000015020B00
(0.804000) can0 132#728F6F001841
(0.804000) can0 263#04000000A01C0000
(0.805000) can0 102#22B3480494FAA009
(0.806000) can0 129#B029EB5F0020FF3F
(0.807000) can0 118#B36B950000C8D4FE
(0.807000) can0 257#09DE615602E83001
(0.808000) can0 2D1#FF01
(0.811000) can0 3E2#040000410FCF00
(0.813000) can0 3AE#0A400008000090E3
(0.814000) can0 132#728F70001941
(0.817000) can0 2E5#000010320000DD00
(0.817000) can0 7A8#01000000FFA1C812
(0.818000) can0 266#F6070F320E006101
(0.821000) can0 272#0380610000000000
(0.823000) can0 443#6E03FF030000
(0.825000) can0 132#798F6F000741
(0.827000) can0 2E5#000010320000DD00
(0.829000) can0 266#F6070F320E006101
(0.831000) can0 381#1540576E6E000001
(0.833000) can0 545#010000000010A0FB
(0.836000) can0 1D5#290000000000403F
(0.836000) can0 1D8#29B63F00000000F7
(0.837000) can0 2E1#398D2AFF0F000000
(0.839000) can0 118#C66E950000C8E4FE
(0.841000) can0 419#00
(0.841000) can0 3A3#14C00000380DFC01
(0.842000) can0 6A1#0000000000
(0.845000) can0 1D5#290000000000605F
(0.845000) can0 201#006E6E0000E4FF00
(0.846000) can0 129#EC2DEB5F0020FF3F
(0.847000) can0 1E5#286C04000000209E
(0.847000) can0 257#FBD0615602E83001
(0.852000) can0 288#0106184C0060F146
(0.852000) can0 2E1#026D66021C7E0000
(0.853000) can0 1D5#290000000000807F
(0.854000) can0 21D#0400B50000000000
(0.854000) can0 243#02FC930D05D50000
(0.856000) can0 41D#00
(0.857000) can0 195#000000000A002706
(0.857000) can0 229#460000
(0.858000) can0 118#8860950000C8B4FE
(0.859000) can0 2A8#010100000600A052
(0.860000) can0 54F#0000000000000000
(0.860000) can0 261#BB4C0A00004075BC
(0.861000) can0 422#700010000000
(0.862000) can0 3AA#0000000000000000
(0.865000) can0 1D5#290000000000A09F
(0.865000) can0 545#020002000000B0FE
(0.866000) can0 129#362FEA5F0020FF3F
(0.867000) can0 1E5#286C0400000060DE
(0.867000) can0 23E#00003AC002FFCF0A
(0.868000) can0 257#F4D1615602E03001
(0.870000) can0 1D6#02080000CA002008
(0.871000) can0 2E5#000010320000DD00
(0.871000) can0 397#E31F808218FC0700
(0.872000) can0 3AE#0A4000080000B104
(0.873000) can0 3DF#0000C00002D0001B
(0.873000) can0 428#20001010000010
(0.874000) can0 757#3200000000000000
(0.875000) can0 243#0300000028442500
(0.876000) can0 2E5#000010320000DD00
(0.876000) can0 113#019701
(0.877000) can0 261#D401D84B004084B2
(0.878000) can0 553#0000000000002078
(0.879000) can0 3C2#2955000000000000
(0.879000) can0 266#F6070F320E006101
(0.881000) can0 7D5#2C3F3F0000000000
(0.882000) can0 25B#D38000056A86B053
(0.882000) can0 383#A5182000E7F0A20A
(0.883000) can0 1D5#290000000000E0DF
(0.884000) can0 1FA#3AC001
(0.885000) can0 263#0300000000000000
(0.887000) can0 2E5#000010320000DD00
(0.887000) can0 2F1#015A250143801300
(0.890000) can0 423#00001000000000
(0.892000) can0 242#55558600
(0.892000) can0 261#0522E5C99A429037
(0.893000) can0 1D5#29000000000000FF
(0.896000) can0 2C3#0000C04B010040CB
(0.896000) can0 1D8#29B83F000000C0B9
(0.898000) can0 2C4#49D9052FA7A4A58A
(0.899000) can0 266#F6070F320E006101
(0.899000) can0 352#010013010E062904
(0.900000) can0 3F5#0000C838820C0000
(0.901000) can0 2C1#531A900000000000
(0.902000) can0 3E8#0400000000000000
(0.902000) can0 3A1#C1FFFF2B3D009077
(0.903000) can0 1D5#290000000000201F
(0.904000) can0 132#718F6B001041
(0.904000) can0 263#04000000A01C0000
(0.905000) can0 102#22B3480494FAA009
(0.906000) can0 129#6E23EB5F0020FF3F
(0.907000) can0 118#DE65950000C804FF
(0.907000) can0 23E#00003AC002FFDF1A
(0.909000) can0 2D1#FF01
(0.912000) can0 225#5555FA00
(0.912000) can0 122#01000000003F0000
(0.913000) can0 1D5#290000000000403F
(0.916000) can0 243#00FCCFCC90440D29
(0.916000) can0 1D8#29BA3F00000000FB
(0.917000) can0 22B#FFFFFF1FF0FFFFFF
(0.918000) can0 118#EF66950000C814FF
(0.921000) can0 272#080002D907B00304
(0.923000) can0 253#0064A6C66490B505
(0.923000) can0 132#758F6A001541
(0.926000) can0 228#0106184C0060B1A6
(0.926000) can0 1D8#29BA3F000000201B
(0.927000) can0 39A#95FFFDFDFD01000A
(0.928000) can0 22A#0000F916
(0.929000) can0 3C2#0055555500006A05
(0.932000) can0 545#010000000010D02B
(0.932000) can0 2E1#398D2AFF0F000000
(0.933000) can0 234#3320032EB904C09C
(0.934000) can0 2AA#573033
(0.934000) can0 123#01000000003F0000
(0.937000) can0 2E5#000010320000DD00
(0.937000) can0 381#1800000000000000
(0.938000) can0 266#F6070F320E006101
(0.941000) can0 419#00
(0.941000) can0 3A3#14C00000380DFC01
(0.942000) can0 677#0200000000000000
(0.943000) can0 788#0240C60700030000
(0.943000) can0 132#728F68000741
(0.946000) can0 263#89E6D1AFAF4F5F1F
(0.947000) can0 1D8#29BA3F000000605B
(0.948000) can0 23E#00003AC002FFEF2A
(0.949000) can0 2E1#026D66021C7E0000
(0.949000) can0 39D#2569F52700
(0.950000) can0 288#0106184C00600156
(0.953000) can0 3AE#0A4000080000D124
(0.953000) can0 75D#0500000000007E04
(0.954000) can0 31E#0000000000000000
(0.955000) can0 243#02FC930D05D50000
(0.955000) can0 41D#00
(0.956000) can0 2E5#000010320000DD00
(0.957000) can0 1A5#00101F10E5
(0.958000) can0 229#440100
(0.958000) can0 118#626A950000C884FE
(0.960000) can0 27A#AFB2FC00BC056202
(0.963000) can0 422#700010000000
(0.963000) can0 545#020002000000E02E
(0.964000) can0 3A2#60C5F2B51C00426F
(0.965000) can0 263#0200E0C60D373721
(0.965000) can0 343#00925C8E95000000
(0.966000) can0 1D8#29BC3F000000A09D
(0.967000) can0 1E5#286C04000000209E
(0.968000) can0 257#E1C6615602D83001
(0.968000) can0 2E5#000010320000DD00
(0.969000) can0 2C2#5563A80680C11AAA
(0.970000) can0 428#20001010000010
(0.971000) can0 397#E33F808218FC0700
(0.971000) can0 324#12F9A7D09E010000
(0.973000) can0 3CC#0321831A000E0900
(0.974000) can0 381#1900000000000000
(0.974000) can0 243#0300000028442500
(0.975000) can0 241#7474141D1D4500
(0.976000) can0 129#6F2AEB5F0020FF3F
(0.977000) can0 318#1A06300D10263BE9
(0.977000) can0 7F4#01
(0.978000) can0 3A8#00FF000000000000
(0.979000) can0 118#D46C950000C8F4FE
(0.980000) can0 266#F6070F320E006101
(0.980000) can0 7D5#3200000000000000
(0.981000) can0 2E1#0400000000202600
(0.984000) can0 25B#D38000056A86C063
(0.984000) can0 263#0300000000000000
(0.987000) can0 2E5#000010320000DD00
(0.988000) can0 22B#FFFFFF1FE0FFFFFF
(0.989000) can0 7AA#23B9F7130613001C
(0.992000) can0 242#55558600
(0.994000) can0 3E9#00880200000030A6
(0.994000) can0 2C3#555BA9B682C112AA
(0.995000) can0 243#04FC53F2AD7CFFFF
(0.996000) can0 292#28F2F7228B014E00
(0.996000) can0 1E5#286C04000000007E
(0.997000) can0 2D2#F22EB24E8813E822
(0.998000) can0 2E5#000010320000DD00
(0.999000) can0 266#F7070E310E006101
(0.999000) can0 360#0600000000000000
(1.000000) can0 3F5#0000C838820C0000
(1.001000) can0 3E8#0500000000000000
(1.010000) can0 400#00E0FBBEEFFB00
(1.015000) can0 225#5555FA00
(1.017000) can0 2E5#000010320000DD00
(1.019000) can0 7A8#BCCCB18300008200
(1.021000) can0 272#0380610000000000
(1.023000) can0 2C1#0400000000000000
(1.025000) can0 3FD#0000003C20000180
(1.032000) can0 1D5#290000000000A09F
(1.033000) can0 234#3320032EB904E0BC
(1.034000) can0 2AA#574043
(1.034000) can0 123#00001392D2000000
(1.035000) can0 43B#007F00FF00000000
(1.036000) can0 129#8A20EB5F0120FF3F
(1.037000) can0 1E5#286C04000000007E
(1.040000) can0 211#B410710F1001
(1.042000) can0 289#C80A850299003D0F
(1.044000) can0 281#1300FF1F0001
(1.046000) can0 2E1#026D66021C7E0000
(1.048000) can0 1D8#29C03F000000A0A1
(1.052000) can0 288#0106184C00601166
(1.054000) can0 261#BB4C0A000040357C
(1.055000) can0 25D#3741012A04F08803
(1.056000) can0 2E5#000010320000DD00
(1.056000) can0 195#000000000A002706
(1.057000) can0 1E5#286C0400000040BE
(1.058000) can0 27A#C1B30C01BC056202
(1.059000) can0 266#F7070E310E006101
(1.059000) can0 4E3#00AC010100002800
(1.062000) can0 2E1#FB1F94B997850900
(1.064000) can0 545#020003000000105F
(1.066000) can0 340#0500000000000000
(1.068000) can0 1D8#29C03F000000E0E1
(1.070000) can0 128#0000EC0A02
(1.072000) can0 428#20001010000010
(1.074000) can0 3FD#01000A0000080280
(1.081000) can0 2F3#07070B0400600002
(1.082000) can0 25B#D38000056A86D073
(1.082000) can0 383#A5182000F1F0A20A
(1.083000) can0 234#2FE103804300F465
(1.084000) can0 1FA#3AC001
(1.085000) can0 263#0300000000000000
(1.087000) can0 2E5#000010320000DD00
(1.087000) can0 22B#FFFFFF1FE0FFFFFF
(1.089000) can0 2F1#035A200143000100
(1.092000) can0 287#30323031DC020000
(1.092000) can0 2E1#65800800E851316A
(1.093000) can0 1D5#290000000000807F
(1.096000) can0 2C3#0000C04B010040CB
(1.096000) can0 1D8#29C03F0000004041
(1.097000) can0 264#3D000000A000
(1.098000) can0 3A2#0110200000000000
(1.098000) can0 212#5944130081FF7731
(1.099000) can0 292#28F2F7228B014D00
(1.100000) can0 360#0700000000000000
(1.101000) can0 3F5#0000C838830C0000
(1.101000) can0 3E8#0600000000000000
(1.103000) can0 3A1#C1FFFF213D00D0AD
(1.104000) can0 132#738F5A00E240
(1.104000) can0 263#04000000A01C0000
(1.105000) can0 102#22B3480494FAA009
(1.106000) can0 129#9F27EB5F0120FF3F
(1.107000) can0 1E5#286C0400000060DE
(1.107000) can0 23E#00003AC002FF2F6A
(1.108000) can0 2D1#FF01
(1.111000) can0 39D#296DF52700
(1.113000) can0 122#01000000003F0000
(1.113000) can0 132#738F5A00EA40
(1.116000) can0 243#00FCCFCC90440D29
(1.116000) can0 1D8#29C23F0000008083
(1.117000) can0 283#000000004000
(1.118000) can0 3AE#0A40000800002174
(1.119000) can0 266#F7070E310E006201
(1.122000) can0 2C1#0400000000000000
(1.124000) can0 3C0#0600000000000000
(1.124000) can0 3FD#02003E0000000090
(1.130000) can0 2E1#398D2AFF0F000000
(1.133000) can0 261#CA291102805C825A
(1.133000) can0 1D5#29000000000000FF
(1.134000) can0 2AA#575053
(1.135000) can0 243#01FC394638005C5C
(1.135000) can0 2E5#000010320000DD00
(1.136000) can0 1D8#29C23F000000C0C3
(1.137000) can0 22B#FFFFFF1FE0FFFFFF
(1.138000) can0 118#356C950000C854FF
(1.138000) can0 7AA#1522880C50081300
(1.140000) can0 419#00
(1.141000) can0 2C1#D0687E00008A0200
(1.141000) can0 3A3#12C00000380DFC01
(1.142000) can0 20E#130300
(1.143000) can0 709#1E00000000000000
(1.143000) can0 132#658F5800E440
(1.144000) can0 263#89E6D1AFAF4F5F1F
(1.145000) can0 407#160B000000000000
(1.146000) can0 2E5#000010320000DD00
(1.146000) can0 118#766D950000C894FF
(1.147000) can0 257#C2AF615602D03001
(1.148000) can0 3F9#0300000000000008
(1.151000) can0 39D#2A6EF52700
(1.153000) can0 381#03303D00C0200400
(1.153000) can0 132#778F5900E740
(1.155000) can0 21D#0400B50000000000
(1.156000) can0 45A#24C03EC15F2E4639
(1.156000) can0 186#4B040002007F1A25
(1.157000) can0 1A5#00101F20F5
(1.158000) can0 3AE#0A40000800003184
(1.158000) can0 118#B66E950000C8D4FE
(1.159000) can0 2A8#010100000600D082
(1.160000) can0 332#E91D77073815
(1.161000) can0 3F2#0830CAC9A018290D
(1.161000) can0 472#FF1CC221007FFF07
(1.162000) can0 492#2503FF0F280000
(1.163000) can0 545#0200040000004090
(1.164000) can0 24A#03
(1.164000) can0 320#0000000000000000
(1.165000) can0 263#0200E0C60D373721
(1.167000) can0 401#002A70956E956D95
(1.167000) can0 2E5#00000F320000DD00
(1.168000) can0 428#20001010000010
(1.169000) can0 126#1240381CCD
(1.169000) can0 268#1E0E9901FF
(1.170000) can0 2C2#5563A80680C11AAA
(1.171000) can0 441#4085890032003821
(1.172000) can0 238#9835F6301E0082CD
(1.172000) can0 757#3200000000000000
(1.173000) can0 1D5#290000000000807F
(1.176000) can0 243#0300000028442500
(1.176000) can0 1D8#29C23F0000004043
(1.177000) can0 318#1A06300D10263FED
(1.178000) can0 7FF#0800000100000000
(1.179000) can0 458#00002000000000
(1.180000) can0 7D5#2C3F3F0000000000
(1.181000) can0 261#0522E5C99A42B057
(1.184000) can0 25B#D38000056A86E083
(1.184000) can0 263#0300000000000000
(1.187000) can0 2E5#000010320000DD00
(1.187000) can0 22B#FFFFFF1FE0FFFFFF
(1.188000) can0 2F1#04DA1D0143000000
(1.189000) can0 381#0400000000000000
(1.192000) can0 287#30323031DC020000
(1.194000) can0 1D5#290000000000C0BF
(1.194000) can0 545#90045310998A59BD
(1.195000) can0 3A2#0110200000000000
(1.196000) can0 2C4#6C000100CAF50B00
(1.197000) can0 1E5#286C04000000007E
(1.198000) can0 118#DB62950000C804FF
(1.199000) can0 139#00
(1.199000) can0 2D2#F22EB24E8813E822
(1.200000) can0 360#0800000000000000
(1.201000) can0 3E8#0000000000000000
(1.202000) can0 42F#AB56FE02FA00FF
(1.202000) can0 3A1#C1FFFF1F3D00F0CB
(1.205000) can0 132#708F5800EF40
(1.205000) can0 102#22B3480494FAA009
(1.206000) can0 129#3021EB5F0020FF3F
(1.207000) can0 1E5#286C04000000209E
(1.207000) can0 2E5#000010320000DD00
(1.208000) can0 2D1#FF01
(1.212000) can0 225#5555FA00
(1.212000) can0 261#314053009149DA6E
(1.213000) can0 1D5#29000000000000FF
(1.216000) can0 243#00FCCFCC90440D29
(1.216000) can0 1D8#29C03F000000C0C1
(1.217000) can0 7A8#0240C007000F0000
(1.218000) can0 118#DD64950000C804FF
(1.218000) can0 441#EF00B6C358003D66
(1.219000) can0 272#0380610000000000
(1.222000) can0 301#170000004DE567BE
(1.224000) can0 718#01000000000000
(1.226000) can0 381#0500000000CE6408
(1.228000) can0 1D8#29C03F000000E0E1
(1.230000) can0 3C2#0055555500006A05
(1.234000) can0 2E8#01010000060000F2
(1.237000) can0 123#00001392D2000000
(1.238000) can0 118#AF66950000C8D4FF
(1.241000) can0 419#00
(1.241000) can0 3A3#14C00000380DFC01
(1.242000) can0 6A1#0000000000
(1.245000) can0 1D5#290000000000605F
(1.245000) can0 201#006E6E0000E4FF00
(1.246000) can0 129#FF25EB5F0020FF3F
(1.247000) can0 1E5#286C04000000209E
(1.247000) can0 393#080003C907B00304
(1.252000) can0 3FD#0000003C20000180
(1.254000) can0 288#0106184C00603186
(1.258000) can0 186#67050002009A1A25
(1.260000) can0 249#83050000
(1.263000) can0 261#D401E04B0040043A
(1.265000) can0 132#758F5D00F040
(1.267000) can0 207#0000000000000000
(1.269000) can0 23E#00003AC002FF6FAA
(1.271000) can0 279#33B4FC01BC056502
(1.273000) can0 285#61018E0308002E00
(1.273000) can0 132#758F5B00E240
(1.274000) can0 243#0300000028442500
(1.275000) can0 241#7474141D1D4500
(1.276000) can0 439#0000000000185A04
(1.276000) can0 1D8#29BE3F000000807F
(1.277000) can0 261#0522E5C99A4210B7
(1.278000) can0 52F#0006545F10198C40
(1.279000) can0 3AE#0A400008000071C4
(1.280000) can0 118#B26A950000C8D4FE
(1.281000) can0 458#00002000000000
(1.282000) can0 7D5#2C3F3F0000000000
(1.282000) can0 39B#0314DF80B00C5121
(1.283000) can0 7FF#09EF000010000000
(1.284000) can0 1D5#290000000000E0DF
(1.285000) can0 372#0265C03E0036C061
(1.285000) can0 263#0300000000000000
(1.286000) can0 43B#017F00FF00000000
(1.287000) can0 118#C36B950000C8E4FE
(1.288000) can0 22B#FFFFFF1FE0FFFFFF
(1.288000) can0 2E5#000010320000DD00
(1.291000) can0 287#30323031DC020000
(1.291000) can0 242#55558600
(1.293000) can0 261#00100A00FF4F207E
(1.293000) can0 132#738F5C00E640
(1.294000) can0 3A2#0110200000000000
(1.297000) can0 201#0200000000000000
(1.297000) can0 224#0408004019011008
(1.298000) can0 409#00
(1.299000) can0 266#F7070E310E006101
(1.299000) can0 2F2#1201
(1.300000) can0 381#0700000000000000
(1.301000) can0 2C1#531A900000000000
(1.302000) can0 3F5#0000C838820C0000
(1.302000) can0 3FD#01000A0000080280
(1.305000) can0 712#002A5A1210124012
(1.306000) can0 37A#CBE0010000000000
(1.306000) can0 118#956D950000C8B4FE
(1.308000) can0 257#BAA7615602D03001
(1.309000) can0 2D1#FF01
(1.309000) can0 39D#1E62F52700
(1.310000) can0 225#5555FA00
(1.313000) can0 122#01000000003F0000
(1.313000) can0 132#6B8F5E00F140
(1.316000) can0 243#00FCCFCC90440D29
(1.316000) can0 1D8#29BE3F00000000FF
(1.317000) can0 2E1#398D2AFF0F000000
(1.318000) can0 118#476E950000C864FF
(1.318000) can0 441#F000B6C35800052F
(1.319000) can0 272#080003E107B00304
(1.322000) can0 3F6#00050000B6340000
(1.322000) can0 3C0#0800000000000000
(1.323000) can0 1D5#290000000000605F
(1.325000) can0 401#082A779572956F95
(1.327000) can0 2E5#000010320000DD00
(1.327000) can0 257#BBA8615602D03001
(1.328000) can0 3A2#32A7FFFF04000000
(1.329000) can0 103#22B38804A2F02032
(1.334000) can0 2E1#026D66021C7F0000
(1.334000) can0 123#01000000003F0000
(1.335000) can0 719#0100040000000000
(1.336000) can0 2E5#000010320000DD00
(1.336000) can0 1E5#286C0400000040BE
(1.337000) can0 31A#200100000000B0EE
(1.338000) can0 266#F7070E310E006101
(1.341000) can0 419#00
(1.343000) can0 2F9#BCFB072800000000
(1.346000) can0 132#728F5D00F840
(1.348000) can0 1D8#29BE3F000000605F
(1.350000) can0 3F9#0500000000000000
(1.352000) can0 288#0106184C00604196
(1.354000) can0 3FD#02003E0000000090
(1.357000) can0 3A1#884C0FCA001422A3
(1.358000) can0 420#2801404B00000002
(1.359000) can0 118#9A62950000C8C4FE
(1.360000) can0 27A#C4B60C01BC056202
(1.360000) can0 3DD#063D3D0000780000
(1.361000) can0 2C1#216B186402000000
(1.362000) can0 1F9#0000000000000000
(1.363000) can0 3AA#0100000000000000
(1.363000) can0 77A#A104945CD05CAC5C
(1.365000) can0 401#0A2A759574957895
(1.366000) can0 78A#010000001C130B0D
(1.366000) can0 1D8#29C03F000000A0A1
(1.367000) can0 266#F7070E310E006101
(1.368000) can0 376#015656005D000000
(1.369000) can0 126#1140382CDC
(1.369000) can0 268#1E0E9901FF
(1.370000) can0 2C2#5563A80680C11AAA
(1.371000) can0 201#0128980000000000
(1.372000) can0 293#020C55905514AFA0
(1.372000) can0 3C3#5555550100000000
(1.373000) can0 261#0522E5C99A427017
(1.374000) can0 557#5A6E190002
(1.374000) can0 682#00000040041170A5
(1.376000) can0 357#0000000000000000
(1.377000) can0 2E5#000010320000DD00
(1.377000) can0 1E5#286C0400000040BE
(1.378000) can0 3AE#0A4000080000A0F3
(1.379000) can0 3A8#2A80E1F51F00FFDF
(1.380000) can0 118#1D64950000C844FF
(1.380000) can0 227#A80313004D000081
(1.381000) can0 757#48595B000040965C
(1.382000) can0 7D5#2C3F3F0000000000
(1.383000) can0 2E1#65800800E951316A
(1.383000) can0 7D7#321E000000000000
(1.384000) can0 234#2EE10380430054C4
(1.385000) can0 263#0300000000000000
(1.386000) can0 2E5#00000F320000DD00
(1.387000) can0 118#AD65950000C8D4FE
(1.388000) can0 2F1#065A238142000100
(1.389000) can0 3AE#0C4000080000B005
(1.389000) can0 287#30323031DC020000
(1.392000) can0 242#55558600
(1.392000) can0 545#900453909992B9A5
(1.393000) can0 1D5#290000000000403F
(1.396000) can0 2C3#555BA9B682C112AA
(1.396000) can0 1D8#29BE3F00000000FF
(1.397000) can0 264#3C000000A000
(1.398000) can0 2E5#00000F320000DD00
(1.398000) can0 252#624B067B00FC0F00
(1.399000) can0 409#00
(1.400000) can0 360#0A00000000000000
(1.401000) can0 2C1#531A900000000000
(1.411000) can0 400#00E0FBBEEFFB00
(1.414000) can0 2E1#398D2AFF0F000000
(1.414000) can0 243#00FCCFCC90440D29
(1.417000) can0 2E5#000010320000DD00
(1.420000) can0 118#C068950000C8E4FE
(1.424000) can0 724#000000
(1.428000) can0 228#0106184C006001F6
(1.432000) can0 3A2#32A7FFFF04000000
(1.436000) can0 304#0000000000000000
(1.443000) can0 1D8#29C03F0000008081
(1.444000) can0 132#6D8F5B00EA40
(1.445000) can0 263#89E6D1AFAF4F5F1F
(1.445000) can0 201#006E6E0000E4FF00
(1.446000) can0 129#1529F55F1120FF3F
(1.448000) can0 393#080003C907B00304
(1.452000) can0 288#0106184C006051A6
(1.452000) can0 261#D401E04B0040C4FA
(1.453000) can0 1D5#29000000000000FF
(1.454000) can0 21D#0400B50000000000
(1.454000) can0 243#02FC9B0D05D50000
(1.455000) can0 41D#00
(1.456000) can0 129#772AF55F0F20FF3F
(1.457000) can0 195#000000000A002706
(1.457000) can0 229#DD0600
(1.458000) can0 118#746C950000C894FE
(1.459000) can0 2A8#01010000060000B2
(1.460000) can0 4E3#0478800705600000
(1.460000) can0 54F#0000000000000000
(1.462000) can0 677#0000000000000000
(1.465000) can0 1D5#290000000000201F
(1.465000) can0 343#009268AE95000000
(1.466000) can0 129#2B2BF55F0E20FF3F
(1.467000) can0 118#856D950000C8A4FE
(1.467000) can0 266#F7070E310E006301
(1.468000) can0 108#CF06FE03FF811A25
(1.469000) can0 119#00000000
(1.470000) can0 268#1E0E9901FF
(1.470000) can0 39D#2266F52700
(1.471000) can0 397#F31F80811AFC0700
(1.472000) can0 3C3#0000000000A50000
(1.473000) can0 253#0164A6C66490B505
(1.473000) can0 132#6D8F5900EF40
(1.476000) can0 243#0300000028442500
(1.477000) can0 1D8#29C03F0000000001
(1.478000) can0 381#0C00000000000000
(1.479000) can0 3C2#2955000000000000
(1.479000) can0 266#F7070E310E006301
(1.480000) can0 247#650EFF0C00BE0100
(1.481000) can0 315#015556005F560000
(1.482000) can0 315#02000B1700000000
(1.482000) can0 315#6B2BD02640006005
(1.483000) can0 7D5#42F8007200002800
(1.484000) can0 383#A5182000F1F0A20A
(1.484000) can0 234#2EE10380430074E4
(1.485000) can0 401#102A839581958195
(1.486000) can0 263#0300000000000000
(1.487000) can0 3A7#0000000000000000
(1.488000) can0 1D8#29C03F0000002021
(1.489000) can0 266#F7070E310E006301
(1.490000) can0 3C5#0000000000000000
(1.491000) can0 287#30323031DC020000
(1.491000) can0 368#0000000000000000
(1.492000) can0 7D5#449A505E5D440042
(1.493000) can0 5F3#BEF520
(1.493000) can0 7D5#486D830000809B5C
(1.494000) can0 3A2#0110200000000000
(1.495000) can0 2C3#0000C04B010040CB
(1.496000) can0 252#624B077B00FC0F00
(1.496000) can0 129#192EF55F0820FF3F
(1.497000) can0 204#010000FF00000010
(1.498000) can0 2D2#F22EB24E8813E822
(1.499000) can0 118#0960950000C834FF
(1.500000) can0 3F5#0000C838820C0000
(1.501000) can0 261#314029009849FA6B
(1.502000) can0 677#0100000000000000
(1.512000) can0 303#170000000E6F850D
(1.516000) can0 122#01000000003F0000
(1.518000) can0 1D8#29C23F0000008083
(1.520000) can0 441#F200B6C358001541
(1.522000) can0 2C1#0400000000000000
(1.524000) can0 3C0#0A00000000000000
(1.526000) can0 2E1#026D66021C7E0000
(1.528000) can0 3FD#0000003C20000180
(1.532000) can0 1D8#29C23F000000A0A3
(1.533000) can0 1D5#29000000000000FF
(1.535000) can0 2AA#579093
(1.535000) can0 7B5#030000
(1.536000) can0 2E5#00000F320000DD00
(1.537000) can0 221#610555550107609B
(1.537000) can0 31A#200100000000C0FE
(1.538000) can0 6D4#15010A327CB4F866
(1.539000) can0 118#BC64950000C8E4FE
(1.540000) can0 384#0000000000000000
(1.540000) can0 289#C80C864286003D0F
(1.541000) can0 2F9#BCFB070800000000
(1.542000) can0 677#0200000000000000
(1.543000) can0 281#1000FF1F0001
(1.543000) can0 132#6A8F5100E640
(1.546000) can0 263#89E6D1AFAF4F5F1F
(1.547000) can0 1D8#29C43F000000E0E5
(1.548000) can0 23E#00003AC002FFDF1A
(1.549000) can0 381#0E00000000E0FF00
(1.549000) can0 39D#2468F52700
(1.550000) can0 288#0106184C006061B6
(1.553000) can0 3A1#884C0FCA001862E7
(1.553000) can0 75D#0100000000000080
(1.554000) can0 21D#0400B50000000000
(1.555000) can0 25D#3741012A04F08803
(1.555000) can0 45A#24C03EC15F2E4639
(1.556000) can0 186#4008000200701A25
(1.557000) can0 1A5#00101F4015
(1.558000) can0 27A#B5B8FC00BC056202
(1.558000) can0 118#AE66950000C8D4FE
(1.560000) can0 2E1#0400000000202600
(1.561000) can0 2C1#216B186402000000
(1.561000) can0 1F9#0000000000000000
(1.564000) can0 1D5#290000000000605F
(1.564000) can0 401#142A7E957E957E95
(1.565000) can0 2B3#018B807C78827D74
(1.566000) can0 2E5#00000F320000DD00
(1.566000) can0 118#6F67950000C894FE
(1.567000) can0 428#20001010000010
(1.568000) can0 108#1A37FE1BFF831A25
(1.569000) can0 128#0000EC0A02
(1.569000) can0 279#36B7FC01BC056502
(1.570000) can0 395#090F115E0C05047D
(1.571000) can0 201#0128980000000000
(1.573000) can0 3AE#0D40000800002177
(1.573000) can0 132#6C8F5200DA40
(1.576000) can0 243#0300000028442500
(1.576000) can0 1D8#29C63F0000004047
(1.577000) can0 3FD#01000A0000080280
(1.583000) can0 318#1A06310D102627D6
(1.584000) can0 372#0700000000000000
(1.584000) can0 381#EFFFFFCD0300A609
(1.587000) can0 2E5#00000F320000DD00
(1.587000) can0 22B#FFFFFF1FE0FFFFFF
(1.588000) can0 23E#00003AC002FFEF2A
(1.589000) can0 287#30323031DC020000
(1.592000) can0 545#E00458B09995197D
(1.594000) can0 1D5#290000000000C0BF
(1.595000) can0 2C3#555BA9B682C112AA
(1.596000) can0 292#28F2F7228B014800
(1.597000) can0 1E5#286C04000000007E
(1.597000) can0 2C4#1400000000000000
(1.598000) can0 2E5#00000F320000DD00
(1.599000) can0 266#F8070E310D006401
(1.600000) can0 360#0100000000000000
(1.600000) can0 712#0300000000000000
(1.601000) can0 3E8#0400000000000000
(1.604000) can0 38D#5647AAAAAA244902
(1.604000) can0 2E1#398D2AFF0F000000
(1.607000) can0 102#22B3480494FAA009
(1.607000) can0 257#7176615602B83001
(1.608000) can0 2D1#FF01
(1.612000) can0 225#5555FA00
(1.612000) can0 261#CA291102805C623A
(1.613000) can0 1D5#29000000000000FF
(1.616000) can0 243#00FCCFCC90440D29
(1.616000) can0 1D8#29C83F000000C0C9
(1.619000) can0 3AE#0D40000800004096
(1.621000) can0 272#0380610000000000
(1.623000) can0 2E1#026D66021C7E0000
(1.625000) can0 31F#794C7E4A7E4B7E4B
(1.627000) can0 2B3#424C0000905E3D00
(1.629000) can0 3FD#02003E0000000090
(1.633000) can0 282#8C30C20814040324
(1.635000) can0 1F8#3A000000
(1.636000) can0 129#D52CF15FF81FFF3F
(1.637000) can0 1E5#286C04000000007E
(1.638000) can0 211#BA16710F1001
(1.641000) can0 289#C80C8682A1003D0F
(1.641000) can0 3A3#12C00000380DFC01
(1.642000) can0 20E#100000
(1.643000) can0 1D5#290000000000605F
(1.643000) can0 132#5A8F4600C240
(1.644000) can0 261#D401E04B004084BA
(1.645000) can0 6A2#0000000000
(1.646000) can0 2E5#00000F320000DD00
(1.646000) can0 118#976F950000C8B4FE
(1.647000) can0 257#7378615602B83001
(1.648000) can0 3F9#0800000000000000
(1.651000) can0 288#0106184C006071C6
(1.653000) can0 22B#FFFFFF3FE0FFFFFF
(1.654000) can0 1D5#290000000000807F
(1.655000) can0 25D#3741012A04F08803
(1.656000) can0 45A#24C03EC15F2E4639
(1.656000) can0 186#2B090002005A1A25
(1.657000) can0 1E5#286C0400000040BE
(1.658000) can0 420#2801404B00008003
(1.659000) can0 266#F9070E310D006401
(1.659000) can0 396#091E1E52555E0E7D
(1.660000) can0 545#0200050000003081
(1.661000) can0 2C1#216B186402000000
(1.662000) can0 1F9#0000000000000000
(1.664000) can0 1D5#290000000000A09F
(1.664000) can0 340#0B40000000000000
(1.667000) can0 2E5#00000F320000DD00
(1.668000) can0 257#6C79615602B03001
(1.669000) can0 1D6#02080000CA002008
(1.670000) can0 279#37B8FC01BC056502
(1.670000) can0 395#090F125E0C05047D
(1.671000) can0 3C3#0000000000A50000
(1.672000) can0 3E3#04000000
(1.672000) can0 757#2C3F3E0000000000
(1.673000) can0 132#548F4100C840
(1.676000) can0 243#0300000028442500
(1.678000) can0 1E5#286C04000000007E
(1.680000) can0 3AE#08400008000070C1
(1.682000) can0 247#640EFF0C00B80100
(1.684000) can0 383#A5182000F1F0A20A
(1.686000) can0 2E1#1021040010000004
(1.689000) can0 118#FC63950000C824FF
(1.692000) can0 545#90044E9099924930
(1.692000) can0 261#314032009D49BA39
(1.693000) can0 132#528F4400C340
(1.696000) can0 2C3#0000C04B010040CB
(1.696000) can0 1D8#29CC3F000000C0CD
(1.697000) can0 2C4#550001081000FF00
(1.698000) can0 2F2#1201
(1.698000) can0 264#3D000000A000
(1.699000) can0 2A4#3870410C98608661
(1.700000) can0 360#0200000000000000
(1.701000) can0 2C1#531A900000000000
(1.701000) can0 3E8#0500000000000000
(1.702000) can0 22B#FFFFFF3FE0FFFFFF
(1.703000) can0 3A1#C1FFFF3B3D009087
(1.704000) can0 132#5A8F4300C140
(1.705000) can0 102#22B3480494FAA009
(1.706000) can0 129#8D23E75FE91FFF3F
(1.707000) can0 1E5#286C0400000060DE
(1.707000) can0 257#5E6B615602B03001
(1.708000) can0 2D1#FF01
(1.709000) can0 261#CA291102805CC29A
(1.712000) can0 3E2#040000410FCF00
(1.712000) can0 122#01000000003F0000
(1.713000) can0 1D5#290000000000403F
(1.716000) can0 243#00FCCFCC90440D29
(1.716000) can0 1D8#29CE3F000000000F
(1.717000) can0 7A8#01000000FFA1C812
(1.718000) can0 118#3F66950000C864FF
(1.719000) can0 272#080003E107B00304
(1.720000) can0 2C1#0400000000000000
(1.721000) can0 2BF#00000000000001
(1.724000) can0 545#01000000001050AB
(1.724000) can0 261#BB4C0A000040D51C
(1.727000) can0 2E5#00000F320000DD00
(1.727000) can0 1E5#286C04000000209E
(1.728000) can0 266#F9070E310D006401
(1.729000) can0 103#22B38804A2F02032
(1.729000) can0 744#AA
(1.734000) can0 2E1#FB1F9AC9978F0900
(1.734000) can0 123#01000000003F0000
(1.735000) can0 719#1619002677010000
(1.736000) can0 2E5#00000F320000DD00
(1.737000) can0 1E5#286C0400000040BE
(1.738000) can0 266#F9070E310D006401
(1.741000) can0 419#00
(1.741000) can0 2F9#BCFB071800000000
(1.742000) can0 677#0200000000000000
(1.743000) can0 788#01000000FFA1D812
(1.743000) can0 132#698F3D00B140
(1.746000) can0 263#89E6D1AFAF4F5F1F
(1.746000) can0 1D8#29D03F0000006071
(1.747000) can0 266#F9070E310D006401
(1.748000) can0 4E2#65018E13022F0000
(1.748000) can0 2E1#0400000000202600
(1.749000) can0 39D#296DF52700
(1.750000) can0 288#0106184C006081D6
(1.753000) can0 3AE#044000080000B1FE
(1.755000) can0 75D#5242AE000000C049
(1.759000) can0 261#0522E5C99A42F097
(1.761000) can0 2A8#01010000060030E2
(1.763000) can0 422#700010000000
(1.765000) can0 78A#01000400CE06A100
(1.767000) can0 340#0000000000000000
(1.769000) can0 257#616E615602B03001
(1.772000) can0 268#1D0E9901FF
(1.773000) can0 1D5#29000000000000FF
(1.774000) can0 132#638F3900A440
(1.774000) can0 243#0300000028442500
(1.775000) can0 241#7374D41C1D4500
(1.776000) can0 129#1C2AE55FF31FFF3F
(1.777000) can0 405#113345374542334B
(1.778000) can0 318#1A06310D10262BDA
(1.779000) can0 7F4#01
(1.779000) can0 266#FA070E310D006501
(1.780000) can0 7D5#2B6CD00000000000
(1.781000) can0 7D5#2C3F3F0000000000
(1.782000) can0 677#0300000000000000
(1.782000) can0 25B#D38000056A8640E3
(1.783000) can0 234#2FE103804300D445
(1.784000) can0 401#1F2A71955D957495
(1.785000) can0 263#0300000000000000
(1.785000) can0 719#1700000000000000
(1.786000) can0 1D8#29D23F000000E0F3
(1.787000) can0 1E5#286C0400000060DE
(1.788000) can0 2F1#0AB1010000000000
(1.789000) can0 261#3140040097491A65
(1.792000) can0 242#55558600
(1.794000) can0 1D5#290000000000403F
(1.794000) can0 2C3#555BA9B682C112AA
(1.795000) can0 243#04FC53F2AD7CFFFF
(1.796000) can0 292#28F2F7228B014300
(1.796000) can0 1E5#286C04000000007E
(1.797000) can0 2D2#F22EB24E8813E822
(1.798000) can0 118#E76E950000C804FF
(1.799000) can0 2E5#00000F320000DD00
(1.799000) can0 312#E9214817408D0C00
(1.800000) can0 3F5#0000C838820C0000
(1.801000) can0 381#1560576E6E000001
(1.802000) can0 22B#FFFFFF3FE0FFFFFF
(1.803000) can0 3A1#C1FFFF333D00B09F
(1.804000) can0 401#2000000000000000
(1.805000) can0 2B3#05000000D3808000
(1.805000) can0 2E5#00000F320000DD00
(1.806000) can0 1D8#29D43F0000002035
(1.807000) can0 266#FA070E310D006501
(1.810000) can0 2D1#FF01
(1.810000) can0 225#5555FA00
(1.813000) can0 2E1#026D66021C7E0000
(1.813000) can0 132#4F8F2F009540
(1.816000) can0 243#00FCCFCC90440D29
(1.816000) can0 1D8#29D43F0000004055
(1.817000) can0 7A8#0240C007000F0000
(1.818000) can0 118#C860950000C8F4FE
(1.821000) can0 272#0380610000000000
(1.824000) can0 677#0400000000000000
(1.826000) can0 285#02A800000000B200
(1.828000) can0 1D8#29D63F0000006077
(1.830000) can0 22A#0000F916
(1.834000) can0 2E8#0101000006006052
(1.836000) can0 123#00001392D2000000
(1.836000) can0 1D8#29D63F0000008097
(1.837000) can0 261#D401E04B0040447A
(1.838000) can0 118#9A62950000C8C4FE
(1.838000) can0 7AA#015B0E590E01002E
(1.841000) can0 419#00
(1.841000) can0 3A3#14C00000380DFC01
(1.842000) can0 20E#120200
(1.843000) can0 1D5#290000000000E0DF
(1.844000) can0 132#5F8F2F00A140
(1.845000) can0 6A2#0000000000
(1.846000) can0 2E5#00000F320000DD00
(1.846000) can0 118#6C63950000C894FF
(1.847000) can0 266#FA070E310D006501
(1.848000) can0 3F9#0100000000000000
(1.851000) can0 288#0106184C006091E6
(1.853000) can0 22B#FFFFFF3FE0FFFFFF
(1.853000) can0 41D#00
(1.854000) can0 21D#0400B50000000000
(1.855000) can0 243#02FC930D05D50000
(1.855000) can0 45A#24C03EC15F2E4639
(1.856000) can0 129#7222E55F0020FF3F
(1.857000) can0 1D8#29D63F000000C0D7
(1.858000) can0 229#F60A00
(1.859000) can0 249#E8010000
(1.860000) can0 545#02000400000090E0
(1.861000) can0 2C1#216B186402000000
(1.861000) can0 422#700010000000
(1.862000) can0 3AA#0000000000000000
(1.863000) can0 1D5#290000000000201F
(1.863000) can0 78A#010005009D0D0A00
(1.864000) can0 340#0100000000000000
(1.865000) can0 2B3#06C04BEFE67DF0E1
(1.866000) can0 2E5#00000F320000DD00
(1.866000) can0 118#9D65950000C8C4FE
(1.867000) can0 266#FA070E310D006501
(1.868000) can0 23E#00003AC002FF5F9A
(1.869000) can0 119#00000000
(1.869000) can0 279#39BAFC01BC056502
(1.871000) can0 395#090F115E0C05047D
(1.872000) can0 262#0B00A9B300B09010
(1.872000) can0 381#1700000000000000
(1.875000) can0 132#5C8F2D009740
(1.875000) can0 241#7574541D1D4500
(1.876000) can0 129#E324E55F0020FF3F
(1.877000) can0 1E5#286C04000000007E
(1.877000) can0 458#00002000000000
(1.878000) can0 2E2#0100002D020B0000
(1.879000) can0 118#3E66950000C864FE
(1.880000) can0 3C2#2955000000000000
(1.880000) can0 70A#C0DB013120
(1.881000) can0 247#630EFF0C00B40100
(1.882000) can0 25B#D38000056A8650F3
(1.883000) can0 7D7#321D000000000000
(1.884000) can0 1FA#3AC001
(1.885000) can0 719#0100040000000000
(1.886000) can0 2E5#00000F320000DD00
(1.886000) can0 118#5067950000C874FF
(1.887000) can0 266#FB070E310D006401
(1.888000) can0 2F1#2B8F008600000000
(1.889000) can0 423#00001000000000
(1.893000) can0 242#55558600
(1.893000) can0 132#4D8F2E00A040
(1.896000) can0 2C3#0000C04B010040CB
(1.896000) can0 1D8#29D83F0000004059
(1.897000) can0 264#3C000000A000
(1.898000) can0 224#0408004019011008
(1.899000) can0 2B4#4205560E6E01
(1.900000) can0 782#30A840CB21385707
(1.901000) can0 2C1#531A900000000000
(1.904000) can0 22B#FFFFFF3FE0FFFFFF
(1.904000) can0 263#04000000A01C0000
(1.907000) can0 102#22B3480494FAA009
(1.907000) can0 257#4055615602A83001
(1.908000) can0 7AA#3208D7F731062100
(1.909000) can0 2E1#026D66021C7E0000
(1.909000) can0 39D#1D61F52700
(1.910000) can0 225#5555FA00
(1.913000) can0 122#01000000003F0000
(1.913000) can0 132#568F28008940
(1.916000) can0 243#00FCCFCC90440D29
(1.916000) can0 1D8#29DA3F000000809B
(1.918000) can0 7A8#BCCCB18300008200
(1.921000) can0 272#080002D907B00304
(1.921000) can0 545#010000000010B00B
(1.922000) can0 253#0064A6C66490B505
(1.923000) can0 3C0#0300000000000000
(1.923000) can0 132#4E8F28007F40
(1.924000) can0 2E1#FB1F98C9978C0900
(1.925000) can0 2B3#07C0719E00000000
(1.926000) can0 2E5#00000F320000DD00
(1.926000) can0 118#D36B950000C8F4FE
(1.927000) can0 257#4156615602A83001
(1.928000) can0 3C2#0055555500006A05
(1.929000) can0 103#22B38804A2F02032
(1.932000) can0 285#2445605872000000
(1.933000) can0 261#D401E04B0040A4DA
(1.934000) can0 2AA#57D0D3
(1.934000) can0 123#01000000003F0000
(1.937000) can0 2E5#00000F320000DD00
(1.937000) can0 211#BD19710F1001
(1.938000) can0 118#656C950000C884FF
(1.941000) can0 2E1#0400000000202600
(1.941000) can0 2F9#BCFB072800000000
(1.942000) can0 677#0200000000000000
(1.943000) can0 788#BCD4B1830000B600
(1.943000) can0 132#578F27008040
(1.944000) can0 381#1900000000000000
(1.947000) can0 201#006E6E0000E4FF00
(1.947000) can0 257#4257615602A83001
(1.949000) can0 23E#00003AC002FF7FBA
(1.952000) can0 288#0106184C0060A1F6
(1.952000) can0 3A1#884C0FCA0014E263
(1.953000) can0 1D5#290000000000403F
(1.954000) can0 31E#0000000000000000
(1.954000) can0 21D#0400B50000000000
(1.955000) can0 339#02F1FE008007800F
(1.956000) can0 129#F52CE55F0020FF3F
(1.957000) can0 1A5#00101F6035
(1.957000) can0 229#8C0B00
(1.958000) can0 249#D3030000
(1.959000) can0 27A#CABC0C01BC056202
(1.960000) can0 396#091E1E52525C0E7D
(1.960000) can0 4E3#0200000000002800
(1.961000) can0 75D#0300800000000000
(1.963000) can0 3AE#034000080000115D
(1.963000) can0 132#548F2C008740
(1.966000) can0 340#0200000000000000
(1.966000) can0 1D8#29DC3F000000203D
(1.967000) can0 266#FB070E310D006401
(1.968000) can0 428#20001010000010
(1.968000) can0 2C2#5563A80680C11AAA
(1.969000) can0 279#3ABBFC01BC056502
(1.970000) can0 397#F33F00811AFE0700
(1.971000) can0 201#0118980000000000
(1.971000) can0 3C3#5555550100000000
(1.972000) can0 5F3#BEF520
(1.973000) can0 1D5#290000000000807F
(1.974000) can0 132#588F27008240
(1.975000) can0 243#0300000028442500
(1.976000) can0 129#382EE55F0020FF3F
(1.977000) can0 113#019701
(1.977000) can0 458#00002000000000
(1.978000) can0 7FF#0720000528000000
(1.979000) can0 266#FB070E310D006401
(1.980000) can0 7D5#3200000000000000
(1.980000) can0 247#620EFF0B00B40100
(1.981000) can0 381#1A00000000000000
(1.982000) can0 3E9#F0880221000040C7
(1.982000) can0 383#A5182000F1F0A20A
(1.983000) can0 1D5#290000000000A09F
(1.984000) can0 3E9#00880200000050C6
(1.985000) can0 2B3#08FA0000D6780000
(1.986000) can0 2E5#00000F320000DD00
(1.987000) can0 266#FC070E310D006401
(1.988000) can0 2F1#0C05021019000000
(1.988000) can0 545#E00458A09993D92B
(1.989000) can0 7AA#23DAF7340610001C
(1.992000) can0 242#55558600
(1.994000) can0 1D5#290000000000C0BF
(1.994000) can0 2C3#555BA9B682C112AA
(1.995000) can0 243#04FC53F2AD7CFFFF
(1.996000) can0 292#28F2F7228B013C00
(1.996000) can0 1E5#286C04000000007E
(1.997000) can0 264#3D000000A000
(1.998000) can0 118#7A62950000C8A4FE
(1.999000) can0 2B4#3F05540E7501
(2.000000) can0 360#0500040000000000
(2.003000) can0 400#00E0FBBEEFFB00
(2.004000) can0 132#488F1B007340
(2.008000) can0 1D8#29E03F000000A0C1
(2.010000) can0 2EC#571055
(2.012000) can0 225#5555FA00
(2.014000) can0 261#BB4C0A000040F53C
(2.016000) can0 243#00FCCFCC90440D29
(2.018000) can0 1E5#286C0400000040BE
(2.021000) can0 441#F200B6C358003D69
(2.022000) can0 04F#430A9B43C1741712
(2.023000) can0 3FD#0000003C20000180
(2.025000) can0 3AE#034000080000307C
(2.025000) can0 2E5#00000F320000DD00
(2.026000) can0 1D8#29E03F000000E001
(2.029000) can0 1E5#286C0400000060DE
(2.031000) can0 3C8#0200000000000000
(2.033000) can0 2E8#0101000006008072
(2.035000) can0 1F8#3A000000
(2.037000) can0 43B#007F00FF00000000
(2.039000) can0 211#BE1A710F1001
(2.041000) can0 419#00
(2.043000) can0 3A3#10C00000380DFC01
(2.045000) can0 132#438F17006240
(2.046000) can0 129#0025E45F0020FF3F
(2.047000) can0 1E5#286C04000000209E
(2.047000) can0 393#080002C907B00304
(2.052000) can0 288#0106184C0060B106
(2.054000) can0 2E1#65800800E951316A
(2.057000) can0 3A2#6045F3B61C00426F
(2.059000) can0 1E5#286C0400000040BE
(2.061000) can0 396#091E1D52535C0E7D
(2.063000) can0 422#700010000000
(2.065000) can0 132#438F17006640
(2.066000) can0 129#CD27E45F0020FF3F
(2.067000) can0 266#FC070E310D006401
(2.067000) can0 108#5D2CFF93FF581A25
(2.068000) can0 128#0000EC0A02
(2.069000) can0 119#00000000
(2.070000) can0 39D#2165F52700
(2.070000) can0 395#090F125E0C05047D
(2.071000) can0 273#81E13000C8021011
(2.072000) can0 3E3#04000000
(2.072000) can0 757#3200000000000000
(2.074000) can0 3FD#01000A0000080280
(2.076000) can0 132#5A8F16006040
(2.077000) can0 261#3140EBFF97493A6B
(2.078000) can0 458#00002000000000
(2.078000) can0 7FF#0800000100000000
(2.079000) can0 266#FC070E310D006401
(2.080000) can0 7D5#2B78D00000000000
(2.081000) can0 227#890310004D000081
(2.081000) can0 7D7#321D000000000000
(2.082000) can0 3AE#034000080000519D
(2.085000) can0 1D5#290000000000E0DF
(2.085000) can0 545#E0045360998B090E
(2.086000) can0 118#736B950000C894FE
(2.087000) can0 266#FD070E310D006401
(2.088000) can0 287#30323031DC020000
(2.093000) can0 242#55558600
(2.093000) can0 132#498F11005440
(2.096000) can0 2C3#0000C04B010040CB
(2.096000) can0 1D8#29E63F000000C0E7
(2.097000) can0 264#3E000000A000
(2.098000) can0 118#056C950000C824FF
(2.098000) can0 2D2#F22EB24E8813E822
(2.099000) can0 139#00
(2.100000) can0 3F5#0000C838830C0000
(2.101000) can0 2C1#531A900000000000
(2.103000) can0 400#00E0FBBEEFFB00
(2.105000) can0 132#468F0D004440
(2.105000) can0 102#22B3480494FAA009
(2.106000) can0 129#082BE45FFF1FFF3F
(2.108000) can0 266#FD070E310D006401
(2.108000) can0 261#BB4C0A000040559C
(2.109000) can0 39D#2266F52700
(2.112000) can0 225#5555FA00
(2.112000) can0 122#01000000003F0000
(2.113000) can0 1D5#290000000000403F
(2.116000) can0 243#00FCCFCC90440D29
(2.116000) can0 1E5#286C04000000007E
(2.117000) can0 6C8#0100000000000000
(2.118000) can0 266#FD070E310D006401
(2.118000) can0 545#010000000010106B
(2.119000) can0 272#080003E107B00304
(2.122000) can0 2C1#0400000000000000
(2.122000) can0 3C0#0500010000000000
(2.124000) can0 132#508F0F005740
(2.125000) can0 228#0106184C00607166
(2.125000) can0 2E5#00000F320000DD00
(2.126000) can0 118#386F950000C854FF
(2.127000) can0 1E5#286C04000000209E
(2.128000) can0 39A#95FFFDFDFD01000A
(2.128000) can0 3FD#02003E0000000090
(2.130000) can0 3C8#0300000000000000
(2.133000) can0 2E1#0400000000202600
(2.133000) can0 1F8#3A000000
(2.134000) can0 2AA#57F0F3
(2.135000) can0 243#01FC394638005C5C
(2.135000) can0 2E5#00000F320000DD00
(2.136000) can0 1D8#29E83F0000004069
(2.137000) can0 31A#200100000000F02E
(2.138000) can0 118#F960950000C824FF
(2.141000) can0 289#C80A86C294003D0F
(2.141000) can0 2F9#BCFB070800000000
(2.142000) can0 677#0200000000000000
(2.143000) can0 788#0240C50700030000
(2.143000) can0 132#438F14005740
(2.146000) can0 263#89E6D1AFAF4F5F1F
(2.146000) can0 118#7961950000C8A4FE
(2.147000) can0 393#0380610000000000
(2.148000) can0 3F9#0400000000000000
(2.148000) can0 2E1#65800800E951316A
(2.151000) can0 39D#2367F52700
(2.151000) can0 545#020003000000206F
(2.154000) can0 3A2#600573B31C00426F
(2.155000) can0 552#00000000000060B7
(2.156000) can0 2E5#00000F320000DD00
(2.157000) can0 1D8#29E83F00000080A9
(2.157000) can0 1E5#286C04000000007E
(2.158000) can0 229#2F0D00
(2.159000) can0 266#FD070E310D006401
(2.159000) can0 2A8#0101000006007022
(2.160000) can0 396#091E1E52535C0E7D
(2.161000) can0 2C1#216B186402000000
(2.162000) can0 207#0000000000000000
(2.162000) can0 452#3DF803
(2.163000) can0 1D5#290000000000E0DF
(2.164000) can0 4E3#0476808705600000
(2.165000) can0 320#0000000000000000
(2.166000) can0 2B3#0B43FEFEFF01A014
(2.167000) can0 1D8#29EA3F000000A0CB
(2.168000) can0 108#C15DFFBBFF631A25
(2.168000) can0 257#0D32615602983001
(2.169000) can0 1D6#02080000CA002008
(2.170000) can0 2C2#5563A80680C11AAA
(2.171000) can0 428#20001010000010
(2.171000) can0 238#9835F6301E00A2ED
(2.172000) can0 3C3#5555550100000000
(2.173000) can0 757#2C3F3E0000000000
(2.174000) can0 78A#01000100AC5C785D
(2.174000) can0 243#0300000028442500
(2.175000) can0 241#7474141D1D4500
(2.176000) can0 129#6322E25FFB1FFF3F
(2.177000) can0 113#019701
(2.178000) can0 3AE#00400008000091DA
(2.179000) can0 3C2#2955000000000000
(2.179000) can0 7D5#2C3F3F0000000000
(2.180000) can0 227#85030F004D000081
(2.181000) can0 2E1#398D2AFF0F000000
(2.184000) can0 25B#D38000056A868023
(2.184000) can0 1FA#3AC001
(2.185000) can0 719#140000000000B500
(2.186000) can0 2E5#00000F320000DD00
(2.186000) can0 1D8#29EA3F000000E00B
(2.187000) can0 1E5#286C0400000060DE
(2.188000) can0 2F1#2E014021DC012804
(2.189000) can0 3AE#004000080000A0E9
(2.189000) can0 39D#2468F52700
(2.191000) can0 242#55558600
(2.192000) can0 379#080000000B000C03
(2.194000) can0 1D5#290000000000403F
(2.194000) can0 2C3#555BA9B682C112AA
(2.195000) can0 2C4#010001D200000000
(2.196000) can0 204#010000FF00000010
(2.196000) can0 1E5#286C04000000007E
(2.197000) can0 252#634B087B00FC0F00
(2.198000) can0 266#FD070E310D006501
(2.199000) can0 2B4#4005550E7901
(2.199000) can0 2F2#1201
(2.200000) can0 381#0500000000CE6408
(2.201000) can0 2C1#531A900000000000
(2.202000) can0 42E#00E0BFFFFEEFBFFF
(2.203000) can0 3A1#C1FFFF1F3D00300B
(2.204000) can0 401#022A4C9550953A95
(2.205000) can0 263#04000000A01C0000
(2.205000) can0 102#22B3480494FAA009
(2.206000) can0 118#6067950000C884FF
(2.207000) can0 266#FD070E310D006501
(2.208000) can0 257#0F34615602983001
(2.208000) can0 2EC#573075
(2.211000) can0 225#5555FA00
(2.213000) can0 2E1#FB1F95B9978A0900
(2.213000) can0 132#418F0B003F40
(2.216000) can0 243#00FCCFCC90440D29
(2.216000) can0 1E5#286C0400000040BE
(2.217000) can0 118#F268950000C81400
(2.218000) can0 266#FD070E310D006501
(2.221000) can0 3A2#32A7FFFF04000000
(2.223000) can0 453#00000000
(2.225000) can0 132#468F05004340
(2.227000) can0 2E5#00000F320000DD00
(2.229000) can0 1E5#286C0400000060DE
(2.231000) can0 40A#091000000000B0D7
(2.233000) can0 381#0600000000000000
(2.236000) can0 1F8#3A000000
(2.237000) can0 261#0522E5C99A42D077
(2.238000) can0 118#C26A950000C8E4FE
(2.242000) can0 419#00
(2.242000) can0 788#B8D4B1830000B600
(2.243000) can0 1D5#290000000000E0DF
(2.244000) can0 401#042A4B954D954495
(2.245000) can0 2E1#65800800E951316A
(2.246000) can0 129#0629E15FFD1FFF3F
(2.247000) can0 1E5#286C04000000209E
(2.247000) can0 393#080002C907B00304
(2.252000) can0 288#0106184C0060D126
(2.252000) can0 261#00100900FF4FE03D
(2.253000) can0 1D5#29000000000000FF
(2.259000) can0 21D#0400B50000000000
(2.263000) can0 4E3#D5028201001C0000
(2.265000) can0 132#4E8F01004440
(2.267000) can0 682#0000004004110035
(2.269000) can0 1E5#286C0400000060DE
(2.271000) can0 261#3140E2FF9949FA24
(2.273000) can0 285#61018E0308002E00
(2.276000) can0 757#3200000000000000
(2.279000) can0 439#0000000000185A04
(2.280000) can0 266#FD070E310D006501
(2.280000) can0 458#00002000000000
(2.281000) can0 7D5#2C3F3F0000000000
(2.282000) can0 25B#D38000056A869033
(2.283000) can0 2C1#0219160000D09201
(2.283000) can0 1D5#290000000000605F
(2.284000) can0 372#0268C03D8081B472
(2.285000) can0 263#0300000000000000
(2.286000) can0 3A2#0110200000000000
(2.286000) can0 2E5#00000F320000DD00
(2.287000) can0 266#FE070E310D006501
(2.288000) can0 257#0A38615502903001
(2.289000) can0 545#90045380998E6941
(2.292000) can0 242#55558600
(2.292000) can0 2E1#026D66021C7E0000
(2.293000) can0 1D5#290000000000807F
(2.296000) can0 2C3#0000C04B010040CB
(2.296000) can0 1D8#29EE3F000000406F
(2.297000) can0 2C4#020001D200000000
(2.298000) can0 266#FE070E310D006501
(2.298000) can0 224#0408004019011008
(2.299000) can0 312#00E566449B611B17
(2.300000) can0 360#0800000000000000
(2.301000) can0 261#BB4C0A000040155C
(2.301000) can0 3F5#0000C838830C0000
(2.302000) can0 7AA#07060006000A0048
(2.304000) can0 1D5#290000000000A09F
(2.304000) can0 263#04000000A01C0000
(2.305000) can0 102#22B3480494FAA009
(2.306000) can0 1D8#29EE3F000000608F
(2.307000) can0 1E5#286C0400000060DE
(2.307000) can0 23E#00003AC002FF0F4A
(2.308000) can0 2D1#FF01
(2.311000) can0 39D#035BE12700
(2.313000) can0 122#01000000003F0000
(2.313000) can0 132#458F01003C40
(2.316000) can0 243#00FCCFCC90440D29
(2.316000) can0 1E5#286C04000000007E
(2.317000) can0 545#01000000001070CB
(2.318000) can0 3A2#32A7FFFF04000000
(2.321000) can0 3D8#5F005E00
(2.322000) can0 2C1#0400000000000000
(2.323000) can0 3C0#0700000000000000
(2.323000) can0 132#478F07003D40
(2.324000) can0 2E1#0400000000202600
(2.325000) can0 263#700ED29FA74F5F1F
(2.326000) can0 2E5#00000F320000DD00
(2.326000) can0 118#CB63950000C8F4FE
(2.327000) can0 266#FD070E310D006501
(2.328000) can0 3C2#0055555500006A05
(2.329000) can0 103#22B38804A2F02032
(2.334000) can0 261#0522E5C99A4230D7
(2.334000) can0 123#01000000003F0000
(2.335000) can0 719#1700000000000000
(2.336000) can0 129#4E22E05FFF1FFF3F
(2.339000) can0 221#610555550107609B
(2.341000) can0 419#00
(2.343000) can0 2F9#BCFB071800000000
(2.345000) can0 788#01000000FFA1D812
(2.347000) can0 201#006F6D0000E4FF00
(2.349000) can0 257#FD2B615502903001
(2.351000) can0 545#02000400000080D0
(2.354000) can0 3A1#884C0FCA001462E3
(2.355000) can0 339#02F1FE008007800F
(2.356000) can0 21D#0400B50000000000
(2.356000) can0 186#15000002004D1A25
(2.357000) can0 1A5#00101F00D5
(2.358000) can0 420#2801404B00000007
(2.359000) can0 25D#3741012A04F08803
(2.360000) can0 2A8#0101000006009042
(2.361000) can0 2C1#216B186402000000
(2.362000) can0 75D#0500000000007E04
(2.362000) can0 1F9#0000000000000000
(2.365000) can0 77A#A104945CD05CAC5C
(2.365000) can0 343#0092644E95000000
(2.366000) can0 129#C825E05FFF1FFF3F
(2.367000) can0 1D8#29EE3F000000204F
(2.367000) can0 108#DB7FFFBBFF5B1A25
(2.368000) can0 376#015656005D000000
(2.369000) can0 119#00000000
(2.370000) can0 376#0200FFFFFFFF0000
(2.370000) can0 397#F33F00811AFE0700
(2.371000) can0 376#04FFFFFFFF555559
(2.373000) can0 3DF#0000C00002D0001B
(2.373000) can0 2E1#398D2AFF0F000000
(2.374000) can0 357#0000000000000000
(2.375000) can0 35B#0000000000000000
(2.376000) can0 757#3200000000000000
(2.376000) can0 129#BF26E05FFE1FFF3F
(2.377000) can0 1E5#286C0400000040BE
(2.378000) can0 439#0000000000185A04
(2.379000) can0 118#E168950000C804FF
(2.379000) can0 3C2#2955000000000000
(2.380000) can0 78A#01000300AE048902
(2.381000) can0 7D5#2C3F3F0000000000
(2.382000) can0 247#600EFF0B00AE0100
(2.382000) can0 677#0300000000000000
(2.384000) can0 545#E00458B0998E99F6
(2.385000) can0 401#0B2A489559954E95
(2.385000) can0 719#0003140F14060E00
(2.386000) can0 129#0527E05FFF1FFF3F
(2.387000) can0 221#6055551554517158
(2.388000) can0 2F1#109D03E813000000
(2.388000) can0 23E#00003AC002FF2F6A
(2.389000) can0 709#0180808080808080
(2.392000) can0 242#55558600
(2.394000) can0 1D5#290000000000C0BF
(2.394000) can0 2C3#555BA9B682C112AA
(2.395000) can0 243#04FC53F2AD7CFFFF
(2.396000) can0 292#28F2F7228B012800
(2.396000) can0 261#BB4C0A00004075BC
(2.398000) can0 2C4#03010E40010C8000
(2.399000) can0 2E5#00000F320000DD00
(2.400000) can0 360#0900000000000000
(2.400000) can0 3F5#0000C838830C0000
(2.403000) can0 400#00E0FBBEEFFB00
(2.405000) can0 132#518F00003840
(2.405000) can0 45A#FD07F8FF03003915
(2.406000) can0 129#8729E05FFF1FFF3F
(2.407000) can0 1E5#286C04000000209E
(2.407000) can0 266#FE070E310D006601
(2.408000) can0 2D1#FF01
(2.411000) can0 225#5555FA00
(2.413000) can0 3AE#FE3F000800001056
(2.413000) can0 381#0B00000000000000
(2.416000) can0 243#00FCCFCC90440D29
(2.417000) can0 1E5#286C0400000040BE
(2.421000) can0 441#F100B6C358001D48
(2.423000) can0 677#0400000000000000
(2.425000) can0 285#2445605872000000
(2.427000) can0 2E5#00000F320000DD00
(2.429000) can0 257#012F615502903001
(2.431000) can0 40A#091000000000C0E7
(2.433000) can0 524#86730302201001
(2.433000) can0 234#3220032FBD04A080
(2.436000) can0 123#00001392D2000000
(2.438000) can0 1E5#286C04000000007E
(2.442000) can0 419#00
(2.444000) can0 788#0240C60700030000
(2.446000) can0 261#00100900FF4FA0FD
(2.449000) can0 118#686F950000C884FF
(2.451000) can0 3A2#606573B51C00426F
(2.452000) can0 3FD#0000003C20000180
(2.454000) can0 3AE#FE3F000800002066
(2.455000) can0 25D#3741012A04F08703
(2.455000) can0 45A#24C03EC15F2E4639
(2.456000) can0 129#042EE05FFF1FFF3F
(2.457000) can0 195#000000000A002706
(2.458000) can0 118#6960950000C894FF
(2.458000) can0 249#130D0000
(2.459000) can0 2A8#010100000600A052
(2.460000) can0 54F#0000000000000000
(2.460000) can0 261#31400F009B49BA14
(2.461000) can0 422#700010000000
(2.463000) can0 78A#01000400CE06A100
(2.463000) can0 132#508F01003A40
(2.464000) can0 340#0700000000000000
(2.465000) can0 2B3#1000000000110000
(2.466000) can0 2E5#00000F320000DD00
(2.466000) can0 1D8#29EE3F000000608F
(2.467000) can0 108#D680FFC3FF4D1A25
(2.468000) can0 257#F321615502903001
(2.469000) can0 119#00000000
(2.470000) can0 2B6#000300
(2.470000) can0 395#090F125E0C05047D
(2.471000) can0 3C3#0000000000A50000
(2.472000) can0 757#2C3F3E0000000000
(2.473000) can0 1D5#290000000000C0BF
(2.473000) can0 132#3E8F00003C40
(2.475000) can0 243#0300000028442500
(2.476000) can0 241#7474141D1D4500
(2.476000) can0 129#7920E05F0020FF3F
(2.477000) can0 7F4#01
(2.478000) can0 3E9#F0880221000050D7
(2.478000) can0 458#00002000000000
(2.479000) can0 266#FE070E310D006601
(2.480000) can0 439#0000000000185A04
(2.481000) can0 315#02000B1700000000
(2.481000) can0 227#75030E004D000081
(2.482000) can0 25B#D38000056A86B053
(2.483000) can0 7D5#2C3F3F0000000000
(2.484000) can0 383#A5182000EDF0A20A
(2.484000) can0 3A2#0110200000000000
(2.486000) can0 3FE#7EE8830F3EF800CD
(2.487000) can0 2E5#00000F320000DD00
(2.487000) can0 5D7#506E0A0002
(2.488000) can0 1E5#286C04000000209E
(2.489000) can0 335#14060000BA88CEAD
(2.490000) can0 719#EE8B63004E630014
(2.490000) can0 3C5#0000000000000000
(2.491000) can0 7D5#42F8007300002800
(2.492000) can0 368#0000000000000000
(2.493000) can0 36B#0000000000000000
(2.493000) can0 36E#0000000000000000
(2.494000) can0 261#BB4C0A000040D51C
(2.495000) can0 752#0440312861C9EC1E
(2.495000) can0 252#634B097B00FC0F00
(2.497000) can0 129#4E22E05FFF1FFF3F
(2.498000) can0 118#0D64950000C834FF
(2.499000) can0 224#0408004019011008
(2.499000) can0 2E5#00000F320000DD00
(2.500000) can0 3B2#A2000000000000FA
(2.501000) can0 3F5#0000C838830C0000
(2.502000) can0 3E8#0600000000000000
(2.502000) can0 3A1#C1FFFF2F3D00907B
(2.503000) can0 3FD#01000A0000080280
(2.506000) can0 1D5#290000000000201F
(2.510000) can0 266#FE070E310D006601
(2.512000) can0 225#5555FA00
(2.514000) can0 122#01000000003F0000
(2.516000) can0 545#010000000010D02B
(2.519000) can0 1D8#29F03F0000000031
(2.521000) can0 421#021A0000002000
(2.524000) can0 3FD#0000003C20000180
(2.526000) can0 381#0E00000000E0FF00
(2.526000) can0 1D8#29F03F0000002051
(2.527000) can0 405#113345374542334B
(2.528000) can0 1E5#286C04000000209E
(2.529000) can0 39A#95FFFDFDFD01000A
(2.529000) can0 3E2#040000411FCF00
(2.534000) can0 3AE#FE3F000800004187
(2.534000) can0 123#01000000003F0000
(2.535000) can0 243#01FC394638005C5C
(2.536000) can0 34A#0100000000000020
(2.536000) can0 129#7B26E05F0020FF3F
(2.538000) can0 1E5#286C0400000040BE
(2.539000) can0 717#01CDFF49002600
(2.540000) can0 3A0#0000000000000000
(2.540000) can0 380#0000004000000000
(2.541000) can0 2C1#D0687E00008A0200
(2.542000) can0 448#20001010000010
(2.542000) can0 281#0B00FF1F0001
(2.543000) can0 132#428FFDFF3140
(2.546000) can0 263#89E6D1AFAF4F5F1F
(2.546000) can0 118#5269950000C874FF
(2.547000) can0 257#F725615502903001
(2.548000) can0 23E#00003AC002FF6FAA
(2.548000) can0 2E1#1021040010000004
(2.549000) can0 39D#F951E12700
(2.551000) can0 288#0106184C00600156
(2.554000) can0 3A1#884C0FCA0018A227
(2.554000) can0 552#000000000000A0F7
(2.555000) can0 339#02F1FE008007800F
(2.556000) can0 2E5#00000F320000DD00
(2.556000) can0 195#000000000A002706
(2.557000) can0 1E5#286C04000000007E
(2.558000) can0 249#CE0F0000
(2.559000) can0 266#FE070E310D006601
(2.559000) can0 381#EFFFFFCD0300A609
(2.560000) can0 4E3#01D8050000002800
(2.561000) can0 75D#068F000000000000
(2.562000) can0 1F9#0000000000000000
(2.564000) can0 1D5#290000000000E0DF
(2.565000) can0 401#142A609560956095
(2.566000) can0 2E5#00000F320000DD00
(2.567000) can0 1D8#29F03F000000A0D1
(2.567000) can0 108#E881FFC3FF5E1A25
(2.568000) can0 1D6#02080000CA002008
(2.569000) can0 279#2CB1FC01B8056502
(2.570000) can0 395#090F125E0C05047D
(2.570000) can0 757#2C3F3E0000000000
(2.571000) can0 3C3#5555550100000000
(2.572000) can0 3BB#230F14
(2.572000) can0 261#CA291102805C22FA
(2.573000) can0 3FD#01000A0000080280
(2.575000) can0 33A#79D40383FDFF3761
(2.576000) can0 2E5#00000F320000DD00
(2.577000) can0 1E5#286C0400000040BE
(2.578000) can0 318#1A06320D10263BEB
(2.579000) can0 118#B46C950000C8D4FE
(2.580000) can0 7D5#2C3F3F0000000000
(2.580000) can0 2E1#026D66021C7E0000
(2.581000) can0 247#600EFF0B00AC0100
(2.582000) can0 677#0300000000000000
(2.583000) can0 383#A5182000EDF0A20A
(2.583000) can0 234#2EE103804300D444
(2.584000) can0 287#30323031DB020000
(2.585000) can0 263#0300000000000000
(2.586000) can0 2E5#00000F320000DD00
(2.586000) can0 1D8#29F03F000000E011
(2.587000) can0 2F1#3226008600010000
(2.589000) can0 2D7#8CA94106
(2.589000) can0 39D#FA52E12700
(2.592000) can0 242#55558600
(2.592000) can0 3AE#FE3F0008000060A6
(2.593000) can0 1D5#290000000000403F
(2.596000) can0 2D2#F22EB14E8813E822
(2.596000) can0 1D8#29F03F0000000031
(2.597000) can0 224#0408004019011008
(2.598000) can0 2B4#4005540E7901
(2.598000) can0 266#FE070E300D006501
(2.599000) can0 3F5#0000C838820C0000
(2.602000) can0 2C1#531A900000000000
(2.602000) can0 38D#5648AAAAAA244902
(2.603000) can0 1D5#290000000000605F
(2.604000) can0 132#528FFDFF2B40
(2.605000) can0 263#04000000A01C0000
(2.606000) can0 129#0C2DDF5F0020FF3F
(2.607000) can0 266#FE070E300D006501
(2.607000) can0 257#EA18615502903001
(2.608000) can0 2D1#FF01
(2.611000) can0 225#5555FA00
(2.613000) can0 2E1#0400000000202600
(2.613000) can0 359#D43F00000E000012
(2.616000) can0 3A2#32A7FFFF04000000
(2.616000) can0 1E5#286C0400000040BE
(2.617000) can0 118#D960950000C804FF
(2.620000) can0 441#F200B6C358002D59
(2.622000) can0 321#9B92AA7B027B5043
(2.624000) can0 3FD#02003E0000000090
(2.631000) can0 3C0#0A00000000000000
(2.633000) can0 3AE#FE3F0008000070B6
(2.635000) can0 234#3220032EB904E0BB
(2.636000) can0 2E5#00000F320000DD00
(2.637000) can0 261#00100A00FF4F60BE
(2.638000) can0 118#3B62950000C864FF
(2.642000) can0 419#00
(2.642000) can0 788#01000000FFA1D812
(2.643000) can0 1D5#290000000000E0DF
(2.644000) can0 372#0800000000000000
(2.644000) can0 2E1#1021040010000004
(2.645000) can0 407#190E000000000000
(2.646000) can0 2E5#00000F320000DD00
(2.647000) can0 1D8#29F03F000000A0D1
(2.647000) can0 1E5#286C04000000209E
(2.649000) can0 393#080002C907B00304
(2.652000) can0 288#0106184C00601166
(2.652000) can0 261#314034009B497AF9
(2.653000) can0 3A1#884C0FCA0014C243
(2.654000) can0 21D#0400B50000000000
(2.654000) can0 552#000000000000B007
(2.655000) can0 45A#24C03EC15F2E4639
(2.656000) can0 129#F022DF5FFF1FFF3F
(2.657000) can0 1A5#00101F18ED
(2.657000) can0 118#3D64950000C864FF
(2.658000) can0 249#E8010000
(2.659000) can0 2A8#010100000600C072
(2.660000) can0 4E3#0200000000002800
(2.660000) can0 2E1#398D2AFF0F000000
(2.662000) can0 422#700010000000
(2.663000) can0 1D5#290000000000201F
(2.663000) can0 132#608FFCFF3740
(2.664000) can0 340#0900000000000000
(2.665000) can0 263#0200E0C60D373721
(2.666000) can0 2E5#00000F320000DD00
(2.666000) can0 1D8#29F03F000000E011
(2.667000) can0 1E5#286C0400000060DE
(2.668000) can0 23E#00003AC002FF9FDA
(2.669000) can0 1D6#02080000CA002008
(2.669000) can0 268#1D0E9901FF
(2.670000) can0 2B6#000300
(2.671000) can0 397#F33F80801A000000
(2.671000) can0 3E3#04000000
(2.672000) can0 61D#03B4791E8B15040C
(2.675000) can0 1D5#290000000000403F
(2.677000) can0 241#7474141D1D4500
(2.679000) can0 2E1#026D66021C7E0000
(2.681000) can0 7AA#0C00000000000039
(2.683000) can0 227#6A030D004D000081
(2.685000) can0 287#30323031DB020000
(2.687000) can0 2E5#00000F320000DD00
(2.689000) can0 257#E61C615502883001
(2.692000) can0 242#55558600
(2.694000) can0 1D5#290000000000807F
(2.696000) can0 2C3#0000C04B010040CB
(2.698000) can0 1D8#29F03F0000004071
(2.700000) can0 2E5#00000F320000DD00
(2.702000) can0 3F5#0000C838820C0000
(2.705000) can0 709#0280808080800000
(2.707000) can0 102#22B3480494FAA009
(2.709000) can0 1E5#286C0400000060DE
(2.711000) can0 39D#FD55E12700
(2.714000) can0 545#010000000010308B
(2.714000) can0 243#00FCCFCC90440D29
(2.717000) can0 2E5#00000F320000DD00
(2.717000) can0 118#436A950000C864FF
(2.720000) can0 441#F200B6C358003561
(2.720000) can0 2C1#0400000000000000
(2.721000) can0 2BF#00000000000001
(2.724000) can0 3C0#0000000000000000
(2.724000) can0 2E1#65800800EA51316A
(2.727000) can0 2E5#00000F320000DD00
(2.728000) can0 257#E81E615502883001
(2.729000) can0 103#22B38804A2F02032
(2.734000) can0 3AE#FC3F00080000B1F5
(2.734000) can0 123#01000000003F0000
(2.735000) can0 719#140000000000B500
(2.736000) can0 129#E62ADF5FFF1FFF3F
(2.736000) can0 221#610555550107E01B
(2.737000) can0 211#B511710F1001
(2.742000) can0 419#00
(2.742000) can0 6A1#0000000000
(2.743000) can0 788#0240C50700030000
(2.744000) can0 132#4B8FFFFF3F40
(2.744000) can0 263#89E6D1AFAF4F5F1F
(2.745000) can0 201#006E6E0000E4FF00
(2.747000) can0 129#7E2BDF5F0020FF3F
(2.747000) can0 257#E91F615502883001
(2.748000) can0 4E2#013B0E0000002800
(2.749000) can0 261#31403E009649DA5E
(2.752000) can0 288#0106184C00602176
(2.752000) can0 3A1#884C0FCA0018E267
(2.753000) can0 1D5#290000000000403F
(2.759000) can0 21D#0400B50000000000
(2.763000) can0 2E1#398D2AFF0F000000
(2.765000) can0 132#4E8FFEFF3740
(2.767000) can0 340#0A00002000000000
(2.769000) can0 1E5#286C04000000209E
(2.771000) can0 268#1D0E9901FF
(2.773000) can0 3C3#5555550100000000
(2.776000) can0 295#5000BFFF00000002
(2.779000) can0 1D8#29F03F0000004071
(2.780000) can0 318#1A06320D10263FEF
(2.780000) can0 3A2#0110200000000000
(2.781000) can0 261#BB4C0A000040F53C
(2.782000) can0 7D5#3200000000000000
(2.783000) can0 247#610EFF0B00AA0100
(2.783000) can0 1D5#290000000000A09F
(2.784000) can0 401#1F2A549540955695
(2.785000) can0 263#0300000000000000
(2.786000) can0 2E5#00000F320000DD00
(2.786000) can0 221#605555155451F1D8
(2.787000) can0 1E5#286C0400000060DE
(2.788000) can0 719#150003AD00000000
(2.789000) can0 423#00001000000000
(2.792000) can0 242#55558600
(2.794000) can0 1D5#290000000000C0BF
(2.794000) can0 2C3#555BA9B682C112AA
(2.795000) can0 212#5904060081FF7731
(2.796000) can0 292#28F2F7228B011800
(2.796000) can0 261#D401E04B0040043A
(2.797000) can0 2C4#8708C390810C0007
(2.798000) can0 264#3C000000A000
(2.799000) can0 224#0408004019011008
(2.799000) can0 2B4#4105540E7401
(2.800000) can0 392#0111A467000A0300
(2.801000) can0 2C1#531A900000000000
(2.802000) can0 712#0500000000000000
(2.802000) can0 3A1#C1FFFF293D00F0D5
(2.804000) can0 132#528F01003640
(2.805000) can0 263#04000000A01C0000
(2.805000) can0 102#22B3480494FAA009
(2.806000) can0 118#5C63950000C884FF
(2.807000) can0 266#FE070E310D006601
(2.808000) can0 257#DC12615502883001
(2.808000) can0 381#16000400007F0000
(2.811000) can0 225#5555FA00
(2.811000) can0 545#01000000001060BB
(2.814000) can0 261#0522E5C99A4210B7
(2.814000) can0 243#00FCCFCC90440D29
(2.817000) can0 2E5#00000F320000DD00
(2.817000) can0 118#BD64950000C8E4FF
(2.820000) can0 441#F200B6C358003D69
(2.823000) can0 2E1#65800800EA51316A
(2.825000) can0 132#548F01003240
(2.827000) can0 2B3#05000000D3808000
(2.829000) can0 257#DD13615502883001
(2.831000) can0 261#00100B00FF4F207F
(2.833000) can0 2E8#01010000060000F2
(2.836000) can0 1F8#3A000000
(2.837000) can0 221#610555550107003B
(2.837000) can0 211#B612710F1001
(2.838000) can0 3AE#FC3F00080000E024
(2.841000) can0 419#00
(2.841000) can0 3A3#12C00000380DFC01
(2.842000) can0 20E#140400
(2.843000) can0 1D5#290000000000605F
(2.843000) can0 132#548F01003640
(2.845000) can0 261#31403F0096493ABF
(2.846000) can0 201#006E6E0000E4FF00
(2.846000) can0 129#6925DD5FFC1FFF3F
(2.847000) can0 393#080003C907B00304
(2.848000) can0 3A2#600573B31C00426F
(2.851000) can0 288#0106184C00603186
(2.853000) can0 2E1#398D2AFF0F000000
(2.853000) can0 3A1#884C0FCA00140283
(2.856000) can0 552#000000000000D027
(2.856000) can0 186#1305000200461A25
(2.857000) can0 1D8#29EC3F000000406D
(2.858000) can0 420#2801404B00008001
(2.858000) can0 207#0000000000000000
(2.859000) can0 2A8#010100000600E092
(2.861000) can0 54F#0000000000000000
(2.862000) can0 1F9#0000000000000000
(2.864000) can0 3AA#0000000000000000
(2.864000) can0 340#0B40000000000000
(2.865000) can0 343#00925C2E96000000
(2.866000) can0 2E5#00000F320000DD00
(2.866000) can0 1D8#29EC3F000000608D
(2.867000) can0 428#20001010000010
(2.868000) can0 23E#00003AC002FFEF2A
(2.869000) can0 1D6#02080000CA002008
(2.869000) can0 279#33B4FC01BC056502
(2.870000) can0 2E1#026D66021C7E0000
(2.871000) can0 397#F31F80801A000000
(2.872000) can0 262#0B00A9B300B09010
(2.873000) can0 757#3200000000000000
(2.874000) can0 132#578F05004040
(2.877000) can0 295#3C00A1FF00000004
(2.877000) can0 318#1A06320D102621D1
(2.878000) can0 3AE#FC3F00080000F034
(2.879000) can0 118#236A950000C844FF
(2.879000) can0 3A2#0110200000000000
(2.880000) can0 7D5#2B80100100000000
(2.881000) can0 2C1#0219160000D09201
(2.882000) can0 227#60030C004D000081
(2.882000) can0 287#30323031DB020000
(2.883000) can0 234#2FE10380430034A5
(2.884000) can0 372#0C0000FF0F000000
(2.885000) can0 263#0300000000000000
(2.886000) can0 1D8#29EC3F000000A0CD
(2.887000) can0 2F1#025A250143000000
(2.890000) can0 39B#0314DF80B008915D
