(0.000000) can0 3FD#0200440000000090
(0.003000) can0 243#04FCC3F1A97CFFFF
(0.007000) can0 2A8#01010000060000B2
(0.009000) can0 118#E46A950000C80400
(0.011000) can0 1F9#0000000000000000
(0.013000) can0 129#752AF35F0120FF3F
(0.015000) can0 428#20001010000010
(0.017000) can0 545#020003000000408F
(0.020000) can0 1D5#290000000000E0DF
(0.020000) can0 3E3#04000000
(0.023000) can0 287#30322F31DC020000
(0.023000) can0 113#019701
(0.024000) can0 458#00002000000000
(0.025000) can0 7FF#04857EDD5C010100
(0.025000) can0 39D#2266F52700
(0.027000) can0 1E5#286C0400000040BE
(0.028000) can0 118#E66C950000C80400
(0.029000) can0 553#00000000000080D8
(0.031000) can0 2E5#00000E320000DD00
(0.031000) can0 396#091E2054525C0D7D
(0.032000) can0 383#A51820002191E309
(0.033000) can0 1FA#1AC001
(0.033000) can0 3AE#124000080000E13C
(0.034000) can0 263#0300000000000000
(0.037000) can0 1D8#293600000000E018
(0.037000) can0 1D5#290000000000201F
(0.038000) can0 2F1#005A268142001700
(0.039000) can0 279#35B6FC01BC056502
(0.039000) can0 395#090F12600C05047D
(0.041000) can0 2E5#00000E320000DD00
(0.042000) can0 2E1#026D6602206C0000
(0.043000) can0 129#F62DF35F0120FF3F
(0.045000) can0 2C3#0000C04B010040CB
(0.047000) can0 1D8#2936000000000038
(0.047000) can0 1D5#290000000000403F
(0.048000) can0 292#3222A8A38D010000
(0.049000) can0 2F2#1201
(0.049000) can0 3F5#0000C838820C0000
(0.050000) can0 545#80055DE09990598E
(0.051000) can0 3F5#0000C838830C0000
(0.052000) can0 7D5#2B773FFF00000000
(0.052000) can0 3A1#C1FFFF2D3D005039
(0.053000) can0 400#00E0FBBEEFFB00
(0.055000) can0 102#22B3480494FAA009
(0.055000) can0 1D8#2936000000002058
(0.056000) can0 132#5F8F84FF3B3F
(0.057000) can0 257#9A405E5102202F01
(0.058000) can0 401#1B2A6D9569956C95
(0.060000) can0 2E5#00000E320000DD00
(0.060000) can0 359#090000007F000000
(0.063000) can0 129#752FF35F0020FF3F
(0.065000) can0 23E#00003AC002FFCF0A
(0.067000) can0 1D8#2936000000004078
(0.067000) can0 1D5#290000000000807F
(0.068000) can0 224#0408004019011008
(0.069000) can0 266#07000E300D007B01
(0.069000) can0 364#3C82BC01
(0.070000) can0 3A4#0000000000000000
(0.072000) can0 2C1#0400000000000000
(0.072000) can0 129#F920F35FFF1FFF3F
(0.073000) can0 3C8#0600000000000000
(0.074000) can0 2E1#0400000000202600
(0.075000) can0 282#8C34D20814040324
(0.075000) can0 3E2#040000510FCF00
(0.076000) can0 118#CA61950000C8F4FF
(0.077000) can0 1E5#286C0400000060DE
(0.078000) can0 1D5#290000000000A09F
(0.078000) can0 381#0700000000000000
(0.081000) can0 2E5#00000E320000DD00
(0.081000) can0 22A#0000F916
(0.082000) can0 261#0522DEC99A429030
(0.083000) can0 719#EEA9630054630014
(0.084000) can0 123#01000000003F0000
(0.087000) can0 1D8#29360000000080B8
(0.087000) can0 118#CB62950000C8F4FF
(0.088000) can0 448#20001010000010
(0.089000) can0 3AE#124000080000005B
(0.089000) can0 2E5#00000E320000DD00
(0.090000) can0 2C1#D0687E00008A0200
(0.091000) can0 419#00
(0.094000) can0 281#0000FF1F0000
(0.094000) can0 263#89E6D1AFB74F5F1F
(0.095000) can0 201#006D6D0000E4FF00
(0.096000) can0 132#538F82FF433F
(0.096000) can0 118#6C63950000C894FF
(0.097000) can0 1D5#290000000000E0DF
(0.099000) can0 288#0106184C006061B6
(0.099000) can0 4E2#65018E13022F0000
(0.100000) can0 2E5#00000E320000DD00
(0.103000) can0 3A1#884C0FCA001862E7
(0.105000) can0 23E#00003AC002FFDF1A
(0.105000) can0 2A8#01010000060010C2
(0.106000) can0 132#478F82FF443F
(0.107000) can0 1D5#29000000000000FF
(0.107000) can0 266#07000E300D007B01
(0.108000) can0 4E3#00AC01FF0F002800
(0.109000) can0 420#2801404B00000003
(0.110000) can0 1F9#0000000000000000
(0.110000) can0 422#700010000000
(0.113000) can0 7AA#C0EB8E3C00088C29
(0.114000) can0 428#20001010000010
(0.115000) can0 343#009264AE96000000
(0.116000) can0 6A2#0000000000
(0.116000) can0 118#2F65950000C85400
(0.117000) can0 1E5#286C0400000060DE
(0.118000) can0 257#9D435E5102202F01
(0.118000) can0 22B#FFFFFF1F80FFFFFF
(0.119000) can0 6A1#0000000000
(0.120000) can0 2E5#00000E320000DD00
(0.123000) can0 287#30322F31DC020000
(0.123000) can0 414#1133535459323530
(0.124000) can0 439#0000000000185A04
(0.125000) can0 666#0000C800
(0.125000) can0 458#00002000000000
(0.126000) can0 1E5#286C04000000007E
(0.128000) can0 285#61018E0308002E00
(0.128000) can0 3AE#124000080000106B
(0.129000) can0 295#5000BFFF00000002
(0.130000) can0 2E5#00000E320000DD00
(0.131000) can0 261#C2291302805CC294
(0.131000) can0 396#091E1E54505B0D7D
(0.132000) can0 383#A51820002191E309
(0.133000) can0 3DB#0B380F0000030000
(0.134000) can0 25B#D38000056A8620C3
(0.134000) can0 263#0300000000000000
(0.137000) can0 1D8#293800000000205A
(0.137000) can0 1D5#290000000000605F
(0.138000) can0 2F1#01DA270143801400
(0.139000) can0 2E1#026D6602206C0000
(0.140000) can0 395#090F12600B05047D
(0.141000) can0 757#2C3F3E0000000000
(0.144000) can0 129#8527F35F0020FF3F
(0.144000) can0 23E#00003AC002FFEF2A
(0.145000) can0 201#0200000000000000
(0.146000) can0 1D8#293800000000407A
(0.146000) can0 139#00
(0.147000) can0 1D5#290000000000807F
(0.148000) can0 266#07000E300D007A01
(0.149000) can0 2D2#F12EB14E8813E822
(0.149000) can0 3A2#0110200000000000
(0.150000) can0 3F5#0000C838820C0000
(0.151000) can0 3F5#0000C838830C0000
(0.152000) can0 7D5#2B773FFF00000000
(0.153000) can0 2E3#0200004C020B00
(0.154000) can0 37A#D20A000000000000
(0.155000) can0 263#04000000A01C0000
(0.155000) can0 45A#FD07F8FF03000F40
(0.156000) can0 132#5A8F7FFF313F
(0.157000) can0 257#9F455E5102202F01
(0.158000) can0 401#2000000000000000
(0.160000) can0 2E5#00000E320000DD00
(0.160000) can0 359#0A00000000000000
(0.163000) can0 261#D401E04B0040E41A
(0.165000) can0 7A8#0240C207000F0000
(0.167000) can0 1D8#29380000000080BA
(0.167000) can0 1D5#290000000000C0BF
(0.168000) can0 224#0408004019011008
(0.170000) can0 272#0380610000000000
(0.170000) can0 2E1#0400000000202600
(0.171000) can0 3E9#0088020000002096
(0.172000) can0 718#04000000000000
(0.173000) can0 3C0#0400000000000000
(0.173000) can0 3C8#0000000000000000
(0.174000) can0 263#700ED29FA74F5F1F
(0.175000) can0 282#8C34D20818040324
(0.175000) can0 40A#09100000000080A7
(0.176000) can0 232#8A00910EC7040000
(0.177000) can0 372#0B11FF0000481500
(0.178000) can0 313#026464050000D0B5
(0.178000) can0 257#A0465E5102202F01
(0.179000) can0 3C2#0055555500006A05
(0.182000) can0 2E5#00000E320000DD00
(0.184000) can0 129#B42BF25FFF1FFF3F
(0.186000) can0 123#00001392D2000000
(0.188000) can0 1E5#286C0400000040BE
(0.190000) can0 2F9#BCFB072000000000
(0.192000) can0 3A3#16C00000380DFC01
(0.194000) can0 129#D42CF25FFF1FFF3F
(0.197000) can0 261#00100C00FF4F0060
(0.198000) can0 288#0106184C006071C6
(0.198000) can0 25D#3741012A04F08803
(0.199000) can0 4E2#0600000000000000
(0.200000) can0 227#000000004E000080
(0.203000) can0 2E1#1021040010000004
(0.203000) can0 552#0000000000001067
(0.205000) can0 243#02FC930D05D60000
(0.206000) can0 1D8#293A00000000003C
(0.208000) can0 1D5#290000000000403F
(0.208000) can0 4E3#01D8050000002800
(0.209000) can0 420#2801404B00008003
(0.210000) can0 1F9#0000000000000000
(0.210000) can0 2C1#216B186402000000
(0.213000) can0 129#192EF25FFF1FFF3F
(0.213000) can0 428#20001010000010
(0.214000) can0 340#0700000000000000
(0.215000) can0 2B3#018C807C79837C74
(0.215000) can0 1D8#293A00000000205C
(0.216000) can0 1E5#286C04000000209E
(0.219000) can0 257#A2485E5102202F01
(0.221000) can0 682#000000400411A0D5
(0.223000) can0 381#0B00000000000000
(0.225000) can0 113#019701
(0.227000) can0 241#7574541D1D4500
(0.229000) can0 1D5#290000000000807F
(0.231000) can0 2E5#00000E320000DD00
(0.234000) can0 295#3C00A1FF00000004
(0.237000) can0 1D8#293C00000000609E
(0.237000) can0 1D5#290000000000A09F
(0.238000) can0 372#0C0000FF0F000000
(0.239000) can0 1D6#02080000CA401708
(0.239000) can0 2B6#000300
(0.240000) can0 395#090F11600C04037D
(0.241000) can0 397#F33F80791C080000
(0.242000) can0 261#B34C0A0000403574
(0.245000) can0 2C3#0000C04B010040CB
(0.245000) can0 3A2#0110200000000000
(0.246000) can0 1D8#293C0000000080BE
(0.247000) can0 139#00
(0.247000) can0 118#9B62950000C8C4FF
(0.248000) can0 266#08000E300D007A01
(0.249000) can0 2F2#1201
(0.250000) can0 3E8#0000000000000000
(0.251000) can0 2C1#531A900000000000
(0.255000) can0 400#00E0FBBEEFFB00
(0.257000) can0 1D8#293C00000000A0DE
(0.259000) can0 1D5#290000000000E0DF
(0.261000) can0 2E5#00000E320000DD00
(0.264000) can0 7AA#320808FA5F082100
(0.266000) can0 243#00FCCFCC90440D29
(0.269000) can0 1E5#286C0400000040BE
(0.270000) can0 441#D600B6C358002535
(0.270000) can0 201#0300000000000000
(0.273000) can0 228#0106184C00603126
(0.273000) can0 3C8#0100000000000000
(0.274000) can0 261#0522DEC99A4250F0
(0.275000) can0 282#9434D20814040324
(0.275000) can0 118#3F65950000C86400
(0.276000) can0 3C2#0055555500006A05
(0.277000) can0 257#A54B5E5102202F01
(0.278000) can0 213#283D
(0.278000) can0 3A2#42A7FFFF04000000
(0.279000) can0 545#010000000010C01B
(0.281000) can0 2E8#0101000006005042
(0.281000) can0 1F8#1A000000
(0.282000) can0 2E1#658008002C51316A
(0.283000) can0 719#0300000000000000
(0.286000) can0 123#01000000003F0000
(0.286000) can0 221#610555550107A0DB
(0.287000) can0 1D5#290000000000403F
(0.290000) can0 448#20001010000010
(0.290000) can0 2C1#D0687E00008A0200
(0.291000) can0 419#00
(0.294000) can0 281#0000FF1F0000
(0.294000) can0 31F#794C7E4A7E4B7E4A
(0.295000) can0 201#006D6E0000E4FF00
(0.296000) can0 132#588F76FF213F
(0.297000) can0 118#F167950000C81400
(0.298000) can0 288#0106184C006081D6
(0.299000) can0 41D#00
(0.299000) can0 21D#0400B50000000000
(0.300000) can0 227#000000004E000080
(0.301000) can0 31E#0000000000000000
(0.304000) can0 3A1#884C0FCA0018A227
(0.304000) can0 243#02FC930D05D60000
(0.305000) can0 45A#2440BEC15F2E4736
(0.306000) can0 1D8#293E000000004080
(0.306000) can0 261#314023009C497AE9
(0.307000) can0 118#0268950000C82400
(0.308000) can0 4E3#0200000000002800
(0.309000) can0 420#2801404B00000004
(0.309000) can0 1F9#0000000000000000
(0.311000) can0 2C1#216B186402000000
(0.312000) can0 545#020002000000D01E
(0.313000) can0 129#A628F25F0020FF3F
(0.313000) can0 38B#FEFEC7178E002303
(0.314000) can0 340#0800000000000000
(0.315000) can0 343#0092686E96000000
(0.315000) can0 1D8#29400000000060A2
(0.316000) can0 320#0400000000000000
(0.317000) can0 266#08000E300D007A01
(0.318000) can0 2C2#2040404B010080CB
(0.318000) can0 22B#FFFFFF1F80FFFFFF
(0.321000) can0 2E5#00000E320000DD00
(0.323000) can0 261#C2291302805C8254
(0.324000) can0 113#019701
(0.325000) can0 458#00002000000000
(0.325000) can0 132#498F79FF2F3F
(0.326000) can0 3A8#00FF000000000000
(0.327000) can0 324#BE1AA5D09E010000
(0.328000) can0 5F3#93F520
(0.328000) can0 1D5#290000000000C0BF
(0.331000) can0 2E5#00000E320000DD00
(0.331000) can0 2E1#026D6602206C0000
(0.332000) can0 677#0300000000000000
(0.333000) can0 1FA#1AC001
(0.333000) can0 25B#D38000056A8640E3
(0.334000) can0 39B#0314DF80B00C6131
(0.337000) can0 1D8#294000000000A0E2
(0.337000) can0 1D5#290000000000E0DF
(0.339000) can0 126#1040384CFB
(0.339000) can0 423#00001000000000
(0.340000) can0 2E5#00000E320000DD00
(0.341000) can0 757#2C3F3E0000000000
(0.342000) can0 7AA#230DFA650813001C
(0.342000) can0 129#2A2BF15FFE1FFF3F
(0.343000) can0 3AE#10400008000090E9
(0.344000) can0 23E#00003AC002FF3F7A
(0.345000) can0 243#04FCC3F1A97CFFFF
(0.345000) can0 39D#065EE12700
(0.346000) can0 1D8#294000000000C002
(0.347000) can0 360#0700000000000000
(0.348000) can0 118#D56C950000C8F4FF
(0.348000) can0 292#3222A8A38D010000
(0.350000) can0 3E8#0100000000000000
(0.351000) can0 743#22
(0.351000) can0 7D7#321C000000000000
(0.352000) can0 3A1#C1FFFF2D3D00B099
(0.355000) can0 400#00E0FBBEEFFB00
(0.355000) can0 709#1500000006000000
(0.356000) can0 132#4A8F6DFF1B3F
(0.357000) can0 266#09000E300D007A01
(0.357000) can0 372#0E00000C067D0000
(0.360000) can0 2E5#00000E320000DD00
(0.360000) can0 359#0D00000000000000
(0.363000) can0 2E1#0400000000202600
(0.365000) can0 7A8#01000000FFA1C812
(0.367000) can0 1D8#2942000000000044
(0.367000) can0 1D5#290000000000403F
(0.369000) can0 224#0408004019011008
(0.370000) can0 421#021A0000002000
(0.370000) can0 737#02000000E0F080
(0.371000) can0 2C1#0400000000000000
(0.374000) can0 228#0106184C00604136
(0.374000) can0 2D3#F4005803280E2543
(0.375000) can0 39A#2417EF76F736EF7E
(0.376000) can0 132#4B8F6AFF0C3F
(0.376000) can0 1E5#286C04000000209E
(0.377000) can0 257#9A405E5102202F01
(0.378000) can0 3BC#00007474
(0.379000) can0 3FD#0000003C20000180
(0.381000) can0 3A2#42A7FFFF04000000
(0.381000) can0 1F8#1A000000
(0.390000) can0 129#AE2FF15FFD1FFF3F
(0.392000) can0 3A3#18C00000380DFC01
(0.394000) can0 295#9600A1FF00000007
(0.396000) can0 2E1#1021040010000004
(0.398000) can0 1E5#286C0400000060DE
(0.401000) can0 21D#0400B50000000000
(0.403000) can0 261#3140FFFF9949DA21
(0.403000) can0 3A1#884C0FCA0018C247
(0.404000) can0 243#02FC9B0D05D60000
(0.405000) can0 234#3220032EB904E0BB
(0.405000) can0 1D8#29440000000080C6
(0.408000) can0 1D5#290000000000C0BF
(0.408000) can0 4E3#03FD000000002800
(0.409000) can0 420#2801404B00008004
(0.411000) can0 1F9#0000000000000000
(0.411000) can0 545#020002000000004E
(0.412000) can0 129#0922F15F0020FF3F
(0.413000) can0 54F#0000000000000000
(0.416000) can0 340#0900000000000000
(0.416000) can0 1E5#286C04000000209E
(0.417000) can0 1D5#290000000000E0DF
(0.418000) can0 739#2F07250100
(0.418000) can0 261#C2291302805CE2B4
(0.419000) can0 682#000000400411C0F5
(0.420000) can0 201#0104980000000000
(0.421000) can0 3C3#0000000000A50000
(0.421000) can0 7AA#04000FC000260000
(0.422000) can0 7E8#140500470DBD3B00
(0.424000) can0 113#019701
(0.424000) can0 243#0300008028442500
(0.425000) can0 241#7474141D1D4500
(0.426000) can0 1D8#294400000000C006
(0.427000) can0 2E1#026D6602206C0000
(0.427000) can0 2F3#07070B0400600002
(0.428000) can0 3FD#01000A0000080280
(0.430000) can0 118#DE64950000C80400
(0.431000) can0 1A5#00101F582D
(0.434000) can0 383#A51820002191E309
(0.434000) can0 263#0300000000000000
(0.437000) can0 1D8#294600000000E028
(0.437000) can0 1D5#290000000000201F
(0.438000) can0 126#1140385404
(0.439000) can0 279#35BAFC01B8056502
(0.440000) can0 395#090F13600C04047D
(0.441000) can0 757#3200000000000000
(0.444000) can0 2E1#FB1F99B997880900
(0.444000) can0 243#04FCC3F1A97CFFFF
(0.445000) can0 201#0200000000000000
(0.446000) can0 132#3B8F62FFFE3E
(0.446000) can0 360#0800000000000000
(0.447000) can0 1D5#290000000000403F
(0.448000) can0 266#0A000E300D007B01
(0.449000) can0 2D2#F22EB14E8813E822
(0.449000) can0 3F5#0000C838820C0000
(0.450000) can0 3F5#0000C838830C0000
(0.451000) can0 677#0100000000000000
(0.452000) can0 7D7#321C000000000000
(0.453000) can0 129#A126F05F0020FF3F
(0.456000) can0 263#04000000A01C0000
(0.456000) can0 1E5#286C04000000209E
(0.457000) can0 2EC#570045
(0.458000) can0 2D1#FF01
(0.460000) can0 2E5#00000E320000DD00
(0.460000) can0 359#0E040000BC889D82
(0.463000) can0 129#1B27F05F0120FF3F
(0.463000) can0 6C8#247C00F412200C00
(0.464000) can0 23E#00003AC002FF6FAA
(0.467000) can0 1D8#2946000000004088
(0.467000) can0 1D5#290000000000807F
(0.468000) can0 224#0408004019011008
(0.469000) can0 266#09000E300D007B01
(0.470000) can0 441#D500B6C358003544
(0.473000) can0 228#0106184C00605146
(0.473000) can0 3C8#0300000000000000
(0.474000) can0 2E1#658008002C51316A
(0.475000) can0 282#8C34D20814040324
(0.475000) can0 1D8#29480000000060AA
(0.476000) can0 1E5#286C0400000060DE
(0.477000) can0 257#9F455E5102202F01
(0.478000) can0 3E2#040000510FCF00
(0.478000) can0 3FD#0200440000000090
(0.480000) can0 294#14C1400040000000
(0.481000) can0 2AA#57D0D3
(0.484000) can0 261#00100C00FF4F2080
(0.484000) can0 123#01000000003F0000
(0.486000) can0 1D8#29480000000080CA
(0.487000) can0 31A#200100000000E01E
(0.487000) can0 118#646A950000C88400
(0.488000) can0 448#20001010000010
(0.489000) can0 289#CC0C06439D003D0F
(0.490000) can0 2E5#00000E320000DD00
(0.490000) can0 2C1#D0647E00008A0200
(0.493000) can0 7AA#0522880C50081300
(0.493000) can0 20E#130300
(0.496000) can0 263#89E6D1AFB74F5F1F
(0.496000) can0 1E5#286C04000000209E
(0.497000) can0 393#0380610000000000
(0.498000) can0 3F9#0400000000000000
(0.498000) can0 4E2#025D040000002800
(0.500000) can0 21D#0400B50000000000
(0.502000) can0 3A1#884C0FCA0018E267
(0.506000) can0 339#02F1FE008007800F
(0.508000) can0 1E5#286C0400000040BE
(0.510000) can0 3FD#0000003C20000180
(0.516000) can0 4E3#047C800707600000
(0.520000) can0 118#476D950000C86400
(0.522000) can0 2E5#00000E320000DD00
(0.524000) can0 129#012DF05FFF1FFF3F
(0.526000) can0 243#0300008028442500
(0.528000) can0 3A8#0102000700020100
(0.530000) can0 2E5#00000E320000DD00
(0.532000) can0 195#000000000A002706
(0.535000) can0 383#A51820002191E309
(0.537000) can0 132#3A8F5DFFEE3E
(0.537000) can0 257#8A385E5102182F01
(0.538000) can0 126#1240385C0D
(0.539000) can0 268#1C0E9C01FF
(0.540000) can0 395#090F13600C04047D
(0.540000) can0 379#02000948333F2100
(0.541000) can0 757#2C3F3E0000000000
(0.544000) can0 129#462FF05F0020FF3F
(0.544000) can0 2C3#555BA9B682C112AA
(0.545000) can0 295#9600A1FF0000000A
(0.546000) can0 132#398F59FFE33E
(0.546000) can0 261#D401D04B0040648A
(0.547000) can0 1D5#290000000000807F
(0.548000) can0 266#0A000E310D007B01
(0.549000) can0 7D5#2B735FFF00000000
(0.550000) can0 2E5#00000E320000DD00
(0.551000) can0 3B2#039F021611005E09
(0.552000) can0 7D5#2C3F3F0000000000
(0.552000) can0 2E3#94926020850400
(0.553000) can0 400#00E0FBBEEFFB00
(0.554000) can0 3AE#0F40000800001169
(0.555000) can0 263#04000000A01C0000
(0.555000) can0 1D8#294C0000000060AE
(0.556000) can0 1E5#286C0400000060DE
(0.557000) can0 2EC#571055
(0.558000) can0 2D1#FF01
(0.560000) can0 3FD#01000A0000080280
(0.566000) can0 2E5#00000E320000DD00
(0.568000) can0 283#000000004000
(0.571000) can0 22B#FFFFFF1F80FFFFFF
(0.573000) can0 677#0400000000000000
(0.576000) can0 3C8#0400000000000000
(0.576000) can0 1E5#286C04000000209E
(0.577000) can0 1BB#02
(0.578000) can0 1D5#290000000000E0DF
(0.578000) can0 3C2#0055555500006A05
(0.579000) can0 103#22B38804A2F02032
(0.580000) can0 2E5#00000E320000DD00
(0.583000) can0 2AA#57E0E3
(0.585000) can0 123#00001392D2000000
(0.587000) can0 39D#FC54E12700
(0.589000) can0 118#CD64950000C8F4FF
(0.591000) can0 788#B8D4B1830000B600
(0.593000) can0 281#0000FF1F0000
(0.596000) can0 20E#140400
(0.598000) can0 1E5#286C0400000060DE
(0.599000) can0 25D#3741012A04F08803
(0.600000) can0 4E2#03B0010000002800
(0.600000) can0 227#000000004E000080
(0.603000) can0 2E1#398D2AFF0F000000
(0.603000) can0 552#00000000000050A7
(0.604000) can0 243#02FC930D05D60000
(0.605000) can0 234#3320032FBD042001
(0.605000) can0 1D8#294E000000000050
(0.608000) can0 1D5#290000000000403F
(0.608000) can0 4E3#D5028201001C0000
(0.609000) can0 420#2801404B00008005
(0.610000) can0 3FD#0200440000000090
(0.612000) can0 1F9#0000000000000000
(0.613000) can0 428#20001010000010
(0.614000) can0 340#0B40000000000000
(0.615000) can0 263#020080060D343421
(0.615000) can0 1D8#294E000000002070
(0.616000) can0 132#3F8F53FFD73E
(0.617000) can0 257#8E3C5E5102182F01
(0.618000) can0 401#052A449540954595
(0.618000) can0 22B#FFFFFF1F80FFFFFF
(0.619000) can0 78A#0100020060065F06
(0.620000) can0 682#000000400411E015
(0.621000) can0 3C3#0000000000A50000
(0.623000) can0 129#B627F05F0020FF3F
(0.623000) can0 52F#0006545F04E4E540
(0.625000) can0 414#1000000000434956
(0.626000) can0 55A#0100000000000000
(0.626000) can0 318#1A06290D102331D5
(0.627000) can0 261#B34C0A000040B5F4
(0.628000) can0 405#100000000035594A
(0.629000) can0 1D5#290000000000807F
(0.629000) can0 553#000000000000E038
(0.630000) can0 286#E59E5A1931
(0.631000) can0 186#010D0002002D1925
(0.631000) can0 1A5#00101F683D
(0.632000) can0 396#091E1E54545C0D7D
(0.633000) can0 1FA#1AC001
(0.634000) can0 25B#D38000056A867013
(0.634000) can0 719#EE87630054630014
(0.636000) can0 2E1#FB1F98A9978C0900
(0.637000) can0 266#0B000E310D007B01
(0.637000) can0 257#8F3D5E5102182F01
(0.638000) can0 372#0265C03EA0871C75
(0.639000) can0 268#1C0E9C01FF
(0.640000) can0 395#090F12600C04047D
(0.640000) can0 379#03C00D4833B92200
(0.641000) can0 757#2C3F3E0000000000
(0.642000) can0 261#D401D04B0040C4EA
(0.643000) can0 129#5D29F05FFF1FFF3F
(0.645000) can0 2C3#0000C04B010040CB
(0.645000) can0 1D8#2950400100008013
(0.646000) can0 1E5#286C04000000007E
(0.647000) can0 360#0A00000000000000
(0.648000) can0 118#346A950000C85400
(0.649000) can0 392#000B000000000000
(0.650000) can0 2E5#00000E320000DD00
(0.651000) can0 2E1#0400000000202600
(0.651000) can0 7AA#074EFF4DFFD7FE48
(0.652000) can0 7D5#2C3F3F0000000000
(0.653000) can0 129#822AF05FFF1FFF3F
(0.653000) can0 400#00E0FBBEEFFB00
(0.654000) can0 381#1700000000000000
(0.655000) can0 234#2EE10380430034A4
(0.656000) can0 118#746B950000C894FF
(0.656000) can0 266#0B000E310D007B01
(0.657000) can0 1D5#290000000000E0DF
(0.658000) can0 2D1#FF01
(0.661000) can0 3AE#0F40000800004098
(0.664000) can0 129#1A2BF05F0020FF3F
(0.664000) can0 3E9#00880200000030A6
(0.667000) can0 1D8#2952C0040000C0D8
(0.667000) can0 1D5#29000000000000FF
(0.668000) can0 266#0B000E310D007B01
(0.669000) can0 2B4#4105510E7D01
(0.669000) can0 224#0408004019011008
(0.670000) can0 3F6#00050000B6340000
(0.671000) can0 2C1#0400000000000000
(0.674000) can0 228#0106184C00607166
(0.674000) can0 263#700ED29FA74F5F1F
(0.675000) can0 3A2#52A7FFFF04000000
(0.676000) can0 118#076D950000C82400
(0.676000) can0 266#0B000E310D007B01
(0.678000) can0 3C2#0055555500006A05
(0.681000) can0 2E5#00000E320000DD00
(0.681000) can0 2AA#57F0F3
(0.682000) can0 2E1#1021040010000004
(0.683000) can0 719#0CD30F005A0A6000
(0.686000) can0 123#01000000003F0000
(0.686000) can0 221#610555550107205B
(0.687000) can0 1D5#290000000000403F
(0.690000) can0 448#20001010000010
(0.690000) can0 2C1#D0647E00008A0200
(0.691000) can0 677#0200000000000000
(0.692000) can0 281#0000FF1F0000
(0.692000) can0 129#DE2EF05FFF1FFF3F
(0.693000) can0 20E#150500
(0.695000) can0 207#0000000000000000
(0.695000) can0 1D8#29548007000020FD
(0.696000) can0 1E5#286C04000000209E
(0.697000) can0 257#82305E5102182F01
(0.698000) can0 393#0380610000000000
(0.698000) can0 3F9#0600000000000000
(0.699000) can0 211#BF1B710F1001
(0.700000) can0 21D#0400B50000000000
(0.701000) can0 37D#ECFEE5FEFBFFCF7F
(0.701000) can0 3DD#F77C028000000000
(0.702000) can0 3A1#884C0FCA001822A7
(0.703000) can0 339#02F1FE008007800F
(0.704000) can0 23E#00003AC002FFCF0A
(0.704000) can0 243#02FC930D05D60000
(0.706000) can0 45A#2440BEC15F2E4736
(0.709000) can0 1D5#290000000000807F
(0.709000) can0 420#2801404B00000006
(0.710000) can0 2C1#216B186402000000
(0.713000) can0 129#CA20F05FFF1FFF3F
(0.713000) can0 428#20001010000010
(0.714000) can0 340#0000000000000000
(0.715000) can0 343#0092641E96000000
(0.715000) can0 1D8#295480080000603E
(0.716000) can0 1E5#286C0400000060DE
(0.717000) can0 257#83315E5102182F01
(0.718000) can0 320#0100000800000000
(0.718000) can0 22B#FFFFFF1F80FFFFFF
(0.719000) can0 682#000000400411F025
(0.721000) can0 2E5#00000E320000DD00
(0.724000) can0 261#B34C0A0000401554
(0.724000) can0 243#0300008028442500
(0.725000) can0 241#7274941C1D4500
(0.726000) can0 132#388F40FFBA3E
(0.726000) can0 3A8#2A80E9F51F00FFDF
(0.727000) can0 3DF#0000C00002D0001B
(0.728000) can0 118#EC62950000C81400
(0.731000) can0 2E5#00000E320000DD00
(0.731000) can0 396#091E1F54535C0D7D
(0.732000) can0 383#A51820002191E309
(0.733000) can0 1FA#1AC001
(0.733000) can0 25B#D38000056A868023
(0.734000) can0 263#0300000000000000
(0.736000) can0 1D8#2956C0090000A0C1
(0.736000) can0 221#6055551554513118
(0.737000) can0 1D5#290000000000E0DF
(0.738000) can0 401#0B2A449554954A95
(0.739000) can0 1D6#02080000CA401708
(0.739000) can0 279#38BDFC01B8056502
(0.740000) can0 242#55558600
(0.741000) can0 379#0400456E000D0000
(0.742000) can0 376#0200FFFFFFFF0000
(0.742000) can0 376#04FFFFFFFF56565A
(0.743000) can0 3D6#5D5D5D5D5D2B144D
(0.744000) can0 656#0B00194701000000
(0.745000) can0 356#0000000000000000
(0.745000) can0 357#0000000000000000
(0.747000) can0 35A#0000000000000000
(0.748000) can0 1D5#29000000000000FF
(0.748000) can0 409#00
(0.749000) can0 2D2#F12EB04E8813E822
(0.750000) can0 360#0000000000000000
(0.763000) can0 3F5#0000C838830C0000
(0.767000) can0 7A8#0240C207000F0000
(0.769000) can0 1D5#290000000000403F
(0.771000) can0 421#021A0000002000
(0.773000) can0 718#02000000000000
(0.775000) can0 3C8#0600000000000000
(0.779000) can0 1D8#2958800A00002004
(0.788000) can0 285#2445605872000000
(0.790000) can0 448#20001010000010
(0.792000) can0 3A3#18C00000380DFC01
(0.794000) can0 129#6128F05F0020FF3F
(0.797000) can0 201#006E6C0000E4FF00
(0.799000) can0 1D5#290000000000A09F
(0.801000) can0 3AE#0F400008000081D9
(0.803000) can0 261#C2291302805C6234
(0.805000) can0 363#0D000104DC5BB665
(0.807000) can0 2A8#0101000006008032
(0.809000) can0 309#0000000000000000
(0.812000) can0 1F9#0000000000000000
(0.812000) can0 129#822AF05FFF1FFF3F
(0.813000) can0 54F#0000000000000000
(0.814000) can0 340#0100000000000000
(0.815000) can0 263#020080060D343421
(0.815000) can0 1D8#295CC00A0000A0C8
(0.817000) can0 1E5#286C04000000209E
(0.818000) can0 372#05493B1500000000
(0.818000) can0 22B#FFFFFF1F80FFFFFF
(0.819000) can0 441#40858900320010F9
(0.820000) can0 2E5#00000E320000DD00
(0.821000) can0 3E3#04000000
(0.823000) can0 129#1A2BF05F0020FF3F
(0.823000) can0 113#019701
(0.824000) can0 458#00002000000000
(0.825000) can0 23E#00003AC002FFFF3A
(0.825000) can0 39D#025AE12700
(0.826000) can0 3B3#8C8004300100A800
(0.827000) can0 2E1#FB1F99A997910900
(0.828000) can0 1D5#29000000000000FF
(0.829000) can0 3C2#2955000000000000
(0.830000) can0 186#FF0F000200291925
(0.831000) can0 1A5#00101F784D
(0.831000) can0 396#091E2054525C0D7D
(0.832000) can0 383#A51820002191E309
(0.833000) can0 1FA#1AC001
(0.836000) can0 261#D401C84B004084A2
(0.836000) can0 1E5#286C0400000060DE
(0.837000) can0 2F1#0802002804D00200
(0.838000) can0 108#E2EE027201381925
(0.838000) can0 128#0000EC0A02
(0.839000) can0 268#1C0E9C01FF
(0.840000) can0 395#090F11600C04037D
(0.841000) can0 397#F33F80791C0A0000
(0.841000) can0 757#2C003E0000000000
(0.843000) can0 2E1#0400000000202600
(0.846000) can0 2C3#0000C04B010040CB
(0.846000) can0 752#0B00000000000000
(0.847000) can0 212#5904000081FF7731
(0.848000) can0 252#894BA97B00FC0F00
(0.848000) can0 2D2#F12EB04E8813E822
(0.849000) can0 352#02EF05EC0548103E
(0.850000) can0 315#02000B1700000000
(0.851000) can0 261#0522DDC99A42902F
(0.851000) can0 3E8#0600000000000000
(0.852000) can0 3D5#5F5F5F5F5F2C0162
(0.853000) can0 129#DE2EF05FFF1FFF3F
(0.854000) can0 400#00E0FBBEEFFB00
(0.854000) can0 37A#B10A000000000000
(0.856000) can0 3A7#0000000000000000
(0.857000) can0 132#368F3CFFAA3E
(0.857000) can0 1D5#290000000000605F
(0.858000) can0 257#9A485E5102182F01
(0.859000) can0 3AE#0F4000080000A0F8
(0.860000) can0 36B#0000000000000000
(0.860000) can0 2E5#00000E320000DD00
(0.861000) can0 122#01000000003F0000
(0.862000) can0 7D5#2C3F3F0000000000
(0.863000) can0 7D7#321C000000000000
(0.863000) can0 249#E20A0000
(0.864000) can0 23E#00003AC002FF0F4A
(0.865000) can0 7A8#BCCCB18300008200
(0.866000) can0 1D8#295E400B000040EB
(0.867000) can0 261#00100A00FF4FA0FE
(0.868000) can0 264#3C000000A000
(0.869000) can0 266#0D000E310E007901
(0.869000) can0 421#021A0000002000
(0.870000) can0 2C1#0400000000000000
(0.871000) can0 2BF#00000000000001
(0.874000) can0 228#0106184C00609186
(0.874000) can0 55A#0200000000000000
(0.875000) can0 282#8C34D20818040324
(0.876000) can0 1D8#295E400B0000600B
(0.876000) can0 1E5#286C0400000060DE
(0.877000) can0 1D5#290000000000A09F
(0.878000) can0 3E2#04000041FFCE00
(0.881000) can0 2E5#00000E320000DD00
(0.882000) can0 22A#0000F916
(0.883000) can0 34A#0300000000000000
(0.886000) can0 3FD#0000003C20000180
(0.892000) can0 123#01000000003F0000
(0.894000) can0 129#9422F05FFF1FFF3F
(0.896000) can0 263#89E6D1AFB74F5F1F
(0.898000) can0 1E5#286C04000000209E
(0.900000) can0 21D#0400B50000000000
(0.901000) can0 227#000000004E000080
(0.904000) can0 3A1#884C0FCA001862E7
(0.904000) can0 344#00000000000060A7
(0.905000) can0 7B5#010000
(0.906000) can0 39D#045CE12700
(0.906000) can0 132#2C8F2DFF993E
(0.908000) can0 381#032C3D00C0200400
(0.909000) can0 266#0D000E310E007901
(0.909000) can0 420#2801404B00000007
(0.910000) can0 380#0000004000000000
(0.911000) can0 2E5#00000E320000DD00
(0.914000) can0 129#0524F05FFF1FFF3F
(0.914000) can0 261#B34C0A000040D514
(0.915000) can0 6A2#0000000000
(0.916000) can0 118#FF65950000C82400
(0.916000) can0 266#0D000E310E007901
(0.917000) can0 1D5#290000000000201F
(0.918000) can0 287#30322F31DB020000
(0.919000) can0 441#4085890032001801
(0.919000) can0 2E5#00000E320000DD00
(0.921000) can0 201#0104980000000000
(0.924000) can0 2E1#FB1F99A997960900
(0.924000) can0 243#0300008028442500
(0.925000) can0 241#7374D41C1D4500
(0.926000) can0 132#1B8F31FF993E
(0.926000) can0 3C2#2955000000000000
(0.927000) can0 2F3#07070B0400600002
(0.928000) can0 266#0D000E310E007901
(0.929000) can0 3AE#104000080000C019
(0.929000) can0 2E5#00000E320000DD00
(0.930000) can0 195#000000000A002706
(0.931000) can0 27A#BAB00C01B8056202
(0.932000) can0 677#0300000000000000
(0.932000) can0 129#C826F05FFF1FFF3F
(0.934000) can0 25B#D38000056A86A043
(0.935000) can0 2B3#8D04A094EA716319
(0.935000) can0 3FD#01000A0000080280
(0.937000) can0 1D8#2962C00B0000204F
(0.938000) can0 126#1740387C32
(0.939000) can0 1D6#02080000CA401708
(0.940000) can0 2E1#0400000000202600
(0.940000) can0 379#060093B8000D0000
(0.941000) can0 395#090F12600C04047D
(0.942000) can0 401#152A549551955795
(0.943000) can0 381#0400000000000000
(0.943000) can0 757#3200000000000000
(0.944000) can0 23E#00003AC002FF2F6A
(0.945000) can0 243#04FCC3F1A97CFFFF
(0.946000) can0 1D8#2962000C000040B0
(0.947000) can0 212#5904000081FF7731
(0.948000) can0 266#0D000E310E007901
(0.949000) can0 2F2#1201
(0.949000) can0 712#0300000000000000
(0.950000) can0 3F5#0000C838830C0000
(0.951000) can0 7D5#2C3F3F0000000000
(0.954000) can0 3A1#C1FFFF2B3D007057
(0.954000) can0 38D#567AAAAAAA244902
(0.955000) can0 234#2EE1038043009404
(0.956000) can0 118#3369950000C85400
(0.956000) can0 266#0D000E310E007901
(0.957000) can0 1D5#290000000000A09F
(0.958000) can0 2D1#FF01
(0.961000) can0 2E5#00000E320000DD00
(0.962000) can0 7AA#0B5000284C003D00
(0.965000) can0 7A8#01000000FFA1C812
(0.965000) can0 1D8#2964000C000080F2
(0.966000) can0 1E5#286C04000000007E
(0.967000) can0 2C4#2522420800000020
(0.967000) can0 118#446A950000C86400
(0.968000) can0 224#0408004019011008
(0.969000) can0 272#0380610000000000
(0.970000) can0 2E5#00000E320000DD00
(0.970000) can0 201#0300000000000000
(0.971000) can0 677#0400000000000000
(0.972000) can0 545#010000000010106B
(0.973000) can0 129#EB2AF05F0020FF3F
(0.976000) can0 263#700ED29FA74F5F1F
(0.979000) can0 3C2#0055555500006A05
(0.981000) can0 2E5#00000E320000DD00
(0.983000) can0 1F8#1A000000
(0.985000) can0 23E#00003AC002FF3F7A
(0.987000) can0 3FD#0200440000000090
(0.991000) can0 1D8#2964000C0000C032
(0.992000) can0 129#D72CF05F0120FF3F
(0.993000) can0 20E#100000
(0.996000) can0 261#C2291302805C22F4
(0.996000) can0 1E5#286C0400000060DE
(0.997000) can0 372#0800000000000000
(0.998000) can0 393#080002C107B00304
(0.998000) can0 25D#3741012A04F08803
(0.999000) can0 407#0F04000000000000
(1.001000) can0 247#5E0EFF0000000000
(1.009000) can0 2E1#026D6602206B0000
(1.014000) can0 1F9#0000000000000000
(1.016000) can0 343#0092688E96000000
(1.018000) can0 401#192A449545954695
(1.020000) can0 22B#FFFFFF1F80FFFFFF
(1.022000) can0 3C3#0000000000A50000
(1.024000) can0 129#332FF05F0220FF3F
(1.026000) can0 23E#00003AC002FF4F8A
(1.029000) can0 1E5#286C0400000040BE
(1.030000) can0 2E5#00000E320000DD00
(1.030000) can0 195#000000000A002706
(1.031000) can0 396#091E1D54515A0D7D
(1.032000) can0 7AA#0C00000000000039
(1.033000) can0 129#D620F05F0220FF3F
(1.034000) can0 2E1#0400000000202600
(1.037000) can0 1D8#2968400C00006016
(1.037000) can0 1D5#290000000000A09F
(1.038000) can0 128#0000EC0A02
(1.039000) can0 268#1C0E9C01FF
(1.039000) can0 2B6#000300
(1.040000) can0 2E5#00000E320000DD00
(1.041000) can0 423#00001000000000
(1.042000) can0 757#3200000000000000
(1.042000) can0 129#C121F05F0220FF3F
(1.045000) can0 2C3#0000C04B010040CB
(1.045000) can0 1D8#2968800C00008076
(1.046000) can0 1E5#286C04000000007E
(1.048000) can0 1D5#290000000000C0BF
(1.049000) can0 2D2#F22EB04E8813E822
(1.049000) can0 3F5#0000C838820C0000
(1.050000) can0 2E5#00000E320000DD00
(1.051000) can0 2E1#658008002D51316A
(1.051000) can0 7D5#2C3F3F0000000000
(1.052000) can0 3A1#C1FFFF3D3D009089
(1.053000) can0 400#00E0FBBEEFFB00
(1.054000) can0 102#22B3480494FAA009
(1.054000) can0 263#04000000A01C0000
(1.055000) can0 1D8#2968800C0000A096
(1.056000) can0 132#288F25FF863E
(1.057000) can0 2EC#5760A5
(1.057000) can0 372#0900000000F83F00
(1.058000) can0 261#00100B00FF4F60BF
(1.060000) can0 3AE#114000080000005A
(1.060000) can0 359#1500000000000000
(1.063000) can0 129#4723F05F0120FF3F
(1.065000) can0 23E#00003AC002FF5F9A
(1.065000) can0 39D#F850E12700
(1.066000) can0 1E5#286C0400000040BE
(1.067000) can0 1D5#29000000000000FF
(1.067000) can0 118#6E64950000C89400
(1.068000) can0 224#0408004019011008
(1.069000) can0 272#080003E107B00304
(1.070000) can0 3C4#0D030000EA033189
(1.070000) can0 201#0300000000000000
(1.071000) can0 3A2#32A7FFFF04000000
(1.072000) can0 545#010000000010409B
(1.073000) can0 3C0#0200000000000000
(1.074000) can0 263#700ED29FA74F5F1F
(1.075000) can0 282#8C34D20814040324
(1.076000) can0 132#148F21FF793E
(1.076000) can0 3C2#0055555500006A05
(1.077000) can0 284#300000004008E0DE
(1.078000) can0 401#1C2A49954D954B95
(1.081000) can0 2E5#00000E320000DD00
(1.081000) can0 22A#0000F916
(1.082000) can0 2E1#398D2AFF0F000000
(1.083000) can0 719#0003140F14070E00
(1.086000) can0 123#01000000003F0000
(1.086000) can0 221#610555550107A0DB
(1.087000) can0 1D5#290000000000403F
(1.089000) can0 448#20001010000010
(1.089000) can0 788#0240C50700030000
(1.090000) can0 261#C2291302805C8254
(1.091000) can0 677#0200000000000000
(1.094000) can0 207#0000000000000000
(1.094000) can0 263#89E6D1AFB74F5F1F
(1.095000) can0 201#006D6C0000E4FF00
(1.096000) can0 118#0167950000C82400
(1.096000) can0 266#0E000E310E007901
(1.097000) can0 1D5#290000000000605F
(1.098000) can0 401#1D2A509551954C95
(1.099000) can0 4E2#013B0E0000002800
(1.099000) can0 75D#8000000000000000
(1.102000) can0 247#5E0EFF0000000000
(1.103000) can0 20C#009837191A01000E
(1.104000) can0 23E#00003AC002FF6FAA
(1.105000) can0 234#3320032EB904C09C
(1.105000) can0 2A8#010100000600B062
(1.106000) can0 132#1A8F1CFF683E
(1.107000) can0 1D5#290000000000807F
(1.107000) can0 266#0F000E310E007901
(1.108000) can0 4E3#03FD000000002800
(1.109000) can0 420#2801404B00000000
(1.110000) can0 1F9#0000000000000000
(1.110000) can0 422#700010000000
(1.113000) can0 7AA#C0EF8E3C00088C29
(1.113000) can0 428#20001010000010
(1.114000) can0 340#0400000000000000
(1.116000) can0 2B3#1000000000100000
(1.116000) can0 1E5#286C0400000060DE
(1.117000) can0 257#87355E5102182F01
(1.118000) can0 2C2#2040404B010080CB
(1.119000) can0 22B#FFFFFF1F80FFFFFF
(1.119000) can0 78A#0100000026130C0D
(1.120000) can0 2E5#00000E320000DD00
(1.123000) can0 261#D401D84B0040A4D2
(1.123000) can0 414#1233585646544756
(1.124000) can0 439#0000000000185A04
(1.125000) can0 7F4#01
(1.125000) can0 318#1A06290D10233BDF
(1.126000) can0 132#1D8F1EFF6D3E
(1.127000) can0 285#61018E0308002E00
(1.128000) can0 1D5#290000000000C0BF
(1.131000) can0 2E5#00000E320000DD00
(1.131000) can0 396#091E1D54535A0D7D
(1.132000) can0 383#A51820002191E309
(1.133000) can0 1FA#1AC001
(1.133000) can0 719#0100040000000000
(1.134000) can0 263#0300000000000000
(1.137000) can0 1D8#296E000D0000A01D
(1.137000) can0 1D5#290000000000E0DF
(1.138000) can0 2F1#2B80008600000000
(1.139000) can0 261#0522DDC99A42B04F
(1.139000) can0 3A2#0110200000000000
(1.140000) can0 2E5#00000E320000DD00
(1.141000) can0 401#1F2A509540955495
(1.143000) can0 757#2C3F3E0000000000
(1.145000) can0 23E#00003AC002FF7FBA
(1.145000) can0 1D8#296E000D0000C03D
(1.146000) can0 132#178F19FF6F3E
(1.147000) can0 360#0400000000000000
(1.147000) can0 212#5904000081FF7731
(1.148000) can0 292#3222A8A38D010000
(1.149000) can0 312#E5214817408D0800
(1.150000) can0 3B2#059D19153B211500
(1.150000) can0 2C1#531A900000000000
(1.151000) can0 7D5#2B6E4FFF00000000
(1.152000) can0 7D5#3200000000000000
(1.153000) can0 129#8E2CF15F0020FF3F
(1.153000) can0 400#00E0FBBEEFFB00
(1.155000) can0 261#00100B00FF4FC01F
(1.156000) can0 118#376D950000C85400
(1.156000) can0 266#0F000E310E007901
(1.157000) can0 1D5#290000000000201F
(1.158000) can0 2D1#FF01
(1.159000) can0 3E9#F0880221000030B7
(1.159000) can0 3E9#00880200000040B6
(1.160000) can0 225#5555FA00
(1.161000) can0 122#00001392D2000000
(1.164000) can0 2E1#1021040010000004
(1.164000) can0 7A8#BCCCB18300008200
(1.167000) can0 1D8#296E400D000000BD
(1.167000) can0 1D5#290000000000403F
(1.168000) can0 224#0408004019011008
(1.169000) can0 272#0380610000000000
(1.170000) can0 441#D100B6C358002D38
(1.171000) can0 443#780DFF030000
(1.172000) can0 718#04000000000000
(1.172000) can0 129#432EF15F0020FF3F
(1.173000) can0 3C8#0300000000000000
(1.176000) can0 263#700ED29FA74F5F1F
(1.178000) can0 1E5#286C04000000209E
(1.180000) can0 3C2#0055555500006A05
(1.182000) can0 2E8#010100000600E0D2
(1.184000) can0 129#1F2FF15F0120FF3F
(1.186000) can0 123#00001392D2000000
(1.188000) can0 221#610555550107C0FB
(1.191000) can0 448#20001010000010
(1.192000) can0 207#0000000000000000
(1.193000) can0 129#5720F15F0020FF3F
(1.194000) can0 2E1#026D6602206B0000
(1.195000) can0 263#89E6D1AFB74F5F1F
(1.195000) can0 1D8#2970800D0000605F
(1.196000) can0 1E5#286C0400000060DE
(1.197000) can0 393#080002C107B00304
(1.198000) can0 3F9#0200000000000000
(1.198000) can0 21D#0400B50000000000
(1.199000) can0 211#B410710F1001
(1.200000) can0 2E5#00000E320000DD00
(1.203000) can0 247#5D0EFF0000000000
(1.203000) can0 3A2#6005F3B21C80426F
(1.204000) can0 243#02FC9B0D05D60000
(1.205000) can0 234#3220032FBD04E0C0
(1.206000) can0 1D8#2972800D00008081
(1.207000) can0 118#2C62950000C85400
(1.210000) can0 4E3#047C800707600000
(1.210000) can0 2C1#216B186402000000
(1.211000) can0 677#0000000000000000
(1.214000) can0 129#0922F15F0020FF3F
(1.214000) can0 340#0500000000000000
(1.217000) can0 1D8#2972C00D0000A0E1
(1.219000) can0 287#30322F31DB020000
(1.221000) can0 77A#0033ACFF0813785B
(1.223000) can0 129#1E23F15F0020FF3F
(1.225000) can0 113#019701
(1.227000) can0 241#7474141D1D4500
(1.229000) can0 2D3#F4005803280E2543
(1.233000) can0 2E5#00000E320000DD00
(1.234000) can0 261#0522DDC99A4210AF
(1.235000) can0 2B3#018C807C79837C74
(1.235000) can0 1D8#2972C00D0000E021
(1.236000) can0 1E5#286C0400000060DE
(1.237000) can0 257#8D3B5E5102182F01
(1.238000) can0 2F1#0CF9001021000000
(1.238000) can0 1D6#02080000CA401708
(1.239000) can0 279#2DB2FC01B8056502
(1.240000) can0 395#090F12600C05047D
(1.241000) can0 379#090000000D000C03
(1.241000) can0 545#E0045D60998F99AC
(1.242000) can0 2E1#658008002D51316A
(1.245000) can0 2C3#0000C04B010040CB
(1.246000) can0 1D8#2972C00D00000041
(1.247000) can0 360#0500040000000000
(1.248000) can0 212#5904000081FF7731
(1.248000) can0 292#3222A8A38D010000
(1.249000) can0 3F5#0000C838820C0000
(1.250000) can0 7D5#2C3F3F0000000000
(1.251000) can0 261#00100B00FF4F207F
(1.252000) can0 7D7#321C000000000000
(1.256000) can0 263#04000000A01C0000
(1.258000) can0 1E5#286C04000000209E
(1.260000) can0 2E1#1021040010000004
(1.262000) can0 359#983FEF1004E1000C
(1.264000) can0 129#4227F15F0020FF3F
(1.267000) can0 7A8#01000000FFA1B812
(1.269000) can0 2C4#6836E02A21DEE2A8
(1.271000) can0 2B4#3F054E0E7301
(1.271000) can0 545#010000000010A0FB
(1.272000) can0 228#0106184C0060D1C6
(1.273000) can0 3C8#0400000000000000
(1.276000) can0 2E1#398D2AFF0F000000
(1.276000) can0 1E5#286C0400000060DE
(1.277000) can0 253#0064A6C66490B505
(1.278000) can0 213#485D
(1.278000) can0 103#22B38804A2F02032
(1.281000) can0 2E5#00000E320000DD00
(1.281000) can0 2AA#575053
(1.282000) can0 261#C2291302805C4214
(1.283000) can0 719#0D00000000000000
(1.284000) can0 123#01000000003F0000
(1.287000) can0 1D8#2974000E00008004
(1.287000) can0 118#E46A950000C80400
(1.288000) can0 448#20001010000010
(1.289000) can0 289#CC0C064394003D0F
(1.289000) can0 2E5#00000E320000DD00
(1.290000) can0 2C1#D0647E00008A0200
(1.291000) can0 677#0200000000000000
(1.292000) can0 31F#794C7E4A7E4B7E4A
(1.292000) can0 129#1F2AF15F0020FF3F
(1.293000) can0 20E#130300
(1.296000) can0 263#89E6D1AFB74F5F1F
(1.296000) can0 1E5#286C04000000209E
(1.297000) can0 257#903E5E5102182F01
(1.299000) can0 393#0380610000000000
(1.299000) can0 7C8#0A01080007001F00
(1.300000) can0 25D#3741012A04F08803
(1.303000) can0 247#5D0EFF0000000000
(1.303000) can0 3A1#884C0FCA0018E267
(1.304000) can0 23E#00003AC002FFBFFA
(1.305000) can0 45A#2440BEC15F2E4736
(1.305000) can0 1D8#2976000E0000C046
(1.306000) can0 1E5#286C0400000040BE
(1.307000) can0 1D5#29000000000000FF
(1.310000) can0 38B#FEFECF1715802203
(1.310000) can0 2C1#216B186402000000
(1.313000) can0 129#8E2CF15F0020FF3F
(1.313000) can0 428#20001010000010
(1.315000) can0 340#0600400000000000
(1.316000) can0 1D8#2976000E0000E066
(1.316000) can0 1E5#286C0400000060DE
(1.317000) can0 1D5#290000000000201F
(1.318000) can0 320#0400000000000000
(1.319000) can0 441#3F85890032003820
(1.319000) can0 682#0000004004115085
(1.320000) can0 201#0104980000000000
(1.323000) can0 2E1#0400000000202600
(1.323000) can0 113#019701
(1.324000) can0 439#0000000000185A04
(1.325000) can0 243#0300008028442500
(1.325000) can0 1D8#2976400E000000C6
(1.326000) can0 473#0000030000000000
(1.328000) can0 5F3#94F520
(1.328000) can0 118#386E950000C85400
(1.331000) can0 2E5#00000E320000DD00
(1.331000) can0 396#091E1E54545B0D7D
(1.332000) can0 383#A51820002191E309
(1.333000) can0 1FA#1AC001
(1.333000) can0 25B#D38000056A86E083
(1.334000) can0 263#0300000000000000
(1.335000) can0 545#E0046690998FC915
(1.336000) can0 118#B86F950000C8D4FF
(1.336000) can0 221#605555155451F1D8
(1.337000) can0 1D5#290000000000605F
(1.338000) can0 126#1C40381CD7
(1.339000) can0 1D6#02080000CA401708
(1.339000) can0 279#2EB3FC01B8056502
(1.341000) can0 242#55558600
(1.342000) can0 757#3200000000000000
(1.342000) can0 129#1F2FF15F0120FF3F
(1.345000) can0 23E#00003AC002FFCF0A
(1.345000) can0 1D8#2976400E00004006
(1.346000) can0 132#1D8F0FFF553E
(1.347000) can0 360#0600000000000000
(1.347000) can0 212#5904000081FF7731
(1.348000) can0 292#3222A8A38D010000
(1.349000) can0 3E8#0400000000000000
(1.350000) can0 3F5#0000C838830C0000
(1.350000) can0 2C1#531A900000000000
(1.351000) can0 7D7#321D000000000000
(1.352000) can0 3A1#C1FFFF533D00F0FF
(1.353000) can0 129#5720F15F0020FF3F
(1.354000) can0 2E1#1021040010000004
(1.355000) can0 2B3#032323E40800003C
(1.356000) can0 118#3B61950000C86400
(1.356000) can0 266#10000F310E007A01
(1.357000) can0 1D5#290000000000A09F
(1.358000) can0 2D1#FF01
(1.361000) can0 2E5#00000E320000DD00
(1.363000) can0 261#3140FEFF97499ADE
(1.365000) can0 3AE#124000080000A1FC
(1.365000) can0 1D8#2978400E00008048
(1.366000) can0 1E5#286C04000000007E
(1.367000) can0 1D5#290000000000C0BF
(1.367000) can0 204#010000FF00000010
(1.369000) can0 22B#FFFFFF1F80FFFFFF
(1.370000) can0 421#021A0000002000
(1.371000) can0 201#0300000000000000
(1.371000) can0 2E1#398D2AFF0F000000
(1.372000) can0 718#00000000000000
(1.373000) can0 129#6022F15FFF1FFF3F
(1.373000) can0 405#100000000035594A
(1.374000) can0 666#0000C800
(1.375000) can0 282#9434D20814040324
(1.376000) can0 1D8#2978400E0000A068
(1.376000) can0 1E5#286C04000000209E
(1.377000) can0 04F#6CAD9A531767170E
(1.378000) can0 257#84325E5102182F01
(1.379000) can0 3FD#0000003C20000180
(1.386000) can0 40A#091000000000E007
(1.388000) can0 2E1#026D6602206B0000
(1.390000) can0 448#20001010000010
(1.392000) can0 3A3#1EC00000380DFC01
(1.394000) can0 129#9824F15F0020FF3F
(1.397000) can0 263#89E6D1AFB74F5F1F
(1.397000) can0 288#0106184C00603186
(1.398000) can0 31E#0100000000000000
(1.399000) can0 25D#3741012A04F08803
(1.400000) can0 2E5#00000E320000DD00
(1.400000) can0 3A2#6025F3B51C00426F
(1.401000) can0 545#020002000000E02E
(1.402000) can0 227#000000004E000080
(1.403000) can0 129#2225F15F0120FF3F
(1.404000) can0 552#000000000000D027
(1.405000) can0 2A8#010100000600E092
(1.406000) can0 132#118F07FF523E
(1.409000) can0 1D5#290000000000403F
(1.411000) can0 1F9#0000000000000000
(1.411000) can0 677#0000000000000000
(1.414000) can0 129#F826F15F0120FF3F
(1.414000) can0 340#0700000000000000
(1.415000) can0 6A2#0000000000
(1.416000) can0 1D8#297A800E0000202A
(1.416000) can0 1E5#286C04000000209E
(1.417000) can0 1D5#290000000000605F
(1.418000) can0 739#2F07250100
(1.419000) can0 2E1#0400000000202600
(1.420000) can0 682#0000004004116095
(1.423000) can0 7AA#04000FC000260000
(1.423000) can0 113#019701
(1.424000) can0 7F4#01
(1.425000) can0 243#0300008028442500
(1.427000) can0 1D8#297AC00E0000408A
(1.427000) can0 3C2#2955000000000000
(1.428000) can0 553#00000000000060B8
(1.429000) can0 3FD#01000A0000080280
(1.431000) can0 2E5#00000E320000DD00
(1.434000) can0 383#A51820002591E309
(1.434000) can0 2E1#658008002D51316A
(1.437000) can0 1D8#297AC00E000060AA
(1.437000) can0 1D5#290000000000A09F
(1.438000) can0 128#0000EC0A02
(1.439000) can0 279#2FB4FC01B8056502
(1.440000) can0 397#F33F80791C0C0000
(1.443000) can0 261#00100B00FF4FE03F
(1.445000) can0 2C3#0000C04B010040CB
(1.445000) can0 201#0200000000000000
(1.446000) can0 1E5#286C04000000007E
(1.447000) can0 360#0700000000000000
(1.447000) can0 212#5904000081FF7731
(1.448000) can0 292#3222A8A38D010000
(1.449000) can0 3B2#06A01300A5140000
(1.450000) can0 7D5#2B714FFF00000000
(1.450000) can0 2C1#531A900000000000
(1.451000) can0 7D5#2C3F3F0000000000
(1.452000) can0 3A1#C1FFFF233D0010EF
(1.453000) can0 400#00E0FBBEEFFB00
(1.454000) can0 263#04000000A01C0000
(1.455000) can0 45A#FD07F8FF03000F40
(1.456000) can0 118#F56B950000C81400
(1.456000) can0 266#11000F310E007A01
(1.457000) can0 1D5#290000000000E0DF
(1.458000) can0 2D1#FF01
(1.461000) can0 3AE#134000080000D02C
(1.463000) can0 129#052BF25F0320FF3F
(1.463000) can0 6C8#0100000000000000
(1.464000) can0 23E#00003AC002FFFF3A
(1.467000) can0 1D8#297AC00E0000C00A
(1.467000) can0 118#F66C950000C81400
(1.468000) can0 266#11000F310E007A01
(1.470000) can0 2C4#6A008117721F0C00
(1.470000) can0 201#0300000000000000
(1.473000) can0 228#0106184C0060F1E6
(1.473000) can0 3C8#0600000000000000
(1.474000) can0 261#C2291302805C02D4
(1.475000) can0 282#8C34D20818040324
(1.475000) can0 1D8#297AC00E0000E02A
(1.476000) can0 1E5#286C0400000060DE
(1.477000) can0 3C2#0055555500006A05
(1.478000) can0 3E2#040000510FCF00
(1.481000) can0 3FD#0200440000000090
(1.483000) can0 2E5#00000E320000DD00
(1.485000) can0 123#01000000003F0000
(1.485000) can0 1D8#297CC00E0000004C
(1.487000) can0 1E5#286C04000000007E
(1.488000) can0 266#11000F310E007A01
(1.488000) can0 448#20001010000010
(1.489000) can0 788#B8D4B1830000B600
(1.492000) can0 261#B34C0A0000401554
(1.492000) can0 129#A82EF25F0320FF3F
(1.493000) can0 20E#150500
(1.496000) can0 263#89E6D1AFB74F5F1F
(1.496000) can0 1E5#286C04000000209E
(1.497000) can0 1D5#290000000000605F
(1.498000) can0 3F9#0500000000000000
(1.498000) can0 2E1#FB1F949997840900
(1.499000) can0 21D#0400B50000000000
(1.500000) can0 25D#3741012A04F08803
(1.502000) can0 545#020002000000105E
(1.503000) can0 129#9F2FF35F0420FF3F
(1.507000) can0 2A8#010100000600F0A2
(1.509000) can0 118#6A60950000C89400
(1.511000) can0 1F9#0000000000000000
(1.513000) can0 3F2#01765C6A00000000
(1.515000) can0 54F#0000000000000000
(1.517000) can0 287#30322F31DA020000
(1.519000) can0 257#8B395E5102182F01
(1.521000) can0 78A#01000400CE06A100
(1.522000) can0 261#0522DCC99A4230CE
(1.525000) can0 113#019701
(1.525000) can0 241#7374D41C1D4500
(1.526000) can0 1E5#286C04000000007E
(1.527000) can0 61D#00B4791E8B15040C
(1.530000) can0 2E5#00000E320000DD00
(1.530000) can0 1A5#00101F3005
(1.531000) can0 2E1#658008002D51316A
(1.534000) can0 383#A51820002591E309
(1.534000) can0 263#0300000000000000
(1.537000) can0 1D8#297CC00E0000A0EC
(1.537000) can0 257#8C3A5E5102182F01
(1.538000) can0 128#0000EC0A02
(1.539000) can0 261#00100A00FF4F409E
(1.539000) can0 2B6#000300
(1.540000) can0 379#00000A48333F2100
(1.541000) can0 401#012A139519951995
(1.542000) can0 757#3200000000000000
(1.542000) can0 129#0C23F45F0520FF3F
(1.544000) can0 23E#00003AC002FF1F5A
(1.545000) can0 243#04FCC3F1A97CFFFF
(1.545000) can0 1D8#297CC00E0000C00C
(1.546000) can0 1E5#286C0400000040BE
(1.547000) can0 360#0800000000000000
(1.548000) can0 3F5#0000C838820C0000
(1.548000) can0 3F5#0000C838830C0000
(1.549000) can0 7D5#3200000000000000
(1.550000) can0 292#3222A8A38D010000
(1.551000) can0 2C1#531A900000000000
(1.551000) can0 42F#545AFE02FA00FF
(1.552000) can0 3A1#C1FFFF1F3D00300B
(1.555000) can0 22B#FFFFFF1F00FFFFFF
(1.557000) can0 45A#FD07F8FF03000F40
(1.560000) can0 401#022A109517950895
(1.562000) can0 359#1B00000000000000
(1.564000) can0 129#DA25F45F0020FF3F
(1.566000) can0 243#00FCCFCC90440D29
(1.568000) can0 3A2#52A7FFFF04000000
(1.571000) can0 272#0380610000000000
(1.571000) can0 677#0400000000000000
(1.572000) can0 228#0106184C006001F6
(1.573000) can0 3C0#0700000000000000
(1.576000) can0 263#700ED29FA74F5F1F
(1.578000) can0 1E5#286C04000000209E
(1.580000) can0 401#032A189512950595
(1.582000) can0 2E8#0101000006002012
(1.585000) can0 129#8527F35F0020FF3F
(1.587000) can0 1D8#297C000F000040CD
(1.589000) can0 118#C168950000C8E4FF
(1.591000) can0 788#01000000FFA1C812
(1.592000) can0 281#0A00FF1F0001
(1.595000) can0 20E#160600
(1.595000) can0 1D8#297C000F000060ED
(1.596000) can0 132#168FFFFE323E
(1.597000) can0 266#11000F310E007901
(1.597000) can0 288#0106184C006051A6
(1.598000) can0 31E#0300000000000000
(1.599000) can0 4E2#0600000000000000
(1.600000) can0 545#020002000000408E
(1.604000) can0 247#5C0EFF0000000000
(1.604000) can0 552#000000000000F047
(1.606000) can0 45A#2440BEC15F2E4736
(1.609000) can0 3FD#0000003C20000180
(1.610000) can0 1D5#290000000000C0BF
(1.611000) can0 422#700010000000
(1.614000) can0 129#232AF45FFF1FFF3F
(1.614000) can0 340#0900000000000000
(1.615000) can0 6A2#0000000000
(1.616000) can0 118#056B950000C82400
(1.616000) can0 266#11000F310E007901
(1.617000) can0 1D5#290000000000E0DF
(1.618000) can0 78A#010005009D0D0A00
(1.621000) can0 682#00000040041180B5
(1.623000) can0 129#D22BF45FFF1FFF3F
(1.623000) can0 52F#0006545F04F42780
(1.625000) can0 23E#00003AC002FF3F7A
(1.626000) can0 55A#0100000000000000
(1.626000) can0 666#0000C800
(1.627000) can0 1E5#286C0400000040BE
(1.628000) can0 318#1A062A0D102325CA
(1.628000) can0 381#1700000000000000
(1.629000) can0 458#00002000000000
(1.630000) can0 7FF#024612289C5181C2
(1.631000) can0 553#00000000000080D8
(1.631000) can0 195#000000000A002706
(1.632000) can0 2C1#0219160000D09201
(1.633000) can0 129#492CF35F0020FF3F
(1.634000) can0 383#A51820002591E309
(1.634000) can0 719#0003140F14070E00
(1.636000) can0 1D8#297CC00E0000E02C
(1.637000) can0 266#11000F310E007901
(1.637000) can0 108#4DE603F2012A1925
(1.638000) can0 372#0268403E80361460
(1.639000) can0 279#31B6FC01B8056502
(1.640000) can0 395#090F11600C05037D
(1.640000) can0 397#F33F80791C0C0000
(1.641000) can0 757#2C003E0000000000
(1.642000) can0 2E1#1021040010000004
(1.645000) can0 3AE#154000080000318F
(1.645000) can0 201#0200000000000000
(1.646000) can0 1E5#286C04000000007E
(1.647000) can0 360#0900000000000000
(1.647000) can0 212#5904000081FF7731
(1.649000) can0 292#3222A8A38D010000
(1.650000) can0 3E8#0000000000000000
(1.651000) can0 261#31400D009649BA0D
(1.651000) can0 677#0100000000000000
(1.652000) can0 302#0D16389367000000
(1.653000) can0 129#162EF45F0020FF3F
(1.653000) can0 7D7#321D000000000000
(1.654000) can0 37A#D109000000000000
(1.655000) can0 263#04000000A01C0000
(1.656000) can0 45A#FD07F8FF03000F40
(1.656000) can0 132#108F01FF3B3E
(1.657000) can0 1D5#290000000000605F
(1.658000) can0 401#072AF59415951495
(1.659000) can0 3FD#01000A0000080280
(1.662000) can0 2E5#00000E320000DD00
(1.665000) can0 3AE#154000080000409E
(1.665000) can0 545#01000000001060BB
(1.666000) can0 132#0E8F01FF333E
(1.667000) can0 283#000000004000
(1.667000) can0 204#010000FF00000010
(1.668000) can0 272#080003D907B00304
(1.669000) can0 224#0408004019011008
(1.670000) can0 2E5#00000E320000DD00
(1.670000) can0 201#0300000000000000
(1.671000) can0 443#790EFF030000
(1.674000) can0 228#0106184C00601106
(1.674000) can0 263#700ED29FA74F5F1F
(1.675000) can0 282#8C34D20810040324
(1.677000) can0 118#FB61950000C82400
(1.677000) can0 313#02646405000000E5
(1.678000) can0 401#082A209516951395
(1.681000) can0 2E5#00000E320000DD00
(1.681000) can0 22A#0000E916
(1.682000) can0 261#B34C0A000040D514
(1.683000) can0 719#0100040000000000
(1.686000) can0 123#01000000003F0000
(1.686000) can0 221#610555550107609B
(1.687000) can0 118#FC62950000C82400
(1.690000) can0 448#20001010000010
(1.690000) can0 2C1#D0647E00008A0200
(1.691000) can0 677#0200000000000000
(1.694000) can0 281#0B00FF1F0001
(1.695000) can0 263#89E6D1AFB74F5F1F
(1.696000) can0 118#7D63950000C8A400
(1.697000) can0 266#10000F310E007801
(1.697000) can0 257#84325E5102182F01
(1.698000) can0 3A2#602573B31C00426F
(1.699000) can0 381#1900000000000000
(1.700000) can0 401#092A14951A951895
(1.700000) can0 2E5#00000E320000DD00
(1.701000) can0 545#02000200000070BE
(1.704000) can0 247#5C0EFF0000000000
(1.704000) can0 552#0000000000000057
(1.705000) can0 45A#2440BEC15F2E4736
(1.706000) can0 39D#F850E12700
(1.706000) can0 2A8#01010000060010C2
(1.708000) can0 118#1E64950000C84400
(1.709000) can0 3FD#0200440000000090
(1.711000) can0 420#2801404B00000003
(1.713000) can0 129#A424F45FFF1FFF3F
(1.713000) can0 428#20001010000010
(1.714000) can0 287#30322F31DA020000
(1.715000) can0 2B3#0900F02E00008904
(1.715000) can0 1D8#297AC00E0000E02A
(1.716000) can0 132#048F04FF423E
(1.717000) can0 266#10000F310E007801
(1.718000) can0 2C2#2040404B010080CB
(1.718000) can0 401#0A2A1E9519951B95
(1.719000) can0 77A#A104A05CD05CAC5C
(1.720000) can0 78A#0100060003000000
(1.724000) can0 2E1#658008002E51316A
(1.724000) can0 243#0300008028442500
(1.725000) can0 241#7274941C1D4500
(1.726000) can0 132#028F04FF453E
(1.726000) can0 3C2#2955000000000000
(1.727000) can0 118#1066950000C83400
(1.728000) can0 285#034A7D5277000000
(1.731000) can0 2E5#00000E320000DD00
(1.731000) can0 396#091E1E54515B0D7D
(1.732000) can0 677#0300000000000000
(1.733000) can0 129#0026F45F0020FF3F
(1.733000) can0 25B#D38000056A8620C3
(1.734000) can0 381#1A00000000000000
(1.737000) can0 1D8#297AC00E0000206A
(1.738000) can0 108#47D703EA013B1925
(1.739000) can0 279#32B7FC01B8056502
(1.740000) can0 397#F33F80791C0A0000
(1.740000) can0 376#105F56595057B27D
(1.741000) can0 401#0B2A10951F951795
(1.742000) can0 376#FBFFFBFFFB0F6005
(1.743000) can0 757#3200000000000000
(1.743000) can0 757#465A595C5A405758
(1.744000) can0 656#0C02010100000000
(1.745000) can0 357#0000000000000000
(1.746000) can0 39D#F951E12700
(1.746000) can0 201#0200000000000000
(1.747000) can0 1E5#286C0400000040BE
(1.748000) can0 1D5#290000000000807F
(1.749000) can0 252#894BA97B00FC0F00
(1.750000) can0 3B2#075F76004B780000
(1.751000) can0 3F5#0000C838820C0000
(1.751000) can0 3F5#0000C838830C0000
(1.752000) can0 7D5#3200000000000000
(1.754000) can0 129#A928F45FFF1FFF3F
(1.758000) can0 234#2EE1038043009404
(1.760000) can0 2E5#00000E320000DD00
(1.762000) can0 225#5555FA00
(1.764000) can0 129#9529F45F0020FF3F
(1.766000) can0 243#00FCCFCC90440D29
(1.768000) can0 283#000000004000
(1.771000) can0 272#0380610000000000
(1.774000) can0 228#0106184C00602116
(1.777000) can0 263#700ED29FA74F5F1F
(1.781000) can0 266#10000F310E007801
(1.785000) can0 22A#0000F916
(1.789000) can0 39D#FA52E12700
(1.793000) can0 788#B8D4B1830000B600
(1.800000) can0 20E#100000
(1.801000) can0 7AA#09F906F906010000
(1.804000) can0 2E1#0400000000202600
(1.804000) can0 552#0000000000001067
(1.805000) can0 234#3120032EB904A07A
(1.806000) can0 132#0E8F07FF443E
(1.806000) can0 524#86730302201001
(1.807000) can0 304#0000000000000000
(1.808000) can0 309#0000000000000000
(1.809000) can0 420#2801404B00008003
(1.810000) can0 1F9#0000000000000000
(1.811000) can0 677#0000000000000000
(1.814000) can0 129#162EF45F0020FF3F
(1.814000) can0 340#0B40000000000000
(1.817000) can0 1D8#2978800E00002028
(1.817000) can0 2C2#5523AA0680C112AA
(1.818000) can0 6A1#0000000000
(1.819000) can0 78A#0100000020130A0D
(1.819000) can0 2E5#00000E320000DD00
(1.820000) can0 682#000000400411A0D5
(1.823000) can0 129#4A2FF45F0120FF3F
(1.823000) can0 113#019701
(1.824000) can0 439#0000000000185A04
(1.825000) can0 243#0300008028442500
(1.826000) can0 1D8#2976800E00004046
(1.827000) can0 473#0000030000000000
(1.828000) can0 3B3#8C8004300100A800
(1.828000) can0 266#10000F310E007801
(1.831000) can0 2E5#00000E320000DD00
(1.831000) can0 545#E00458C09991B929
(1.834000) can0 383#A51820002591E309
(1.834000) can0 2E1#1021040010000004
(1.837000) can0 1D8#2976400E00006026
(1.837000) can0 108#18B803DA013B1925
(1.838000) can0 2F1#3222008600010000
(1.839000) can0 279#33B8FC01B8056502
(1.839000) can0 397#F33F80791C0A0000
(1.840000) can0 379#03C00D4833B92200
(1.842000) can0 757#2C003E0000000000
(1.843000) can0 129#1521F45F0020FF3F
(1.843000) can0 3AE#15400008000091EF
(1.846000) can0 2C3#0000C04B010040CB
(1.846000) can0 752#0C00000000FDE22E
(1.847000) can0 1D5#290000000000C0BF
(1.848000) can0 252#894BA97B00FC0F00
(1.848000) can0 2D2#F22EB04E8813E822
(1.849000) can0 3E8#0200000000000000
(1.850000) can0 2E5#00000E320000DD00
(1.851000) can0 2E1#398D2AFF0F000000
(1.851000) can0 315#04673D7202575666
(1.852000) can0 3D5#5F5F5F5F5F2B0162
(1.853000) can0 303#1100000000000000
(1.855000) can0 22B#FFFFFF1F00FFFFFF
(1.855000) can0 335#0C01000100000000
(1.856000) can0 3A7#0000000000000000
(1.857000) can0 1E5#286C04000000209E
(1.857000) can0 1D5#290000000000E0DF
(1.858000) can0 401#112A30952D953895
(1.859000) can0 2D1#FF01
(1.860000) can0 367#0000000000000000
(1.860000) can0 2E5#00000E320000DD00
(1.861000) can0 225#5555FA00
(1.862000) can0 36E#0000000000000000
(1.863000) can0 7D5#42F8007600002800
(1.863000) can0 129#E623F45F0120FF3F
(1.864000) can0 23E#00003AC002FF9FDA
(1.866000) can0 7D5#486E830000809B5C
(1.866000) can0 132#058F0BFF4F3E
(1.867000) can0 1D5#29000000000000FF
(1.868000) can0 204#010000FF00000010
(1.869000) can0 224#0408004019011008
(1.869000) can0 421#021A0000002000
(1.870000) can0 2C1#0400000000000000
(1.871000) can0 2BF#00000000000001
(1.874000) can0 228#0106184C00603126
(1.874000) can0 55A#0200000000000000
(1.875000) can0 282#9434D20814040324
(1.876000) can0 132#058F0AFF503E
(1.876000) can0 266#10000F310E007901
(1.877000) can0 334#3F3F1408FF01F2C3
(1.879000) can0 3FD#0000003C20000180
(1.881000) can0 372#06A2CB1EBCFBDD04
(1.881000) can0 2AA#57B0B3
(1.882000) can0 2E1#FB1F9799978A0900
(1.883000) can0 34A#0100000000000020
(1.886000) can0 123#01000000003F0000
(1.888000) can0 221#610555550107A0DB
(1.890000) can0 448#20001010000010
(1.892000) can0 2C1#D0647E00008A0200
(1.894000) can0 129#AD26F45F0120FF3F
(1.896000) can0 263#89E6D1AFB74F5F1F
(1.898000) can0 266#0F000E310E007901
(1.901000) can0 21D#0400B50000000000
(1.904000) can0 3A1#884C0FCA0014A223
(1.904000) can0 552#0000000000002077
(1.906000) can0 7B5#020000
(1.906000) can0 1E5#286C0400000040BE
(1.907000) can0 2A8#01010000060030E2
(1.908000) can0 6D4#1232A63551A0A09F
(1.909000) can0 266#0F000E310E007901
(1.909000) can0 420#2801404B00000004
(1.910000) can0 1F9#0000000000000000
(1.911000) can0 422#700010000000
(1.914000) can0 129#4128F55F0220FF3F
(1.914000) can0 340#0000000000000000
(1.915000) can0 343#009258CE95000000
(1.916000) can0 118#6369950000C88400
(1.916000) can0 266#10000F310E007901
(1.917000) can0 257#A74D5E5102202F01
(1.919000) can0 401#142A279529952995
(1.920000) can0 2E5#00000E320000DD00
(1.920000) can0 201#0118980000000000
(1.923000) can0 261#00100B00FF4FC01F
(1.923000) can0 113#019701
(1.924000) can0 7FF#0500000120008000
(1.925000) can0 458#00002000000000
(1.925000) can0 241#7274941C1D4500
(1.926000) can0 1E5#286C04000000007E
(1.927000) can0 2F3#07070B0400600002
(1.928000) can0 3FD#01000A0000080280
(1.930000) can0 553#000000000000B008
(1.930000) can0 1A5#00101F5025
(1.931000) can0 2E1#1021040010000004
(1.933000) can0 677#0300000000000000
(1.933000) can0 25B#D38000056A8640E3
(1.936000) can0 263#0300000000000000
(1.936000) can0 1E5#286C04000000209E
(1.937000) can0 1D5#290000000000E0DF
(1.938000) can0 128#0000EC0A02
(1.938000) can0 1D6#02080000CA401708
(1.939000) can0 279#34B9FC01B8056502
(1.940000) can0 242#55558600
(1.941000) can0 397#F33F80791C0A0000
(1.941000) can0 757#2C003E0000000000
(1.942000) can0 129#3B2BF65F0520FF3F
(1.945000) can0 3AE#154000080000C01E
(1.945000) can0 201#0200000000000000
(1.947000) can0 1E5#286C0400000040BE
(1.948000) can0 212#5904000081FF7731
(1.948000) can0 292#3222A8A38D010000
(1.949000) can0 3F5#0000C838820C0000
(1.950000) can0 2E5#00000E320000DD00
(1.951000) can0 2C1#531A900000000000
(1.951000) can0 7D5#3200000000000000
(1.952000) can0 3A1#C1FFFF1F3D00B08B
(1.955000) can0 22B#FFFFFF1F00FFFFFF
(1.955000) can0 38D#567AAAAAAA244902
(1.956000) can0 118#076D950000C82400
(1.957000) can0 2EC#57F035
(1.957000) can0 401#162A299530952A95
(1.960000) can0 2E5#00000E320000DD00
(1.960000) can0 225#5555FA00
(1.962000) can0 7AA#0B42002844003700
(1.962000) can0 545#010000000010F04B
(1.965000) can0 3AE#154000080000D12F
(1.965000) can0 1D8#2972000E00000082
(1.966000) can0 132#118F10FF623E
(1.967000) can0 2C4#13A400490E353502
(1.967000) can0 204#010000FF00000010
(1.968000) can0 272#0380610000000000
(1.969000) can0 2B4#3F05500E7A01
(1.972000) can0 321#A0AEAA7B027B90A4
(1.972000) can0 228#0106184C00604136
(1.973000) can0 3C8#0400000000000000
(1.976000) can0 263#700ED29FA74F5F1F
(1.978000) can0 3C2#0055555500006A05
(1.981000) can0 3FD#0200440000000090
(1.985000) can0 2E1#FB1F949997880900
(1.987000) can0 39D#FF57E12700
(1.989000) can0 118#B960950000C8E4FF
(1.992000) can0 788#0240C50700030000
(1.995000) can0 20E#120200
(1.995000) can0 201#006D6D0000E4FF00
(1.996000) can0 118#9A61950000C8C4FF
(1.997000) can0 266#0F000E310E007A01
(1.997000) can0 372#0800000000000000
(1.998000) can0 3F9#0100000000000000
(1.999000) can0 25D#3741012A04F08803
(2.000000) can0 41D#00
(2.010000) can0 261#0522DCC99A4210AE
(2.013000) can0 2C1#216B186402000000
(2.015000) can0 54F#0000000000000000
(2.017000) can0 1D8#2970800D0000A09F
(2.019000) can0 257#9C425E5102202F01
(2.021000) can0 682#000000400411C0F5
(2.023000) can0 381#0700000000000000
(2.025000) can0 113#019701
(2.028000) can0 241#7374D41C1D4500
(2.029000) can0 266#0F000E310E007A01
(2.030000) can0 186#030B000200311925
(2.030000) can0 27A#C5BB0C01B8056202
(2.033000) can0 7AA#0C00000000000039
(2.033000) can0 25B#D38000056A8650F3
(2.034000) can0 261#3140060094493A84
(2.037000) can0 1D8#2970C00D0000E01F
(2.038000) can0 108#C88A03CA01291925
(2.039000) can0 401#1A2A109518951C95
(2.040000) can0 2E5#00000E320000DD00
(2.040000) can0 397#F33F80791C0C0000
(2.043000) can0 2E1#398D2AFF0F000000
(2.045000) can0 2C3#0000C04B010040CB
(2.045000) can0 201#0200000000000000
(2.046000) can0 132#118F11FF533E
(2.047000) can0 360#0200000000000000
(2.047000) can0 212#5904000081FF7731
(2.048000) can0 292#3222A8A38D010000
(2.049000) can0 3B2#082602FD6030F402
(2.050000) can0 2E5#00000E320000DD00
(2.050000) can0 261#C2291302805C4214
(2.052000) can0 7D5#2B6F3FFF00000000
(2.055000) can0 22B#FFFFFF1F00FFFFFF
(2.055000) can0 1D8#2970C00D0000205F
(2.056000) can0 1E5#286C04000000209E
(2.057000) can0 1D5#290000000000605F
(2.057000) can0 401#1B2A189514951B95
(2.058000) can0 2E1#026D6602206B0000
(2.061000) can0 2E5#00000E320000DD00
(2.061000) can0 3A2#42A7FFFF04000000
(2.064000) can0 129#3227FD5F0D20FF3F
(2.064000) can0 23E#00003AC002FFEF2A
(2.067000) can0 1D8#2970800D0000403F
(2.067000) can0 118#7268950000C89400
(2.069000) can0 266#0F000E310E007901
(2.070000) can0 2B4#40054F0E7D01
(2.070000) can0 421#021A0000002000
(2.071000) can0 2C1#0400000000000000
(2.074000) can0 228#0106184C00605146
(2.074000) can0 263#700ED29FA74F5F1F
(2.075000) can0 39A#99FFFDFDFD01000A
(2.076000) can0 118#9369950000C8B400
(2.076000) can0 266#0F000E310E007901
(2.077000) can0 257#9F455E5102202F01
(2.078000) can0 401#1C2A15951B951695
(2.081000) can0 2E5#00000E320000DD00
(2.081000) can0 22A#0000F916
(2.082000) can0 261#D401C84B00406482
(2.083000) can0 719#1619002677010000
(2.084000) can0 123#01000000003F0000
(2.087000) can0 1D8#2970800D0000807F
(2.087000) can0 266#0F000E310E007901
(2.088000) can0 448#20001010000010
(2.089000) can0 289#CC0C064386003D0F
(2.089000) can0 2E5#00000E320000DD00
(2.090000) can0 2E1#0400000000202600
(2.091000) can0 677#0200000000000000
(2.094000) can0 281#0B00FF1F0001
(2.094000) can0 545#020002000000307E
(2.095000) can0 201#006E6D0000E4FF00
(2.096000) can0 118#F56B950000C81400
(2.096000) can0 393#0380610000000000
(2.097000) can0 257#A0465E5102202F01
(2.099000) can0 401#1D2A1B951F951995
(2.099000) can0 25D#3741012A04F08803
(2.104000) can0 3A1#884C0FCA0014E263
(2.104000) can0 23E#00003AC002FFFF3A
(2.105000) can0 45A#2440BEC15F2E4736
(2.106000) can0 39D#025AE12700
(2.106000) can0 2E1#658008002E51316A
(2.107000) can0 118#766C950000C89400
(2.110000) can0 4E3#0600000000000000
(2.110000) can0 2C1#216B186402000000
(2.113000) can0 7AA#C0EB8E3C00088C29
(2.113000) can0 428#20001010000010
(2.114000) can0 340#0200000000000000
(2.115000) can0 263#020080060D343421
(2.116000) can0 1D8#296E800D0000E0DD
(2.117000) can0 1D5#290000000000201F
(2.118000) can0 372#0A204D06010000AA
(2.119000) can0 441#3F85890032003820
(2.119000) can0 2E5#00000E320000DD00
(2.120000) can0 682#000000400411D005
(2.123000) can0 2E1#1021040010000004
(2.123000) can0 414#1000000000434956
(2.124000) can0 405#100000000035594A
(2.125000) can0 243#0300008028442500
(2.125000) can0 241#7474141D1D4500
(2.126000) can0 3A8#F4E07FE7FC0F0000
(2.127000) can0 3C2#2955000000000000
(2.128000) can0 1D5#290000000000403F
(2.129000) can0 118#976E950000C8B4FF
(2.130000) can0 195#000000000A002706
(2.131000) can0 27A#B5BCFC00B8056202
(2.131000) can0 396#091E1F54545B0D7D
(2.132000) can0 383#A51820002591E309
(2.133000) can0 3DB#0400001705000000
(2.134000) can0 25B#D38000056A866003
(2.134000) can0 263#0300000000000000
(2.135000) can0 1D8#296E800D0000201D
(2.136000) can0 132#118F12FF5D3E
(2.137000) can0 266#0F000E310E007901
(2.137000) can0 257#AA485E5102282F01
(2.138000) can0 128#0000EC0A02
(2.139000) can0 279#36BBFC01B8056502
(2.140000) can0 395#090F12600C05047D
(2.141000) can0 757#3200000000000000
(2.144000) can0 129#382FFE5F0220FF3F
(2.144000) can0 2C3#555BA9B682C112AA
(2.145000) can0 201#0200000000000000
(2.146000) can0 1D8#296E800D0000403D
(2.146000) can0 139#00
(2.147000) can0 118#EA60950000C81400
(2.148000) can0 266#0F000E310E007901
(2.149000) can0 2F2#1201
(2.149000) can0 3E8#0500000000000000
(2.150000) can0 2E5#00000E320000DD00
(2.151000) can0 3E9#00880200000060D6
(2.152000) can0 7D5#2B743FFF00000000
(2.153000) can0 7D7#321C000000000000
(2.154000) can0 102#22B3480494FAA009
(2.155000) can0 234#2EE1038043001484
(2.155000) can0 1D8#296E400D0000601D
(2.156000) can0 1E5#286C0400000060DE
(2.157000) can0 257#A3495E5102202F01
(2.160000) can0 2D1#FF01
(2.160000) can0 545#01000000001050AB
(2.161000) can0 122#00001392D2000000
(2.164000) can0 261#B34C0A000040B5F4
(2.164000) can0 7A8#01000000FFA1B812
(2.167000) can0 1D8#296E400D0000803D
(2.167000) can0 118#CB62950000C8F4FF
(2.168000) can0 266#0F000E310E007901
(2.170000) can0 441#D500B6C358003D4C
(2.170000) can0 2E1#FB1F9599978C0900
(2.171000) can0 443#7A0FFF030000
(2.174000) can0 228#0106184C00606156
(2.174000) can0 263#700ED29FA74F5F1F
(2.175000) can0 39A#2417F3760737EB7E
(2.176000) can0 118#0D63950000C83400
(2.176000) can0 266#0F000E310E007901
(2.177000) can0 313#02646405000010F5
(2.178000) can0 285#02A800000000B200
(2.179000) can0 103#22B38804A2F02032
(2.179000) can0 2E5#00000E320000DD00
(2.180000) can0 2E8#0101000006008072
(2.181000) can0 22A#0000F916
(2.184000) can0 129#8823FE5FFF1FFF3F
(2.187000) can0 123#00001392D2000000
(2.189000) can0 118#2E64950000C85400
(2.191000) can0 788#01000000FFA1C812
(2.193000) can0 7AA#01530E510E01002E
(2.195000) can0 20E#140400
(2.197000) can0 201#006D6D0000E4FF00
(2.199000) can0 288#0106184C0060B106
(2.204000) can0 2E1#658008002E51316A
(2.204000) can0 3A1#884C0FCA00180287
(2.205000) can0 45A#2440BEC15F2E4736
(2.206000) can0 1E5#286C04000000007E
(2.206000) can0 1D5#290000000000403F
(2.207000) can0 118#E066950000C80400
(2.210000) can0 4E3#00AC010000002800
(2.211000) can0 261#00100B00FF4FE03F
(2.212000) can0 287#30322F31DB020000
(2.213000) can0 129#A926FC5FFE1FFF3F
(2.213000) can0 428#20001010000010
(2.214000) can0 340#0300000000000000
(2.215000) can0 263#020080060D343421
(2.216000) can0 1D8#296E400D000020DD
(2.216000) can0 266#0F000E310E007901
(2.217000) can0 1D5#290000000000605F
(2.218000) can0 401#2300000000000000
(2.218000) can0 441#3F858900320000E8
(2.219000) can0 682#000000400411E015
(2.220000) can0 2E5#00000E320000DD00
(2.221000) can0 3E3#04000000
(2.224000) can0 129#6627FC5FFD1FFF3F
(2.226000) can0 318#1A062A0D102331D6
(2.228000) can0 1E5#286C0400000040BE
(2.230000) can0 266#0F000E310E007901
(2.232000) can0 2C1#0219160000D09201
(2.234000) can0 383#A51820002591E309
(2.236000) can0 2E1#398D2AFF0F000000
(2.239000) can0 221#60555515545111F8
(2.240000) can0 2E5#00000E320000DD00
(2.241000) can0 423#00001000000000
(2.243000) can0 261#C2291302805C02D4
(2.245000) can0 2C3#0000C04B010040CB
(2.245000) can0 201#0200000000000000
(2.246000) can0 132#0B8F11FF5B3E
(2.248000) can0 360#0400000000000000
(2.248000) can0 292#3222A8A38D010000
(2.249000) can0 352#0100130130060504
(2.250000) can0 2E5#00000E320000DD00
(2.250000) can0 2C1#531A900000000000
(2.251000) can0 7D5#2C3F3F0000000000
(2.252000) can0 3A1#C1FFFF2D3D0010F9
(2.258000) can0 22B#FFFFFF1F00FFFFFF
(2.262000) can0 3A2#42A7FFFF04000000
(2.264000) can0 129#902BF85FF51FFF3F
(2.266000) can0 7A8#0240C107000F0000
(2.268000) can0 2E1#FB1F979997910900
(2.270000) can0 3AE#164000080000A0FF
(2.272000) can0 201#0300000000000000
(2.275000) can0 228#0106184C00607166
(2.278000) can0 3C9#0498000501010000
(2.281000) can0 2E5#00000E320000DD00
(2.281000) can0 22A#0000F916
(2.282000) can0 2E1#0400000000202600
(2.283000) can0 719#EEAD630058630014
(2.283000) can0 3AE#144000080000B00D
(2.284000) can0 123#01000000003F0000
(2.285000) can0 285#2445605872000000
(2.286000) can0 1D8#296E400D000000BD
(2.286000) can0 221#610555550107205B
(2.287000) can0 1D5#290000000000403F
(2.290000) can0 448#20001010000010
(2.290000) can0 261#0522DCC99A4230CE
(2.292000) can0 3A3#12C00000380DFC01
(2.293000) can0 129#522EF55FEF1FFF3F
(2.293000) can0 20E#150500
(2.296000) can0 263#89E6D1AFB74F5F1F
(2.296000) can0 1E5#286C04000000209E
(2.297000) can0 257#9A405E5102202F01
(2.298000) can0 3F9#0400000000000000
(2.298000) can0 2E1#658008002E51316A
(2.299000) can0 7C8#0B07010100000000
(2.300000) can0 2E5#00000E320000DD00
(2.303000) can0 3A1#884C0FCA001422A3
(2.303000) can0 552#00000000000060B7
(2.304000) can0 23E#00003AC002FF4F8A
(2.305000) can0 243#02FC930D05D60000
(2.306000) can0 39D#075FE12700
(2.307000) can0 118#A960950000C8D4FF
(2.310000) can0 4E3#01D8050000002800
(2.310000) can0 2C1#216B186402000000
(2.311000) can0 287#30322F31DA020000
(2.314000) can0 129#5520F35FED1FFF3F
(2.314000) can0 340#0400000000000000
(2.315000) can0 2B3#824C0000803E3D00
(2.316000) can0 1D8#296E400D0000601D
(2.316000) can0 266#0F000E310E007801
(2.317000) can0 257#9B415E5102202F01
(2.318000) can0 6A1#0000000000
(2.321000) can0 2E5#00000E320000DD00
(2.323000) can0 261#3140130097495AB4
(2.324000) can0 113#019701
(2.325000) can0 7FF#09EF000010000000
(2.325000) can0 241#7374D41C1D4500
(2.326000) can0 1E5#286C04000000007E
(2.327000) can0 473#0000030000000000
(2.328000) can0 1D5#290000000000C0BF
(2.328000) can0 118#2C62950000C85400
(2.331000) can0 253#0164A6C66490B505
(2.331000) can0 2E1#398D2AFF0F000000
(2.334000) can0 383#A51820002591E309
(2.334000) can0 263#0300000000000000
(2.337000) can0 1D8#296E400D0000A05D
(2.337000) can0 108#D87D03BA01561925
(2.338000) can0 128#0000EC0A02
(2.339000) can0 261#C2291302805C6234
(2.340000) can0 379#080000000B000C03
(2.341000) can0 757#2C003E0000000000
(2.342000) can0 7AA#234CFA9E0810001C
(2.342000) can0 129#8D23F25FF01FFF3F
(2.345000) can0 23E#00003AC002FF5F9A
(2.345000) can0 201#0200000000000000
(2.346000) can0 1E5#286C0400000040BE
(2.347000) can0 139#00
(2.347000) can0 118#DE64950000C80400
(2.348000) can0 266#0F000E310E007901
(2.349000) can0 2D2#F22EB04E8813E822
(2.350000) can0 3F5#0000C838820C0000
(2.350000) can0 2C1#531A900000000000
(2.352000) can0 7D5#2C3F3F0000000000
(2.353000) can0 129#D324F25FF31FFF3F
(2.353000) can0 22B#FFFFFF1F00FFFFFF
(2.354000) can0 261#B34C0A00004075B4
(2.355000) can0 45A#FD07F8FF03000F40
(2.356000) can0 118#BE65950000C8E4FF
(2.356000) can0 266#0F000E310E007901
(2.357000) can0 2EC#573075
(2.358000) can0 2D1#FF01
(2.361000) can0 2E5#00000E320000DD00
(2.363000) can0 2E1#FB1F9799978B0900
(2.365000) can0 7A8#B8CCB18300008200
(2.365000) can0 1D8#296E400D000000BD
(2.366000) can0 132#108F0FFF5E3E
(2.367000) can0 2C4#5782000C04602000
(2.368000) can0 204#010000FF00000010
(2.369000) can0 441#D800B6C358000D1F
(2.372000) can0 737#04000000E0F080
(2.372000) can0 228#0106184C00608176
(2.375000) can0 3C8#0100000000000000
(2.377000) can0 666#0000C800
(2.379000) can0 3FD#0000003C20000180
(2.385000) can0 1D5#290000000000605F
(2.387000) can0 1D8#2970400D000040FF
(2.390000) can0 118#C168950000C8E4FF
(2.391000) can0 545#020002000000C00E
(2.394000) can0 281#0D00FF1F0001
(2.394000) can0 263#89E6D1AFB74F5F1F
(2.395000) can0 201#006D6D0000E4FF00
(2.397000) can0 118#6269950000C884FF
(2.397000) can0 3F9#0500000000000000
(2.398000) can0 31E#0100000000000000
(2.399000) can0 25D#3741012A04F08803
(2.399000) can0 2E5#00000E320000DD00
(2.404000) can0 261#00100B00FF4FA0FF
(2.404000) can0 234#3220032EB904603B
(2.407000) can0 2A8#0101000006008032
(2.407000) can0 118#B36A950000C8D4FF
(2.410000) can0 4E3#0200000000002800
(2.410000) can0 2C1#216B186402000000
(2.411000) can0 287#30322F31DB020000
(2.414000) can0 129#E82AF25FFE1FFF3F
(2.414000) can0 263#020080060D343421
(2.416000) can0 343#0092640E96000000
(2.417000) can0 257#A0465E5102202F01
(2.417000) can0 2C2#5523AA0680C112AA
(2.418000) can0 261#31401F009949BA22
(2.419000) can0 441#3F858900320010F8
(2.420000) can0 2E5#00000E320000DD00
(2.420000) can0 3C3#0000000000A50000
(2.423000) can0 7AA#04000FC000260000
(2.423000) can0 22B#FFFFFF1F00FEFFFF
(2.424000) can0 23E#00003AC002FF7FBA
(2.425000) can0 545#E0045850998AD9D2
(2.425000) can0 7FF#0191494642041601
(2.426000) can0 132#028F09FF423E
(2.427000) can0 2E2#0714503F01000000
(2.428000) can0 3FD#01000A0000080280
(2.430000) can0 2F3#07070B0400600002
(2.431000) can0 396#091E1E5450590D7D
(2.434000) can0 383#A51820002591E309
(2.434000) can0 263#0300000000000000
(2.437000) can0 1D8#2972800D0000E0E1
(2.437000) can0 108#F69E03CA01431925
(2.438000) can0 2F1#055A210143000100
(2.439000) can0 423#00001000000000
(2.439000) can0 397#030080791C0C0000
(2.440000) can0 379#090000000D000C03
(2.443000) can0 2E1#026D6602206A0000
(2.445000) can0 2C3#0000C04B010040CB
(2.445000) can0 201#0200000000000000
(2.447000) can0 132#0A8F08FF443E
(2.448000) can0 212#5904000081FF7731
(2.448000) can0 292#3222A8A38D010000
(2.449000) can0 3E8#0100000000000000
(2.450000) can0 2E5#00000E320000DD00
(2.450000) can0 261#B34C0A000040D514
(2.451000) can0 7D5#3200000000000000
(2.452000) can0 3A1#C1FFFF293D005035
(2.455000) can0 400#00E0FBBEEFFB00
(2.455000) can0 3AE#114000080000015B
(2.456000) can0 1E5#286C04000000209E
(2.457000) can0 1D5#290000000000605F
(2.457000) can0 545#010000000010E03B
(2.458000) can0 2E1#FB1F949997840900
(2.460000) can0 2E5#00000E320000DD00
(2.461000) can0 359#260800000B5B54A0
(2.463000) can0 129#2C2FF25F0120FF3F
(2.463000) can0 6C8#247C00F412200C00
(2.464000) can0 23E#00003AC002FF8FCA
(2.465000) can0 243#00FCCFCC90440D29
(2.465000) can0 1D8#2972C00D00004081
(2.466000) can0 261#D401C84B0040E402
(2.467000) can0 1D5#290000000000807F
(2.468000) can0 264#3C000000A000
(2.468000) can0 224#0408004019011008
(2.469000) can0 421#021A0000002000
(2.470000) can0 2C1#0400000000000000
(2.471000) can0 2BF#00000000000001
(2.472000) can0 228#0106184C00609186
(2.475000) can0 3C8#0200000000000000
(2.475000) can0 1D8#2972C00D000060A1
(2.476000) can0 1E5#286C0400000060DE
(2.477000) can0 1D5#290000000000A09F
(2.477000) can0 294#14C1400040000000
(2.478000) can0 103#22B38804A2F02032
(2.481000) can0 3FD#0200440000000090
(2.483000) can0 2E5#00000E320000DD00
(2.485000) can0 123#01000000003F0000
(2.485000) can0 1D8#2974C00D000080C3
(2.486000) can0 132#008F02FF423E
(2.487000) can0 31A#20010000000080BE
(2.487000) can0 266#10000F310E007901
(2.489000) can0 448#20001010000010
(2.490000) can0 3A2#6065F3B21C80426F
(2.490000) can0 2C1#D0647E00008A0200
(2.491000) can0 545#020002000000F03E
(2.492000) can0 281#0D00FF1F0001
(2.495000) can0 20E#170700
(2.495000) can0 201#006D6D0000E4FF00
(2.496000) can0 132#028F01FF3E3E
(2.497000) can0 257#A44A5E5102202F01
(2.497000) can0 3F9#0600000000000000
(2.498000) can0 4E2#013B0E0000002800
(2.499000) can0 31E#0200000000000000
(2.500000) can0 25D#3741012A04F08803
(2.510000) can0 3A1#884C0FCA001862E7
(2.513000) can0 3FD#0000003C20000180
(2.519000) can0 362#000000
(2.521000) can0 78A#0100000020130A0D
(2.523000) can0 2E1#398D2AFF0F000000
(2.525000) can0 113#019701
(2.528000) can0 1D8#2974000E00000084
(2.529000) can0 553#0000000000001068
(2.529000) can0 2E5#00000E320000DD00
(2.530000) can0 1A5#00101F00D5
(2.531000) can0 27A#BAB00C01B8056202
(2.532000) can0 677#0300000000000000
(2.532000) can0 383#A51820002591E309
(2.533000) can0 719#140000000000B500
(2.536000) can0 263#0300000000000000
(2.536000) can0 221#6055551554517158
(2.538000) can0 257#A64C5E5102202F01
(2.539000) can0 2E1#026D6602206A0000
(2.539000) can0 395#090F12600C05047D
(2.540000) can0 242#55558600
(2.541000) can0 423#00001000000000
(2.541000) can0 757#3200000000000000
(2.542000) can0 129#8527F35F0020FF3F
(2.545000) can0 23E#00003AC002FFAFEA
(2.545000) can0 201#0200000000000000
(2.546000) can0 132#0E8F01FF363E
(2.547000) can0 360#0700000000000000
(2.547000) can0 3F5#0000C838820C0000
(2.548000) can0 3F5#0000C838830C0000
(2.549000) can0 7D5#2C3F3F0000000000
(2.552000) can0 212#5904000081FF7731
(2.554000) can0 2E3#0200004E020B00
(2.556000) can0 2E1#FB1F949997900900
(2.558000) can0 1E5#286C0400000060DE
(2.560000) can0 2E5#00000E320000DD00
(2.562000) can0 3FD#01000A0000080280
(2.566000) can0 225#5555FA00
(2.568000) can0 283#000000004000
(2.569000) can0 3C4#1267DB3170EEC347
(2.570000) can0 301#125C0AD0266F00AE
(2.571000) can0 2C1#0400000000000000
(2.571000) can0 718#01000000000000
(2.572000) can0 228#0106184C0060A196
(2.573000) can0 3C0#0600000000000000
(2.576000) can0 3AE#104000080000419A
(2.578000) can0 266#10000F310E007801
(2.580000) can0 401#032A1A9513950795
(2.582000) can0 2E8#010100000600C0B2
(2.584000) can0 129#DD2BF25F0020FF3F
(2.586000) can0 23E#00003AC002FFBFFA
(2.588000) can0 221#61055555010780BB
(2.590000) can0 448#20001010000010
(2.592000) can0 2C1#D0647E00008A0200
(2.593000) can0 129#BD2CF25F0020FF3F
(2.596000) can0 261#00100B00FF4F60BF
(2.596000) can0 266#10000F310E007801
(2.597000) can0 393#080002C107B00304
(2.598000) can0 401#042A109518951095
(2.599000) can0 21D#0400B50000000000
(2.604000) can0 2E1#1021040010000004
(2.604000) can0 234#3220032EB904A07B
(2.607000) can0 2A8#010100000600A052
(2.607000) can0 118#176E950000C834FF
(2.610000) can0 4E3#047C800707600000
(2.610000) can0 261#3140150098497AD7
(2.611000) can0 422#700010000000
(2.614000) can0 3FD#0200440000000090
(2.616000) can0 129#292EF35F0120FF3F
(2.616000) can0 1E5#286C04000000209E
(2.617000) can0 266#10000F310E007801
(2.618000) can0 401#052A10950C951395
(2.619000) can0 441#3F85890032002008
(2.620000) can0 2E5#00000E320000DD00
(2.621000) can0 682#0000004004112055
(2.622000) can0 3A2#0110200000000000
(2.622000) can0 129#752FF35F0020FF3F
(2.623000) can0 22B#FFFFFF1F1CFEFFFF
(2.624000) can0 348#1600019B57070110
(2.625000) can0 528#6A31512F
(2.625000) can0 241#7474141D1D4500
(2.626000) can0 318#1A062B0D102339DF
(2.627000) can0 405#1246333638353739
(2.628000) can0 2E2#00000061020B0000
(2.628000) can0 1D5#290000000000807F
(2.629000) can0 7FF#0301082861428001
(2.630000) can0 553#0000000000002078
(2.631000) can0 353#FB0F39801A0C0812
(2.632000) can0 2C1#0219160000D09201
(2.633000) can0 129#9020F35F0020FF3F
(2.634000) can0 383#A71820002591E309
(2.634000) can0 719#1619002677010000
(2.635000) can0 381#1800000000000000
(2.636000) can0 118#2B61950000C85400
(2.637000) can0 221#6055551554519178
(2.637000) can0 257#9B415E5102202F01
(2.638000) can0 2F1#0702000000D00000
(2.639000) can0 268#1D0F9C01FF
(2.639000) can0 2B6#000300
(2.640000) can0 2E5#00000E320000DD00
(2.641000) can0 423#00001000000000
(2.644000) can0 261#B34C0A00004095D4
(2.645000) can0 3E9#00880200000070E6
(2.646000) can0 1E5#286C04000000007E
(2.647000) can0 360#0800000000000000
(2.647000) can0 118#1C62950000C84400
(2.648000) can0 266#10000F310E007801
(2.649000) can0 409#00
(2.649000) can0 3B2#0A7F1F74E00D4521
(2.650000) can0 3F5#0000C838820C0000
(2.651000) can0 3F5#0000C838830C0000
(2.652000) can0 782#5A5FC0CA11385607
(2.652000) can0 3A1#C1FFFF133D00905F
(2.653000) can0 7D5#2C3F3F0000000000
(2.654000) can0 102#22B3480494FAA009
(2.655000) can0 234#2EE103804300B424
(2.656000) can0 3A2#42A7FFFF04000000
(2.657000) can0 1E5#286C04000000209E
(2.658000) can0 257#94425E5102182F01
(2.658000) can0 261#D401C84B0040A4C2
(2.661000) can0 2E5#00000E320000DD00
(2.663000) can0 129#4423F25FFF1FFF3F
(2.665000) can0 23E#00003AC002FFDF1A
(2.665000) can0 1D8#2978800E0000C0C8
(2.666000) can0 132#F88EFAFE1F3E
(2.667000) can0 1D5#29000000000000FF
(2.667000) can0 204#010000FF00000010
(2.668000) can0 272#080002D107B00304
(2.669000) can0 2B4#41054E0E7901
(2.672000) can0 3F6#00050000B6340000
(2.673000) can0 228#0106184C0060B1A6
(2.674000) can0 22B#FFFFFF1F1CFEFFFF
(2.675000) can0 263#700ED29FA74F5F1F
(2.675000) can0 39A#95FFFDFDFD01000A
(2.676000) can0 132#F68EF6FE1F3E
(2.677000) can0 313#0264640500002005
(2.677000) can0 257#95435E5102182F01
(2.678000) can0 285#02A800000000B200
(2.679000) can0 3AE#0F400008000080D8
(2.682000) can0 2E8#010100000600D0C2
(2.682000) can0 2E1#658008002F51316A
(2.683000) can0 719#1700000000000000
(2.686000) can0 123#01000000003F0000
(2.686000) can0 221#610555550107A0DB
(2.688000) can0 118#4066950000C86400
(2.689000) can0 448#20001010000010
(2.689000) can0 788#B8D4B1830000B600
(2.690000) can0 261#00100B00FF4FC01F
(2.691000) can0 3A3#14C00000380DFC01
(2.691000) can0 419#00
(2.692000) can0 129#4926F15FFD1FFF3F
(2.693000) can0 20E#110100
(2.696000) can0 263#89E6D1AFB74F5F1F
(2.696000) can0 266#10000F310E007801
(2.697000) can0 372#0310075000010000
(2.698000) can0 3F9#0800000000000000
(2.698000) can0 41D#00
(2.699000) can0 211#C31F710F1001
(2.700000) can0 2E5#00000E320000DD00
(2.701000) can0 75D#0100000000000080
(2.702000) can0 3A1#884C0FCA0014A223
(2.703000) can0 339#02F1FE008007800F
(2.704000) can0 23E#00003AC002FFEF2A
(2.704000) can0 227#000000004D000081
(2.705000) can0 45A#2440BEC15F2E4736
(2.706000) can0 1D8#297A800E0000404A
(2.707000) can0 261#314009009649DA29
(2.707000) can0 118#D168950000C8F4FF
(2.708000) can0 4E3#D5028201001C0000
(2.709000) can0 420#2801404B00000000
(2.710000) can0 1F9#0000000000000000
(2.710000) can0 2E5#00000E320000DD00
(2.713000) can0 129#2428F15FFC1FFF3F
(2.714000) can0 428#20001010000010
(2.715000) can0 263#020080060D343421
(2.716000) can0 118#A369950000C8C400
(2.716000) can0 320#0100000800000000
(2.717000) can0 1D5#290000000000A09F
(2.718000) can0 401#0A2A1F951A951C95
(2.719000) can0 3AE#0F400008000090E8
(2.719000) can0 682#0000004004113065
(2.720000) can0 78A#0100020061066106
(2.721000) can0 3A2#0110200000000000
(2.724000) can0 261#C2291302805CE2B4
(2.724000) can0 7F4#01
(2.727000) can0 241#7374D41C1D4500
(2.727000) can0 1D5#290000000000C0BF
(2.729000) can0 553#0000000000003088
(2.730000) can0 2E5#00000E320000DD00
(2.730000) can0 1A5#00101F10E5
(2.731000) can0 2E1#026D6602206A0000
(2.732000) can0 7AA#0800000018011B0E
(2.732000) can0 383#A51820002591E309
(2.735000) can0 25B#D38000056A86C063
(2.735000) can0 1D8#297A800E0000A0AA
(2.736000) can0 1E5#286C04000000209E
(2.737000) can0 1D5#290000000000E0DF
(2.737000) can0 126#1E40380CC9
(2.738000) can0 1D6#02080000CA401708
(2.739000) can0 279#2CB1FC01B8056502
(2.740000) can0 2E5#00000E320000DD00
(2.741000) can0 379#00000B48333F2100
(2.742000) can0 757#2C003E0000000000
(2.743000) can0 381#60E00690DD00B210
(2.743000) can0 757#465A595C5A405758
(2.744000) can0 656#0D00000009E4D19C
(2.745000) can0 243#04FCD3F1A97CFFFF
(2.746000) can0 35A#0000000000000000
(2.746000) can0 132#FA8EF7FE253E
(2.747000) can0 35B#0000000000000000
(2.748000) can0 118#266C950000C84400
(2.749000) can0 266#10000F310E007901
(2.749000) can0 2F2#1201
(2.750000) can0 3F5#0000C838820C0000
(2.751000) can0 2C1#531A900000000000
(2.752000) can0 7D5#2C3F3F0000000000
(2.754000) can0 400#00E0FBBEEFFB00
(2.758000) can0 118#076D950000C82400
(2.760000) can0 2E5#00000E320000DD00
(2.762000) can0 225#5555FA00
(2.764000) can0 2E1#0400000000202600
(2.766000) can0 7A8#01000000FFA1B812
(2.768000) can0 283#000000004000
(2.770000) can0 272#0380610000000000
(2.772000) can0 201#0300000000000000
(2.775000) can0 3C8#0500000000000000
(2.779000) can0 1D8#297A800E0000202A
(2.783000) can0 381#C104000A8F8E8E00
(2.787000) can0 23E#00003AC002FF0F4A
(2.791000) can0 118#4A60950000C87400
(2.799000) can0 281#0E00FF1F0001
(2.800000) can0 2E5#00000E320000DD00
(2.801000) can0 7AA#09E606E606010000
(2.804000) can0 261#3140250098493AA7
(2.806000) can0 227#000000004D000081
(2.808000) can0 524#86730302201001
(2.810000) can0 3AE#0D4000080000D127
(2.812000) can0 2C1#216B186402000000
(2.814000) can0 129#9422F05FFF1FFF3F
(2.816000) can0 340#0900000000000000
(2.819000) can0 372#05493B1500000000
(2.819000) can0 682#0000004004114075
(2.820000) can0 201#0118980000000000
(2.821000) can0 545#E00458D09992991A
(2.822000) can0 129#0B23EF5FFE1FFF3F
(2.823000) can0 113#019701
(2.824000) can0 439#0000000000185A04
(2.825000) can0 243#0300008028442500
(2.825000) can0 241#7374D41C1D4500
(2.826000) can0 132#F48EF8FE303E
(2.827000) can0 473#0000030000000000
(2.828000) can0 3C2#2955000000000000
(2.828000) can0 266#10000F310E007901
(2.831000) can0 2E5#00000E320000DD00
(2.833000) can0 383#A51820002591E309
(2.833000) can0 25B#D38000056A86D073
(2.834000) can0 307#000000000000003B
(2.837000) can0 1D8#2978800E0000E0E8
(2.838000) can0 108#2FC203E201401925
(2.839000) can0 279#2DB2FC01B8056502
(2.840000) can0 395#090F11600B04037D
(2.840000) can0 379#01000A48333F2100
(2.841000) can0 757#3200000000000000
(2.844000) can0 2E1#FB1F9889978E0900
(2.844000) can0 2C3#0000C04B010040CB
(2.845000) can0 201#0200000000000000
(2.846000) can0 1E5#286C04000000007E
(2.846000) can0 139#00
(2.847000) can0 118#4F66950000C874FF
(2.848000) can0 292#3222A8A38D010000
(2.849000) can0 2F2#1201
(2.849000) can0 315#0156570060580000
(2.851000) can0 315#02000B1700000000
(2.852000) can0 3B6#F9EDDF0C0000D05A
(2.852000) can0 3D5#5F5F5F5F5F2B0062
(2.853000) can0 303#125C0AD0266F00AE
(2.854000) can0 3FE#83ED830F3EF800CD
(2.855000) can0 400#00E0FBBEEFFB00
(2.855000) can0 2B3#0B43DEFEFF01A014
(2.856000) can0 545#010000000010A0FB
(2.857000) can0 1E5#286C04000000209E
(2.857000) can0 266#10000F310E007901
(2.858000) can0 5D7#506E0A0002
(2.859000) can0 3AE#0C4000080000F146
(2.860000) can0 709#1D00000000000000
(2.860000) can0 2E5#00000E320000DD00
(2.861000) can0 359#2B00000000000000
(2.863000) can0 7D5#2B6F3FFF00000000
(2.863000) can0 36B#0000000000000000
(2.864000) can0 36E#0000000000000000
(2.865000) can0 7D5#4397A487853F0000
(2.866000) can0 243#00FCCFCC90440D29
(2.866000) can0 1D8#2978800E00004048
(2.867000) can0 261#0522DCC99A42700E
(2.868000) can0 2C4#03010E40010C8000
(2.869000) can0 264#3E000000A000
(2.869000) can0 224#0408004019011008
(2.870000) can0 421#021A0000002000
(2.871000) can0 2C1#0400000000000000
(2.872000) can0 387#FFFFFFFFFFFF0040
(2.872000) can0 228#0106184C0060D1C6
(2.874000) can0 3C8#0600000000000000
(2.875000) can0 2E1#658008002F51316A
(2.875000) can0 39A#95FFFDFDFD01000A
(2.876000) can0 132#F28EF6FE1D3E
(2.877000) can0 334#3F3F1408FF0112E3
(2.878000) can0 3FD#0000003C20000180
(2.880000) can0 257#A74D5E5102202F01
(2.880000) can0 2E8#010100000600F0E2
(2.881000) can0 22A#0000E916
(2.882000) can0 1F8#1A000000
(2.882000) can0 129#F829ED5FFA1FFF3F
(2.883000) can0 719#0CD30F005A0A6000
(2.886000) can0 123#01000000003F0000
(2.888000) can0 221#610555550107E01B
(2.891000) can0 448#20001010000010
(2.893000) can0 281#0E00FF1F0001
(2.895000) can0 20E#130300
(2.897000) can0 201#006E6D0000E4FF00
(2.899000) can0 3F9#0100000000000000
(2.901000) can0 25D#3741012A04F08803
(2.902000) can0 3A1#884C0FCA0018E267
(2.903000) can0 552#000000000000C017
(2.904000) can0 23E#00003AC002FF3F7A
(2.905000) can0 7B5#010000
(2.905000) can0 7B5#030000
(2.906000) can0 1D8#2978800E0000C0C8
(2.907000) can0 2A8#010100000600D082
(2.907000) can0 45A#2440BEC15F2E4736
(2.908000) can0 6D4#1303000000000000
(2.910000) can0 4E3#00AC010000002800
(2.911000) can0 1F9#0000000000000000
(2.911000) can0 422#700010000000
(2.914000) can0 129#1B2CED5FFB1FFF3F
(2.914000) can0 340#0A00002000000000
(2.915000) can0 2B3#ECE8C84170415300
(2.916000) can0 118#A66D950000C8C4FF
(2.916000) can0 266#10000F310E007901
(2.917000) can0 257#A94F5E5102202F01
(2.918000) can0 401#142A28952B952B95
(2.919000) can0 78A#01000400CE06A100
(2.919000) can0 2E5#00000E320000DD00
(2.920000) can0 201#0118980000000000
(2.923000) can0 682#0000004004115085
(2.924000) can0 113#019701
(2.925000) can0 3AE#0B40000800002074
(2.925000) can0 1D8#2978800E00000008
(2.926000) can0 241#7474141D1D4500
(2.927000) can0 1D5#290000000000403F
(2.928000) can0 273#81E13000C8021011
(2.928000) can0 3FD#01000A0000080280
(2.930000) can0 266#10000F310E007901
(2.931000) can0 2C1#0219160000D09201
(2.934000) can0 383#A51820002591E309
(2.934000) can0 263#0300000000000000
(2.935000) can0 1D8#2978800E00002028
(2.936000) can0 132#088FF7FE253E
(2.937000) can0 266#10000F310E007901
(2.939000) can0 108#30C303E201401925
