(0.000000) can0 20E#140400
(0.005000) can0 339#02F1FE008007800F
(0.010000) can0 272#080002D107B00304
(0.012000) can0 6A2#0000000000
(0.014000) can0 266#1E000F3210009F01
(0.016000) can0 3E2#040000711FCF00
(0.018000) can0 263#700ED29FA74F5F1F
(0.020000) can0 1F8#1A000000
(0.022000) can0 103#22B38804A2F02032
(0.024000) can0 118#E268950000C80400
(0.025000) can0 448#20001010000010
(0.026000) can0 2F9#BCFB072800000000
(0.026000) can0 21D#0400B50000000000
(0.027000) can0 25D#3741012A04F08803
(0.028000) can0 75D#0500000000007E04
(0.030000) can0 31A#200100000000F02E
(0.032000) can0 1D8#29FC801E000060FC
(0.032000) can0 266#1E00103310009F01
(0.033000) can0 126#39A0306494
(0.034000) can0 1D6#020800004A00FD07
(0.034000) can0 281#0000FF1F0000
(0.035000) can0 288#0106184C0060C116
(0.036000) can0 2C1#D0647E00008A0200
(0.037000) can0 397#032080641C180000
(0.037000) can0 201#006D6D0000E4FF00
(0.038000) can0 4E2#04D0408D18880100
(0.039000) can0 186#BA0D000200EA1525
(0.040000) can0 393#0380610000000000
(0.040000) can0 2E1#FB1F936997850900
(0.042000) can0 552#00000000000060B7
(0.043000) can0 118#446A950000C86400
(0.043000) can0 266#1E00103310009F01
(0.044000) can0 3A1#884C0FCA001422A3
(0.045000) can0 7D7#321B000000000000
(0.046000) can0 7AA#0522880C50081000
(0.046000) can0 234#3320032EB90420FC
(0.047000) can0 45A#24403FC15F2C4737
(0.048000) can0 261#9401B04B0040844A
(0.049000) can0 757#2C003E0000000000
(0.049000) can0 3A2#602573B11C00C26F
(0.050000) can0 247#600EFF0000000000
(0.051000) can0 4E3#0600000000000000
(0.052000) can0 118#356B950000C85400
(0.053000) can0 266#1E00103210009F01
(0.054000) can0 545#020002000000D01E
(0.055000) can0 2C2#2040404B010080CB
(0.055000) can0 420#2801404B00000006
(0.056000) can0 2E1#0400000000202600
(0.057000) can0 113#019701
(0.058000) can0 7FF#0720000528000000
(0.058000) can0 2E5#00000B320000DD00
(0.059000) can0 332#0403B7B4B600
(0.060000) can0 3D2#EC0E0803B4B02A03
(0.060000) can0 441#3E858900320008EF
(0.061000) can0 472#FF1CC221007FFF07
(0.062000) can0 1E5#286C0400000040BE
(0.063000) can0 118#F66C950000C81400
(0.064000) can0 266#1E00103310009F01
(0.065000) can0 320#0000000000000000
(0.066000) can0 372#001FC02DF211CC23
(0.066000) can0 243#0300008029452600
(0.069000) can0 2E5#00000B320000DD00
(0.069000) can0 224#0408004019011008
(0.070000) can0 3C4#1D414E4E31393131
(0.071000) can0 287#30322F31DB020000
(0.071000) can0 1D8#29FE801E0000E07E
(0.072000) can0 266#1E00103310009F01
(0.073000) can0 2C1#0219160000D09201
(0.074000) can0 129#D320EA5F0020FF3F
(0.074000) can0 682#000000400411F025
(0.075000) can0 132#328F43FEC63C
(0.077000) can0 263#0300000000000000
(0.077000) can0 242#55558600
(0.078000) can0 221#6055551554513118
(0.081000) can0 3D8#67006600
(0.081000) can0 1D8#2900C11E000000E1
(0.084000) can0 3A2#0110200000000000
(0.084000) can0 3AE#0F4000080000B008
(0.085000) can0 132#348F42FEAA3C
(0.086000) can0 3E8#0500000000000000
(0.086000) can0 2C3#555BA9B682C112AA
(0.087000) can0 545#40045860998BE953
(0.088000) can0 2E1#1021040010000004
(0.089000) can0 3F5#0000C838820C0000
(0.089000) can0 3F5#0000C838830C0000
(0.092000) can0 37A#B00D000000000000
(0.093000) can0 266#1F00103310009F01
(0.094000) can0 3A1#C1FFFF213D00300D
(0.095000) can0 3E9#F08802210000F077
(0.095000) can0 1D5#290000000000403F
(0.096000) can0 261#314006009549BA05
(0.097000) can0 45A#FD07F8FF03000949
(0.098000) can0 359#B63F000009000012
(0.098000) can0 212#5904000081FF7731
(0.099000) can0 292#4572C86492010000
(0.100000) can0 400#00E0FBBEEFFB00
(0.100000) can0 7A8#01000000FFA1B812
(0.101000) can0 1D8#2900011F00004062
(0.102000) can0 225#5555FA00
(0.103000) can0 118#2A60950000C85400
(0.104000) can0 2E1#398D2AFF0F000000
(0.105000) can0 132#348F41FEBD3C
(0.106000) can0 272#0380610000000000
(0.106000) can0 243#00FCCFCC90440D29
(0.109000) can0 381#1900000000000000
(0.111000) can0 441#EE00B6C358000D35
(0.111000) can0 353#FB0F39801A100B16
(0.112000) can0 421#021A0000002000
(0.113000) can0 1E5#286C0400000060DE
(0.113000) can0 266#1E00103310009F01
(0.114000) can0 129#9D24EB5F0220FF3F
(0.115000) can0 39A#2413EF76FB2EEF7E
(0.116000) can0 1D5#290000000000807F
(0.116000) can0 40A#091000000000B0D7
(0.118000) can0 677#0400000000000000
(0.121000) can0 1F8#1A000000
(0.121000) can0 1D8#2900011F000080A2
(0.124000) can0 118#2C62950000C85400
(0.124000) can0 6A1#0000000000
(0.125000) can0 372#015B540340003001
(0.126000) can0 2F9#BCFB07030D1A8B84
(0.126000) can0 7AA#56E62F4C1170A129
(0.127000) can0 243#01FC384736005B5B
(0.128000) can0 31E#0300000000000000
(0.129000) can0 2E5#00000B320000DD00
(0.132000) can0 1D8#2900011F0000A0C2
(0.132000) can0 266#1E00103310009F01
(0.133000) can0 2C1#D0647E00008A0200
(0.135000) can0 129#FD26EB5F0320FF3F
(0.135000) can0 3AE#0F4000080000D129
(0.136000) can0 2B6#000300
(0.137000) can0 395#090F11610902037D
(0.137000) can0 201#006D6D0000E4FF00
(0.138000) can0 4E2#65018E13022F0000
(0.139000) can0 195#000000000A002706
(0.140000) can0 27A#C8BE0C01B8056202
(0.140000) can0 339#02F1FE008007800F
(0.141000) can0 1D8#2900011F0000C0E2
(0.144000) can0 118#CD64950000C8F4FF
(0.146000) can0 261#9401B04B0040E4AA
(0.148000) can0 3A1#884C0FCA001442C3
(0.150000) can0 2E5#00000B320000DD00
(0.153000) can0 247#5F0EFF0000000000
(0.155000) can0 129#AF28EC5F0320FF3F
(0.158000) can0 1D5#29000000000000FF
(0.159000) can0 414#1133535459323530
(0.160000) can0 318#1A06060D101B35AE
(0.161000) can0 441#3E858900320010F7
(0.161000) can0 1D8#2902411F00000064
(0.162000) can0 201#0104980000000000
(0.163000) can0 3C3#0000000000A50000
(0.164000) can0 266#1F00103310009F01
(0.164000) can0 132#278F41FEB83C
(0.165000) can0 1D5#290000000000201F
(0.166000) can0 3FD#0000003C20000180
(0.168000) can0 333#0410590700
(0.169000) can0 2C4#550001081000FF00
(0.170000) can0 43B#017F00FF00000000
(0.171000) can0 1FA#1AC001
(0.171000) can0 1D8#2902011F00002044
(0.172000) can0 266#1E00103310009F01
(0.173000) can0 129#252AEC5F0320FF3F
(0.174000) can0 54F#0000000000000000
(0.174000) can0 383#A5181E002591230B
(0.175000) can0 1D5#290000000000403F
(0.176000) can0 261#00100700FF4F005B
(0.177000) can0 379#01000B48333F2100
(0.177000) can0 242#55558600
(0.178000) can0 221#6055551554515138
(0.181000) can0 25B#D38000056A869033
(0.182000) can0 1D8#2902411F000040A4
(0.183000) can0 266#1F00103310009F01
(0.186000) can0 2E1#1021040010000004
(0.186000) can0 3E8#0600000000000000
(0.187000) can0 201#0200000000000000
(0.188000) can0 2E5#00000B320000DD00
(0.191000) can0 3F5#0000C838820C0000
(0.191000) can0 1D8#2902411F000060C4
(0.192000) can0 118#1369950000C83400
(0.193000) can0 257#50255647FA0F2B01
(0.193000) can0 2EC#574085
(0.196000) can0 132#338F3DFEAF3C
(0.196000) can0 212#5904000081FF7731
(0.197000) can0 292#4572C86492010000
(0.198000) can0 2F2#1201
(0.199000) can0 352#0000EE0B72066E06
(0.200000) can0 400#00E0FBBEEFFB00
(0.201000) can0 7A8#0240C207000F0000
(0.201000) can0 1D8#2902411F000080E4
(0.202000) can0 225#5555FA00
(0.203000) can0 266#1F00103310009F01
(0.206000) can0 7AA#0744FE3FFE19FD48
(0.206000) can0 243#00FCCFCC90440D29
(0.209000) can0 261#BA291802805C22F1
(0.209000) can0 3DF#0000C00002D0001B
(0.210000) can0 441#ED00B6C35800153C
(0.211000) can0 421#021A0000002000
(0.211000) can0 1D8#2902811F0000A044
(0.212000) can0 201#0300000000000000
(0.214000) can0 257#59265647FA172B01
(0.215000) can0 3C0#0700000000000000
(0.215000) can0 3E2#040000711FCF00
(0.216000) can0 443#7106FF030000
(0.217000) can0 3FD#01000A0000080280
(0.219000) can0 381#C104000E93949400
(0.219000) can0 3AE#1040000800000059
(0.222000) can0 103#22B38804A2F02032
(0.224000) can0 118#566C950000C87400
(0.224000) can0 788#0240C50700030000
(0.225000) can0 401#082A48953C953A95
(0.226000) can0 2F9#BCFB070800000000
(0.226000) can0 37D#017B117500000000
(0.227000) can0 289#CA0C064386003D0F
(0.229000) can0 25D#3741012A04F08803
(0.230000) can0 75D#068F000000000000
(0.232000) can0 1D8#2902811F0000E084
(0.232000) can0 257#5A275647FA172B01
(0.233000) can0 126#3DF03074F8
(0.234000) can0 1D6#020800004AC0FC07
(0.234000) can0 281#0000FF1F0000
(0.235000) can0 2B6#000300
(0.236000) can0 2E1#FB1F916997900900
(0.237000) can0 263#89E6D1A7AF4F5F1F
(0.237000) can0 3F9#0400000000000000
(0.238000) can0 677#0200000000000000
(0.239000) can0 393#0380610000000000
(0.240000) can0 27A#C9BF0C01B8056202
(0.240000) can0 261#9401B04B0040440A
(0.242000) can0 1D8#2902811F000000A4
(0.243000) can0 118#C76E950000C8E4FF
(0.243000) can0 266#1F00103310009F01
(0.244000) can0 3A1#884C0FCA001462E3
(0.245000) can0 132#328F3FFEAB3C
(0.246000) can0 372#0310075000010000
(0.246000) can0 243#02FCAB0D05D90000
(0.247000) can0 45A#24403FC15F2C4738
(0.248000) can0 3A2#6005F3B11C00C26F
(0.248000) can0 428#20001010000010
(0.249000) can0 3AE#0F40000800001068
(0.250000) can0 4E3#01D8050000002800
(0.256000) can0 247#5E0EFF0000000000
(0.260000) can0 343#009268FE95010000
(0.263000) can0 439#0000000000185A04
(0.265000) can0 129#6E23EB5F0020FF3F
(0.267000) can0 39D#045CE12700
(0.269000) can0 3FD#0200540000000090
(0.275000) can0 2E5#00000B320000DD00
(0.276000) can0 263#0300000000000000
(0.279000) can0 242#55558600
(0.281000) can0 25B#D38000056A86A043
(0.281000) can0 1D8#2902411F000080E4
(0.284000) can0 118#DC62950000C80400
(0.284000) can0 22B#FFFFFF0780FFFFFF
(0.285000) can0 132#308F3FFEB53C
(0.286000) can0 401#0B2A399546953F95
(0.286000) can0 2C3#555BA9B682C112AA
(0.288000) can0 261#31401D0094497ADB
(0.289000) can0 3F5#0000C838820C0000
(0.289000) can0 3AE#0F40000800002078
(0.292000) can0 37A#D20D000000000000
(0.292000) can0 266#1F00103310009F01
(0.293000) can0 2EC#575095
(0.294000) can0 3A1#C1FFFF3F3D00706B
(0.294000) can0 2E3#84126121890400
(0.295000) can0 3AE#0F40000800003189
(0.296000) can0 2E1#398D2AFF0F000000
(0.297000) can0 252#AB4BE67C00FC0F00
(0.297000) can0 2D2#F12EAF4E8813E822
(0.298000) can0 3B2#57768E9C384BCED8
(0.299000) can0 122#00001392D2000000
(0.302000) can0 400#00E0FBBEEFFB00
(0.304000) can0 225#5555FA00
(0.306000) can0 132#358F3EFEB03C
(0.308000) can0 23E#00003AC002FF2F6A
(0.310000) can0 3C8#0100000000000000
(0.312000) can0 421#021A0000002000
(0.314000) can0 118#2F65950000C85400
(0.316000) can0 3A2#62A7FFFF03000000
(0.318000) can0 724#070000
(0.321000) can0 1F8#1A000000
(0.321000) can0 1D8#2904811F000000A6
(0.324000) can0 118#3066950000C85400
(0.324000) can0 6A1#0000000000
(0.325000) can0 401#0D2A409540953E95
(0.326000) can0 1D5#290000000000201F
(0.327000) can0 25D#3741012A04F08803
(0.328000) can0 2E1#FB1F956997950900
(0.333000) can0 1D8#2904811F000020C6
(0.333000) can0 126#3EF82E7C07
(0.334000) can0 1D6#020800004AC0FC07
(0.335000) can0 22B#FFFFFF0780FFFFFF
(0.335000) can0 1D5#290000000000403F
(0.336000) can0 261#9401B04B0040A46A
(0.340000) can0 726#0B0000
(0.342000) can0 2A8#010100000600A052
(0.344000) can0 118#F268950000C81400
(0.346000) can0 3A1#884C0FCA00188207
(0.348000) can0 23E#00003AC002FF3F7A
(0.350000) can0 376#1061595C5059B67D
(0.352000) can0 376#04FFFFFFFF59595D
(0.353000) can0 257#602D5647FA172B01
(0.354000) can0 119#00000000
(0.355000) can0 757#485D60000040975C
(0.355000) can0 420#2801404B00008007
(0.356000) can0 1D5#290000000000807F
(0.357000) can0 340#0B40000000000000
(0.358000) can0 318#1A06060D101B39B2
(0.358000) can0 7AA#09F506F506010000
(0.359000) can0 7FF#0191494642041601
(0.360000) can0 2E1#658008002A4F316A
(0.361000) can0 441#3E85890032002007
(0.361000) can0 1D8#2906811F00008028
(0.362000) can0 201#0104980000000000
(0.375000) can0 3FD#0000003C20000180
(0.379000) can0 118#F46A950000C81400
(0.382000) can0 25B#D38000056A86B053
(0.383000) can0 266#1F00103310009F01
(0.386000) can0 261#31402C009549DA4B
(0.386000) can0 2C3#0000C04B010040CB
(0.387000) can0 201#0200000000000000
(0.388000) can0 2E5#00000B320000DD00
(0.391000) can0 3F5#0000C838820C0000
(0.391000) can0 1D8#2908C11F0000E0CA
(0.392000) can0 118#D66D950000C8F4FF
(0.393000) can0 257#622F5647FA172B01
(0.393000) can0 2EC#5760A5
(0.394000) can0 303#10000000FFFFFFFF
(0.396000) can0 752#0078104104000000
(0.396000) can0 252#AB4BE67C00FC0F00
(0.397000) can0 292#4572C86492010000
(0.398000) can0 2E5#00000B320000DD00
(0.399000) can0 712#020AAA13FB130000
(0.399000) can0 400#00E0FBBEEFFB00
(0.402000) can0 7A8#01000000FFA1B812
(0.402000) can0 225#5555FA00
(0.403000) can0 266#1F00103310009F01
(0.406000) can0 132#158F35FEA43C
(0.406000) can0 243#00FCCFCC90440D29
(0.407000) can0 414#1233585646544756
(0.408000) can0 55A#0200000000000000
(0.408000) can0 3C8#0200000000000000
(0.409000) can0 3BB#230F14
(0.411000) can0 33A#81D443A3FDFF3761
(0.411000) can0 1D8#290801200000204B
(0.412000) can0 1E5#286C04000000209E
(0.413000) can0 257#53205647FA172B01
(0.414000) can0 2BF#00000000000001
(0.414000) can0 3C2#0055555500006A05
(0.415000) can0 3E2#040000711FCF00
(0.416000) can0 316#0A011031FC000900
(0.417000) can0 3FD#01000A0000080280
(0.418000) can0 304#0000000000000000
(0.419000) can0 1F8#1A000000
(0.420000) can0 34A#0100000000000020
(0.421000) can0 103#22B38804A2F02032
(0.421000) can0 1D8#290801200000406B
(0.423000) can0 118#5A60950000C88400
(0.424000) can0 2E1#FB1F9569978A0900
(0.425000) can0 788#01000000FFA1C812
(0.425000) can0 401#122A50954F956595
(0.426000) can0 2F9#BCFB071800000000
(0.427000) can0 123#01000000003F0000
(0.428000) can0 41D#00
(0.428000) can0 221#610555550107A0DB
(0.433000) can0 1D8#290801200000608B
(0.433000) can0 126#3FA030043A
(0.434000) can0 1D6#020800004AC0FC07
(0.435000) can0 22B#FFFFFF0780FFFFFF
(0.435000) can0 1D5#290000000000807F
(0.436000) can0 381#0700000000000000
(0.438000) can0 263#89E6D1A7AF4F5F1F
(0.438000) can0 2E5#00000B320000DD00
(0.439000) can0 1A5#00101F08DD
(0.440000) can0 393#0380610000000000
(0.441000) can0 339#02F1FE008007800F
(0.441000) can0 552#000000000000A0F7
(0.442000) can0 1E5#286C04000000007E
(0.443000) can0 7D5#2B642FFF00000000
(0.444000) can0 7D5#2C3F3F0000000000
(0.444000) can0 315#015A5A00625A0000
(0.445000) can0 315#02000A1700000000
(0.446000) can0 38B#FEFE9F1BE9802203
(0.447000) can0 3A1#884C0FCA0014A223
(0.447000) can0 3A2#604573B30400C26F
(0.449000) can0 3D5#60605F5F602B0062
(0.450000) can0 5D7#506E0A0002
(0.450000) can0 545#02000300000090DF
(0.451000) can0 4E3#03FD000000002800
(0.452000) can0 247#5E0EFF0000000000
(0.453000) can0 118#2D63950000C85400
(0.453000) can0 3E5#0000000000000000
(0.454000) can0 257#55225647FA172B01
(0.455000) can0 368#0000000000000000
(0.456000) can0 420#2801404B00000000
(0.456000) can0 36B#0000000000000000
(0.457000) can0 340#0000000000000000
(0.458000) can0 458#00002000000000
(0.459000) can0 36E#0000000000000000
(0.460000) can0 294#14C1400040000000
(0.461000) can0 441#3E8589003200280F
(0.462000) can0 1E5#286C0400000040BE
(0.462000) can0 3C3#5555550100000000
(0.463000) can0 266#1F00103310009F01
(0.464000) can0 3A8#0300000000000000
(0.465000) can0 132#298F38FEAE3C
(0.465000) can0 401#142A4E9553955295
(0.466000) can0 23E#00003AC002FF6FAA
(0.467000) can0 3FD#0200540000000090
(0.469000) can0 241#7474141D1D4500
(0.469000) can0 224#0408004019011008
(0.470000) can0 553#0000000000003088
(0.471000) can0 1FA#1AC001
(0.471000) can0 1E5#286C0400000060DE
(0.473000) can0 2C1#0219160000D09201
(0.474000) can0 2D7#8C99C106
(0.474000) can0 54F#0000000000000000
(0.475000) can0 1D5#29000000000000FF
(0.478000) can0 263#0300000000000000
(0.478000) can0 221#605555155451B198
(0.481000) can0 261#3140020094493A80
(0.481000) can0 1D8#2904C11F000000E6
(0.484000) can0 118#6066950000C88400
(0.484000) can0 22B#FFFFFF0780FFFFFF
(0.485000) can0 132#328F3BFEAF3C
(0.486000) can0 3E8#0200000000000000
(0.486000) can0 2C3#555BA9B682C112AA
(0.489000) can0 2E1#398D2AFF0F000000
(0.490000) can0 3F5#0000C838830C0000
(0.493000) can0 1D8#2904C11F00002006
(0.493000) can0 129#FD2AEC5F0020FF3F
(0.494000) can0 3A1#C1FFFF293D00B095
(0.495000) can0 132#2C8F3EFEBB3C
(0.495000) can0 409#00
(0.496000) can0 212#5904000081FF7731
(0.497000) can0 263#04000000901C0000
(0.498000) can0 2D2#F12EAF4E8813E822
(0.498000) can0 359#3A00000000000000
(0.499000) can0 712#0300000000000000
(0.500000) can0 38D#5654AAAAAA244902
(0.511000) can0 554#D08403051ED000
(0.516000) can0 1E5#286C0400000060DE
(0.519000) can0 2AA#574043
(0.521000) can0 1F8#1A000000
(0.523000) can0 1D8#2902811F00008024
(0.525000) can0 249#AF0E0000
(0.527000) can0 1D5#290000000000A09F
(0.529000) can0 2E5#00000B320000DD00
(0.531000) can0 3AE#0F4000080000C119
(0.532000) can0 266#1F00103310009F01
(0.533000) can0 108#5601080204031625
(0.534000) can0 1D6#020800004A00FD07
(0.534000) can0 281#0000FF1F0000
(0.535000) can0 132#2B8F41FEBA3C
(0.536000) can0 2E1#0400000000202600
(0.537000) can0 397#032080641C180000
(0.537000) can0 201#006D6C0000E4FF00
(0.540000) can0 2E5#00000B320000DD00
(0.542000) can0 381#0A00000000000000
(0.544000) can0 407#190E000000000000
(0.546000) can0 3A1#884C0FCA0018C247
(0.548000) can0 39D#FB53E12700
(0.550000) can0 2E5#00000B320000DD00
(0.552000) can0 4E3#047A208805600000
(0.554000) can0 266#1E00103310009F01
(0.556000) can0 2C2#5523AA0680C112AA
(0.557000) can0 2B3#10000000000E0000
(0.558000) can0 458#00002000000000
(0.561000) can0 453#00000000
(0.561000) can0 1D8#2900011F00000022
(0.562000) can0 201#0104980000000000
(0.563000) can0 118#B76E950000C8D4FF
(0.566000) can0 132#348F44FEBB3C
(0.566000) can0 243#0300008029452600
(0.567000) can0 241#7374D41C1D4500
(0.568000) can0 2E1#1021040010000004
(0.568000) can0 204#010000FF00000010
(0.569000) can0 224#0408004019011008
(0.570000) can0 3C4#1E37303030313546
(0.571000) can0 78A#01000100D05C845D
(0.571000) can0 1D8#2900011F00002042
(0.572000) can0 266#1E00103310009F01
(0.573000) can0 682#0000004004114075
(0.574000) can0 54F#0000000000000000
(0.574000) can0 383#A5181E002591230B
(0.576000) can0 1D5#290000000000403F
(0.577000) can0 379#0500EE8E800D0000
(0.577000) can0 242#55558600
(0.578000) can0 221#605555155451D1B8
(0.581000) can0 25B#D38000056A86D073
(0.581000) can0 1D8#2900011F00004062
(0.582000) can0 545#40045850998AD932
(0.583000) can0 266#1E00103310009F01
(0.583000) can0 139#00
(0.586000) can0 39D#FC54E12700
(0.586000) can0 23E#00003AC002FF9FDA
(0.587000) can0 243#04FC83F1857CFFFF
(0.588000) can0 2E5#00000B320000DD00
(0.591000) can0 3F5#0000C838820C0000
(0.591000) can0 1D8#2900011F00006082
(0.593000) can0 118#0B61950000C83400
(0.594000) can0 2EC#5780C5
(0.596000) can0 132#298F43FEBB3C
(0.596000) can0 212#5904000081FF7731
(0.597000) can0 263#04000000901C0000
(0.598000) can0 2F2#1201
(0.598000) can0 3B2#5807EBF9FFFF0000
(0.599000) can0 712#0400000000000000
(0.600000) can0 2D1#FF01
(0.601000) can0 7A8#B8CCB18300008200
(0.601000) can0 3AE#0F4000080000F048
(0.602000) can0 225#5555FA00
(0.603000) can0 266#1E00103310009F01
(0.606000) can0 132#338F42FEBF3C
(0.606000) can0 243#00FCCFCC90440D29
(0.608000) can0 2E5#00000B320000DD00
(0.609000) can0 3C8#0400000000000000
(0.609000) can0 228#0106184C0060D1C6
(0.610000) can0 441#EE00B6C35800355D
(0.611000) can0 421#021A0000002000
(0.611000) can0 1E5#286C04000000209E
(0.612000) can0 201#0300000000000000
(0.613000) can0 2BF#00000000000001
(0.614000) can0 381#0C00000000000000
(0.614000) can0 3E2#040000711FCF00
(0.615000) can0 545#010000000010E03B
(0.616000) can0 2E1#FB1F9279978A0900
(0.617000) can0 2B3#0071807E6C7C687B
(0.619000) can0 2E5#00000B320000DD00
(0.620000) can0 1F8#1A000000
(0.623000) can0 1D8#2902011F0000C0E4
(0.623000) can0 249#9B000000
(0.624000) can0 261#9401B84B0040C492
(0.625000) can0 132#2A8F41FEBC3C
(0.625000) can0 1D5#290000000000E0DF
(0.626000) can0 21D#0400B50000000000
(0.627000) can0 123#01000000003F0000
(0.628000) can0 75D#0100000000000080
(0.628000) can0 31A#200100000000205E
(0.633000) can0 1D8#2900411F0000E042
(0.635000) can0 128#0000EC0A02
(0.637000) can0 1D5#29000000000000FF
(0.639000) can0 201#006D6D0000E4FF00
(0.641000) can0 393#0380610000000000
(0.644000) can0 1D8#2902411F00000064
(0.646000) can0 7D5#2C3F3F0000000000
(0.647000) can0 1F9#0000000000000000
(0.648000) can0 422#700010000000
(0.648000) can0 2E1#658008002A4F316A
(0.649000) can0 545#020002000000F03E
(0.652000) can0 4E3#D5028201001C0000
(0.652000) can0 1E5#286C04000000209E
(0.653000) can0 257#5F2C5647FA172B01
(0.656000) can0 2C2#2040404B010080CB
(0.656000) can0 261#00100800FF4FE03C
(0.657000) can0 343#0092640E96000000
(0.658000) can0 55A#0400000000000000
(0.658000) can0 318#1A06060D101B3FB8
(0.660000) can0 7FF#04857EDD5C010100
(0.663000) can0 1D8#2902411F000040A4
(0.663000) can0 129#0C2BEC5F0020FF3F
(0.664000) can0 2E1#1021040010000004
(0.665000) can0 3C2#2955000000000000
(0.665000) can0 1D5#290000000000605F
(0.666000) can0 23E#00003AC002FFBFFA
(0.667000) can0 241#7474141D1D4500
(0.668000) can0 287#30322F31DB020000
(0.668000) can0 2C4#010001D200000000
(0.669000) can0 224#0408004019011008
(0.670000) can0 3DB#0400001705000000
(0.671000) can0 1FA#1AC001
(0.671000) can0 3A4#0000000000000000
(0.673000) can0 1E5#286C0400000060DE
(0.674000) can0 310#0A016C1004008700
(0.674000) can0 682#0000004004115085
(0.675000) can0 54F#0000000000000000
(0.678000) can0 263#0300000000000000
(0.678000) can0 2F1#0AB1010000000000
(0.681000) can0 25B#D38000056A86E083
(0.681000) can0 1D8#2900411F000080E2
(0.684000) can0 118#046A950000C82400
(0.686000) can0 360#0200000000000000
(0.686000) can0 2C3#555BA9B682C112AA
(0.687000) can0 201#0200000000000000
(0.688000) can0 2E5#00000B320000DD00
(0.691000) can0 3F5#0000C838820C0000
(0.692000) can0 1D8#2900411F0000A002
(0.693000) can0 257#622E564702102B01
(0.696000) can0 3A1#C1FFFF3D3D00F0E9
(0.696000) can0 212#5904000081FF7731
(0.697000) can0 263#04000000901C0000
(0.698000) can0 312#DD214817408D0C00
(0.698000) can0 392#0111A467000A0300
(0.699000) can0 712#0500000000000000
(0.702000) can0 7A8#01000000FFA1B812
(0.702000) can0 225#5555FA00
(0.703000) can0 129#502FEC5F0020FF3F
(0.704000) can0 261#934C0A0000401534
(0.707000) can0 132#198F42FEB83C
(0.709000) can0 2E5#00000B320000DD00
(0.710000) can0 3DF#0000C00002D0001B
(0.711000) can0 421#021A0000002000
(0.712000) can0 1E5#286C0400000060DE
(0.712000) can0 201#0300000000000000
(0.713000) can0 282#9438E20814040324
(0.714000) can0 2E1#FB1F927997890900
(0.714000) can0 40A#091000000000E007
(0.715000) can0 443#7207FF030000
(0.716000) can0 677#0400000000000000
(0.717000) can0 263#700ED29FA74F5F1F
(0.720000) can0 2E5#00000B320000DD00
(0.720000) can0 381#EFFFFFCD0300A609
(0.723000) can0 1D8#2900011F00000022
(0.723000) can0 249#2A020000
(0.725000) can0 788#01000000FFA1C812
(0.725000) can0 1D5#290000000000201F
(0.726000) can0 401#2100000000000000
(0.727000) can0 243#01FC374736005B5B
(0.728000) can0 70B#0700000000000000
(0.728000) can0 2E1#0400000000202600
(0.733000) can0 1D8#2900011F00002042
(0.733000) can0 126#3EF0301CA1
(0.734000) can0 1D6#020800004AC0FC07
(0.735000) can0 3A3#14C00000380DFC01
(0.735000) can0 1D5#290000000000403F
(0.736000) can0 395#090F12610902037D
(0.737000) can0 263#89E6D1A7AF4F5F1F
(0.738000) can0 4E2#04D0400D19880100
(0.741000) can0 186#AD04000200E61525
(0.743000) can0 1D8#2900011F00004062
(0.745000) can0 129#9523EC5FFF1FFF3F
(0.747000) can0 39D#0058E12700
(0.749000) can0 1F9#0000000000000000
(0.751000) can0 7D7#321B000000000000
(0.754000) can0 118#8B61950000C8B400
(0.759000) can0 340#0300000000000000
(0.761000) can0 2E1#1021040010000004
(0.763000) can0 1D8#2900011F000080A2
(0.765000) can0 266#1E00103310009F01
(0.767000) can0 401#2300000000000000
(0.769000) can0 287#30322F31DB020000
(0.771000) can0 224#0408004019011008
(0.775000) can0 1D8#2900011F0000A0C2
(0.775000) can0 3A2#0110200000000000
(0.778000) can0 263#0300000000000000
(0.778000) can0 221#60555515545111F8
(0.781000) can0 25B#D38000056A86F093
(0.781000) can0 1D8#2900011F0000C0E2
(0.784000) can0 118#BD64950000C8E4FF
(0.784000) can0 39D#0159E12700
(0.785000) can0 132#338F44FEBC3C
(0.786000) can0 3E8#0500000000000000
(0.786000) can0 2C3#0000C04B010040CB
(0.787000) can0 201#0200000000000000
(0.788000) can0 2E5#00000B320000DD00
(0.789000) can0 3F5#0000C838820C0000
(0.790000) can0 3F5#0000C838830C0000
(0.793000) can0 1D8#2900011F0000E002
(0.793000) can0 129#7728EC5F0020FF3F
(0.794000) can0 381#1100000000000000
(0.795000) can0 22B#FFFFFF0F80FFFFFF
(0.795000) can0 1D5#29000000000000FF
(0.796000) can0 212#5904000081FF7731
(0.797000) can0 292#4572C86492010000
(0.798000) can0 2F2#1201
(0.798000) can0 359#440400008AAB72AE
(0.801000) can0 400#00E0FBBEEFFB00
(0.801000) can0 1D8#2900011F00000022
(0.804000) can0 225#5555FA00
(0.806000) can0 132#2E8F43FEBC3C
(0.806000) can0 243#00FCCFCC90440D29
(0.808000) can0 2E5#00000B320000DD00
(0.809000) can0 3C8#0600000000000000
(0.809000) can0 228#0106184C0060F1E6
(0.810000) can0 5F3#22F520
(0.811000) can0 421#021A0000002000
(0.811000) can0 1D8#2900011F00002042
(0.812000) can0 201#0300000000000000
(0.813000) can0 282#8C38E20818040324
(0.814000) can0 2C1#0400000000000000
(0.814000) can0 253#0164A6C66490B505
(0.815000) can0 132#248F40FEB83C
(0.816000) can0 545#010000000010409B
(0.817000) can0 7AA#320885F9D9072100
(0.817000) can0 345#0A01010000008300
(0.821000) can0 1F8#1A000000
(0.821000) can0 1D8#2900011F00004062
(0.824000) can0 118#1268950000C83400
(0.824000) can0 6A1#0000000000
(0.825000) can0 448#20001010000010
(0.826000) can0 2F9#BCFB070800000000
(0.826000) can0 21D#0400B50000000000
(0.827000) can0 25D#3741012A04F08803
(0.828000) can0 75D#5258AE000000004A
(0.829000) can0 31A#200100000000306E
(0.832000) can0 387#FFFFFFFFFFFF0040
(0.832000) can0 266#1E00103310009F01
(0.833000) can0 108#6C14080A04FF1525
(0.834000) can0 128#0000EC0A02
(0.835000) can0 279#2FB4FC01B8056502
(0.836000) can0 395#090F12610902037D
(0.837000) can0 3F9#0100000000000000
(0.837000) can0 201#006D6E0000E4FF00
(0.838000) can0 2E5#00000B320000DD00
(0.839000) can0 1A5#00101F28FD
(0.840000) can0 396#091E1E5651580C7D
(0.840000) can0 2E1#658008002A4F316A
(0.841000) can0 552#000000000000E037
(0.842000) can0 1E5#286C04000000007E
(0.843000) can0 118#D36A950000C8F4FF
(0.843000) can0 266#1F00103310009F01
(0.844000) can0 3A1#884C0FCA001422A3
(0.845000) can0 132#2C8F41FEB63C
(0.846000) can0 372#0D3200D01E5B218F
(0.849000) can0 422#700010000000
(0.851000) can0 4E3#00AC010000002800
(0.851000) can0 1D8#2902011F0000A0C4
(0.852000) can0 227#0000000051000080
(0.853000) can0 257#5A26564702102B01
(0.853000) can0 119#00000000
(0.856000) can0 2C2#2040404B010080CB
(0.856000) can0 2E1#1021040010000004
(0.857000) can0 2B3#24A4479327090C00
(0.858000) can0 7FF#06003200000000C0
(0.858000) can0 458#00002000000000
(0.859000) can0 333#0410590700
(0.860000) can0 3FD#0000003C20000180
(0.862000) can0 441#3E858900320008EF
(0.863000) can0 3C3#5555550100000000
(0.864000) can0 3C2#2955000000000000
(0.865000) can0 132#308F3EFEB13C
(0.868000) can0 23E#00003AC002FF0F4A
(0.868000) can0 2C4#03010E40010C8000
(0.869000) can0 553#00000000000070C8
(0.870000) can0 719#0100040000000000
(0.870000) can0 1FA#1AC001
(0.871000) can0 1D8#2902411F0000E044
(0.872000) can0 1E5#286C0400000060DE
(0.873000) can0 2C1#0219160000D09201
(0.873000) can0 129#B520EC5F0020FF3F
(0.874000) can0 330#0A010000FFFF3800
(0.875000) can0 211#B713710F1001
(0.876000) can0 1D5#29000000000000FF
(0.877000) can0 242#55558600
(0.878000) can0 2E5#00000B320000DD00
(0.881000) can0 545#90045830998969F1
(0.881000) can0 1D8#2902411F00000064
(0.884000) can0 118#B76E950000C8D4FF
(0.886000) can0 360#0400000000000000
(0.886000) can0 2C3#555BA9B682C112AA
(0.887000) can0 201#0200000000000000
(0.888000) can0 2E5#00000B320000DD00
(0.891000) can0 3F5#0000C838820C0000
(0.891000) can0 1D8#2902411F00002084
(0.892000) can0 1E5#286C04000000209E
(0.893000) can0 2C1#531A900000000000
(0.894000) can0 3A1#C1FFFF453D003031
(0.895000) can0 132#2F8F40FEBB3C
(0.896000) can0 261#934C0A000040D5F4
(0.896000) can0 263#04000000901C0000
(0.897000) can0 292#4572C86492010000
(0.898000) can0 359#4500000000000000
(0.899000) can0 45A#FD07F8FF03000949
(0.899000) can0 400#00E0FBBEEFFB00
(0.900000) can0 7AA#2382F9D60713001C
(0.901000) can0 3AE#0F400008000081D9
(0.902000) can0 1E5#286C0400000040BE
(0.902000) can0 118#7A60950000C8A400
(0.903000) can0 129#FC23EC5F0020FF3F
(0.904000) can0 2E1#FB1F927997880900
(0.905000) can0 132#358F41FEBB3C
(0.906000) can0 382#3917210000
(0.907000) can0 414#1133535459323530
(0.908000) can0 55A#0500000000000000
(0.908000) can0 2E5#00000B320000DD00
(0.909000) can0 228#0106184C006001F6
(0.910000) can0 441#EF00B6C358000D36
(0.911000) can0 421#021A0000002000
(0.911000) can0 1D8#2902411F000060C4
(0.912000) can0 39A#2413EF76FF2EEF7E
(0.913000) can0 266#1F00103310009F01
(0.914000) can0 3FD#01000A0000080280
(0.916000) can0 2F3#07070B0400600002
(0.916000) can0 2AA#578083
(0.917000) can0 2B3#05000000E4808000
(0.919000) can0 737#03000000E0F080
(0.919000) can0 1F8#1A000000
(0.920000) can0 2E1#0400000000202600
(0.921000) can0 719#EE9B630053630014
(0.921000) can0 1D8#2902411F000080E4
(0.924000) can0 118#6B62950000C894FF
(0.924000) can0 6A1#0000000000
(0.925000) can0 448#20001010000010
(0.926000) can0 2F9#BCFB07100D1A8B84
(0.926000) can0 123#00001392D2000000
(0.927000) can0 289#CA0C060388003D0F
(0.928000) can0 2E5#00000B320000DD00
(0.933000) can0 1D8#2900411F0000A002
(0.933000) can0 128#0000EC0A02
(0.935000) can0 268#1B10A001FF
(0.935000) can0 1D5#290000000000C0BF
(0.936000) can0 3A3#14C00000380DFC01
(0.937000) can0 263#89E6D1A7AF4F5F1F
(0.938000) can0 4E2#0600000000000000
(0.938000) can0 186#B206000200E91525
(0.939000) can0 27A#AFB6FC00B8056202
(0.940000) can0 339#02F1FE008007800F
(0.941000) can0 552#000000000000F047
(0.941000) can0 1D8#2900011F0000C0E2
(0.944000) can0 118#5E64950000C88400
(0.946000) can0 3A1#884C0FCA001442C3
(0.948000) can0 23E#00003AC002FF2F6A
(0.950000) can0 757#2C003E0000000000
(0.953000) can0 4E3#01D8050000002800
(0.955000) can0 129#7728EC5F0020FF3F
(0.957000) can0 420#2801404B00008002
(0.960000) can0 318#1A06060D101B259E
(0.961000) can0 439#0000000000185A04
(0.961000) can0 1D8#2900011F00000022
(0.962000) can0 3C3#0000000000A50000
(0.963000) can0 266#1E00103310009F01
(0.964000) can0 3FD#0200540000000090
(0.966000) can0 2E2#F713503F01000000
(0.966000) can0 243#0300008029452600
(0.967000) can0 241#7474141D1D4500
(0.968000) can0 2E5#00000B320000DD00
(0.968000) can0 2E1#398D2AFF0F000000
(0.971000) can0 553#00000000000080D8
(0.973000) can0 1D8#2900011F00002042
(0.975000) can0 229#DD0600
(0.977000) can0 1D5#290000000000403F
(0.979000) can0 242#55558600
(0.981000) can0 25B#D38000056A8610B3
(0.983000) can0 1D8#2900011F00004062
(0.985000) can0 139#00
(0.987000) can0 3AE#0E4000080000B108
(0.988000) can0 2E5#00000B320000DD00
(0.989000) can0 3F5#0000C838820C0000
(0.989000) can0 3F5#0000C838830C0000
(0.992000) can0 37A#A10D000000000000
(0.992000) can0 261#934C0A0000403554
(0.993000) can0 2C1#531A900000000000
(0.995000) can0 677#0100000000000000
(0.995000) can0 409#00
(0.996000) can0 234#2EE10380430054C4
(0.997000) can0 252#AA4BE57C00FC0F00
(0.997000) can0 2D2#F12EAF4E8813E822
(0.998000) can0 45A#FD07F8FF0300084A
(1.001000) can0 400#00E0FBBEEFFB00
(1.002000) can0 1E5#286C04000000007E
(1.006000) can0 3AE#0E4000080000C017
(1.008000) can0 243#00FCCFCC90440D29
(1.010000) can0 381#1700000000000000
(1.012000) can0 6A2#0000000000
(1.014000) can0 201#0300000000000000
(1.016000) can0 3C2#0055555500006A05
(1.020000) can0 263#700ED29FA74F5F1F
(1.023000) can0 1D8#2900011F0000C0E2
(1.023000) can0 249#3F080000
(1.024000) can0 261#0522D3C99A4250E5
(1.025000) can0 132#2F8F44FEC63C
(1.025000) can0 1D5#290000000000E0DF
(1.026000) can0 31E#0200000000000000
(1.027000) can0 123#01000000003F0000
(1.028000) can0 41D#00
(1.028000) can0 2E5#00000B320000DD00
(1.033000) can0 1D8#2900011F0000E002
(1.033000) can0 128#0000EC0A02
(1.034000) can0 268#1B10A001FF
(1.035000) can0 2C1#D0647E00008A0200
(1.035000) can0 1D5#29000000000000FF
(1.037000) can0 3A3#14C00000380DFC01
(1.038000) can0 4E2#00D3000000002800
(1.038000) can0 2E5#00000B320000DD00
(1.039000) can0 195#000000000A002706
(1.040000) can0 396#091E1F5652580C7D
(1.041000) can0 339#02F1FE008007800F
(1.041000) can0 3A2#6025F3B40400C26F
(1.042000) can0 207#0000000000000000
(1.043000) can0 118#186E950000C83400
(1.044000) can0 266#1E00103310009F01
(1.044000) can0 381#1800000000000000
(1.045000) can0 22B#FFFFFF0F80FFFFFF
(1.046000) can0 7AA#0522880C50081300
(1.047000) can0 243#02FCAB0D05D90000
(1.048000) can0 7D7#321B000000000000
(1.049000) can0 757#2C003E0000000000
(1.052000) can0 4E3#0200000000002800
(1.052000) can0 247#5F0EFF0000000000
(1.053000) can0 2C1#216B186402000000
(1.056000) can0 2C2#2040404B010080CB
(1.056000) can0 261#3140FCFF90497AB5
(1.057000) can0 343#0092646E95000000
(1.058000) can0 7FF#0800000100000000
(1.058000) can0 1BB#02
(1.059000) can0 332#E11D74073815
(1.060000) can0 3D2#F00E0803B4B02A03
(1.061000) can0 441#3E858900320018FF
(1.061000) can0 1D8#29FE001F0000405F
(1.063000) can0 201#0104980000000000
(1.064000) can0 3A8#0103000700020100
(1.064000) can0 132#338F44FEC73C
(1.065000) can0 1D5#290000000000605F
(1.066000) can0 401#002A3C9534953095
(1.067000) can0 243#0300008029452600
(1.069000) can0 2E5#00000B320000DD00
(1.069000) can0 224#0408004019011008
(1.070000) can0 78A#0100060003000000
(1.073000) can0 1D8#29FE001F0000607F
(1.073000) can0 129#9724F05F0820FF3F
(1.074000) can0 682#00000040041190C5
(1.075000) can0 211#B915710F1001
(1.078000) can0 263#0300000000000000
(1.079000) can0 2F1#AE004021D4012804
(1.080000) can0 25B#D38000056A8620C3
(1.081000) can0 423#00001000000000
(1.081000) can0 1D8#29FE001F0000809F
(1.084000) can0 118#2C62950000C85400
(1.084000) can0 3AE#104000080000F049
(1.085000) can0 132#288F47FEC93C
(1.086000) can0 3E8#0100000000000000
(1.086000) can0 2C3#555BA9B682C112AA
(1.089000) can0 2E5#00000B320000DD00
(1.089000) can0 3F5#0000C838830C0000
(1.092000) can0 37A#D20D000000000000
(1.092000) can0 2C1#531A900000000000
(1.093000) can0 2EC#57D015
(1.094000) can0 3A1#C1FFFF2B3D007057
(1.095000) can0 1D5#290000000000C0BF
(1.096000) can0 2E1#FB1F947997900900
(1.097000) can0 2B3#08FA0000D9780000
(1.097000) can0 359#C83F00000C00001C
(1.098000) can0 212#5904000081FF7731
(1.099000) can0 122#00001392D2000000
(1.100000) can0 42E#00E0BFFFFEEFBFFF
(1.100000) can0 7A8#0240C307000F0000
(1.101000) can0 1D8#29FEC01E0000C09E
(1.104000) can0 225#5555FA00
(1.106000) can0 132#288F48FEC93C
(1.106000) can0 3A2#62A7FFFF03000000
(1.109000) can0 2E5#00000B320000DD00
(1.111000) can0 285#61018E0308002E00
(1.112000) can0 6A2#0000000000
(1.113000) can0 266#1E00103310009F01
(1.113000) can0 282#9438E20814040324
(1.114000) can0 301#170000004DE567BE
(1.115000) can0 132#348F49FED13C
(1.116000) can0 40A#0910000000000027
(1.116000) can0 263#700ED29FA74F5F1F
(1.117000) can0 718#01000000000000
(1.118000) can0 2E5#00000B320000DD00
(1.121000) can0 1F8#1A000000
(1.121000) can0 1D8#29FCC01E000000DC
(1.124000) can0 118#8066950000C8A400
(1.124000) can0 6A1#0000000000
(1.125000) can0 132#308F4AFECB3C
(1.126000) can0 2F9#BCFB072000000000
(1.127000) can0 25D#3741012A04F08803
(1.128000) can0 2E5#00000B320000DD00
(1.129000) can0 6E8#2C7C00F412200C00
(1.132000) can0 1D8#29FC801E000020BC
(1.132000) can0 257#57245647FA172B01
(1.133000) can0 126#3E40313C12
(1.134000) can0 1D6#020800004A00FD07
(1.134000) can0 281#0000FF1F0000
(1.135000) can0 22A#0000F916
(1.136000) can0 3A3#14C00000380DFC01
(1.137000) can0 3F9#0400000000000000
(1.137000) can0 201#006E6D0000E4FF00
(1.138000) can0 2E5#00000B320000DD00
(1.139000) can0 393#080002C107B00304
(1.142000) can0 396#091E1F5651580C7D
(1.144000) can0 118#7168950000C894FF
(1.146000) can0 3A1#884C0FCA00148203
(1.148000) can0 23E#00003AC002FF7FBA
(1.150000) can0 2E5#00000B320000DD00
(1.152000) can0 4E3#03FD000000002800
(1.154000) can0 227#0000000051000080
(1.157000) can0 677#0000000000000000
(1.158000) can0 113#019701
(1.159000) can0 414#1233585646544756
(1.159000) can0 7F4#01
(1.160000) can0 318#1A06070D101B29A3
(1.161000) can0 441#3E85890032002007
(1.161000) can0 439#0000000000185A04
(1.163000) can0 201#0104980000000000
(1.164000) can0 3C3#0000000000A50000
(1.164000) can0 3E3#04000000
(1.165000) can0 3FD#0000003C20000180
(1.167000) can0 401#052A2A9524952F95
(1.168000) can0 2E5#00000B320000DD00
(1.168000) can0 2C4#063EA48CCA581700
(1.169000) can0 224#0408004019011008
(1.170000) can0 43B#017F00FF00000000
(1.171000) can0 1FA#1AC001
(1.171000) can0 1D8#29FC801E0000A03C
(1.172000) can0 266#1E00103310009F01
(1.173000) can0 3A2#0110200000000000
(1.174000) can0 249#280B0000
(1.174000) can0 383#A5181E002591230B
(1.176000) can0 1D5#290000000000C0BF
(1.177000) can0 263#0300000000000000
(1.177000) can0 242#55558600
(1.178000) can0 221#6055551554519178
(1.181000) can0 25B#D38000056A8630D3
(1.181000) can0 1D8#29FC801E0000C05C
(1.184000) can0 118#466C950000C86400
(1.186000) can0 360#0700000000000000
(1.186000) can0 23E#00003AC002FF8FCA
(1.187000) can0 2C3#0000C04B010040CB
(1.188000) can0 2E5#00000B320000DD00
(1.191000) can0 3F5#0000C838820C0000
(1.191000) can0 1D8#29FA801E0000E07A
(1.192000) can0 118#F76D950000C81400
(1.194000) can0 257#5A275647FA172B01
(1.194000) can0 22B#FFFFFF0F80FFFFFF
(1.195000) can0 1D5#29000000000000FF
(1.196000) can0 2D2#F22EAF4E8813E822
(1.197000) can0 234#2EE1038043009404
(1.197000) can0 292#4572C86492010000
(1.198000) can0 359#4900000000000000
(1.199000) can0 3B2#5A0000C024770748
(1.200000) can0 712#002AEB139D13DE13
(1.202000) can0 400#00E0FBBEEFFB00
(1.202000) can0 225#5555FA00
(1.203000) can0 266#1E00103210009F01
(1.206000) can0 7AA#0751FE4DFE30FD48
(1.206000) can0 243#00FCCFCC90440D29
(1.208000) can0 2E5#00000B320000DD00
(1.209000) can0 283#000000004000
(1.211000) can0 441#EC00B6C35800254B
(1.211000) can0 1D8#29FA401E0000207A
(1.212000) can0 118#A96F950000C8C400
(1.213000) can0 257#5B285647FA172B01
(1.213000) can0 3DF#0000C00002D0001B
(1.214000) can0 3C2#0055555500006A05
(1.215000) can0 3E2#040000711FCF00
(1.216000) can0 1D5#290000000000403F
(1.216000) can0 3FD#01000A0000080280
(1.218000) can0 443#7308FF030000
(1.221000) can0 1F8#1A000000
(1.221000) can0 1D8#29F8401E00004098
(1.223000) can0 118#7A60950000C8A400
(1.226000) can0 2E1#658008002B4F316A
(1.226000) can0 23E#00003AC002FF9FDA
(1.227000) can0 123#01000000003F0000
(1.228000) can0 289#CA0C06438C003D0F
(1.228000) can0 2E5#00000B320000DD00
(1.229000) can0 3DD#063D3D0000780000
(1.232000) can0 1D8#29F8401E000060B8
(1.232000) can0 266#1D0010320F009F01
(1.233000) can0 108#E1B807CA03111625
(1.234000) can0 128#0000EC0A02
(1.234000) can0 279#33B8FC01B8056502
(1.235000) can0 22A#0000F916
(1.236000) can0 395#090F11610902037D
(1.237000) can0 3F9#0500000000000000
(1.238000) can0 2E5#00000B320000DD00
(1.239000) can0 1A5#00101F481D
(1.240000) can0 396#091E1E5650570C7D
(1.240000) can0 2E1#1021040010000004
(1.241000) can0 552#0000000000002077
(1.242000) can0 545#020002000000105E
(1.243000) can0 118#1C62950000C84400
(1.243000) can0 129#D425F15FF81FFF3F
(1.244000) can0 3A1#884C0FCA0014A223
(1.245000) can0 3AE#0F400008000060B8
(1.246000) can0 1D5#290000000000A09F
(1.246000) can0 234#3320032EB904A07C
(1.247000) can0 45A#24403FC15F2C4737
(1.249000) can0 2E5#00000B320000DD00
(1.251000) can0 4E3#047A208805600000
(1.252000) can0 1E5#286C04000000209E
(1.256000) can0 2C2#2040404B010080CB
(1.258000) can0 340#0800000000000000
(1.260000) can0 7FF#0191494642041601
(1.262000) can0 441#3E8589003200280F
(1.264000) can0 118#0E64950000C83400
(1.266000) can0 213#98AD
(1.269000) can0 3FD#0200540000000090
(1.271000) can0 320#0100000800000000
(1.272000) can0 118#0F65950000C83400
(1.273000) can0 2C1#0219160000D09201
(1.273000) can0 677#0300000000000000
(1.275000) can0 249#130D0000
(1.276000) can0 545#40045850998A2982
(1.276000) can0 263#0300000000000000
(1.279000) can0 242#55558600
(1.281000) can0 25B#D38000056A8640E3
(1.281000) can0 1D8#29F4C01D000000D3
(1.284000) can0 118#8F66950000C8B4FF
(1.286000) can0 360#0800000000000000
(1.286000) can0 2C3#555BA9B682C112AA
(1.287000) can0 201#0200000000000000
(1.288000) can0 2E5#00000B320000DD00
(1.291000) can0 3F5#0000C838820C0000
(1.291000) can0 1D8#29F2C01D000020F1
(1.292000) can0 118#F167950000C81400
(1.293000) can0 2C1#531A900000000000
(1.296000) can0 3A1#C1FFFF3D3D00B0A9
(1.298000) can0 292#4572C86492010000
(1.300000) can0 45A#FD07F8FF0300084A
(1.302000) can0 7A8#01000000FFA1B812
(1.304000) can0 225#5555FA00
(1.306000) can0 132#358F5DFEEB3C
(1.308000) can0 401#0C2A349530953C95
(1.311000) can0 3C8#0400000000000000
(1.312000) can0 118#8269950000C8A4FF
(1.313000) can0 266#1D000F320F009F01
(1.313000) can0 129#E02CED5FF31FFF3F
(1.314000) can0 3C2#0055555500006A05
(1.315000) can0 677#0400000000000000
(1.315000) can0 1D5#290000000000807F
(1.317000) can0 263#700ED29FA74F5F1F
(1.318000) can0 2E5#00000B320000DD00
(1.321000) can0 1F8#1A000000
(1.321000) can0 1D8#29F2401D000080D1
(1.324000) can0 118#C36A950000C8E4FF
(1.324000) can0 6A1#0000000000
(1.325000) can0 401#0D2A339534953195
(1.326000) can0 2F9#BCFB07030D1A8B84
(1.326000) can0 123#00001392D2000000
(1.327000) can0 41D#00
(1.328000) can0 2E5#00000B320000DD00
(1.333000) can0 1D8#29F2401D0000A0F1
(1.333000) can0 128#0000EC0A02
(1.334000) can0 279#34B9FC01B8056502
(1.335000) can0 2B6#000300
(1.339000) can0 1D5#290000000000C0BF
(1.343000) can0 27A#B3BAFC00B8056202
(1.347000) can0 129#FF2FED5FF81FFF3F
(1.351000) can0 45A#24403FC15F2C4737
(1.355000) can0 557#5A6E190002
(1.360000) can0 420#2801404B00008004
(1.362000) can0 441#3E85890032003017
(1.362000) can0 3C3#0000000000A50000
(1.363000) can0 129#D521ED5FFB1FFF3F
(1.364000) can0 3C2#2955000000000000
(1.365000) can0 132#328F5AFEE63C
(1.365000) can0 1D5#290000000000201F
(1.366000) can0 3FD#0000003C20000180
(1.368000) can0 3BC#00007474
(1.370000) can0 204#010000FF00000010
(1.371000) can0 3AE#0B4000080000B105
(1.371000) can0 1D8#29F0401D0000206F
(1.372000) can0 118#296F950000C84400
(1.373000) can0 2C1#0219160000D09201
(1.373000) can0 249#CE0F0000
(1.374000) can0 545#40044E50998A59A8
(1.375000) can0 132#368F5BFEF03C
(1.378000) can0 261#934C0A000040B5D4
(1.378000) can0 2F1#113F011201B50900
(1.381000) can0 25B#D38000056A8650F3
(1.381000) can0 1D8#29F0401D0000408F
(1.384000) can0 118#7960950000C8A4FF
(1.386000) can0 360#0900000000000000
(1.387000) can0 243#04FC83F1857CFFFF
(1.388000) can0 2E5#00000B320000DD00
(1.391000) can0 3F5#0000C838820C0000
(1.391000) can0 1D8#29F0401D000060AF
(1.392000) can0 118#FB61950000C82400
(1.393000) can0 257#5521564702102B01
(1.393000) can0 2EC#570045
(1.396000) can0 303#170000000E6F850D
(1.396000) can0 212#5904000081FF7731
(1.397000) can0 263#04000000901C0000
(1.398000) can0 2F2#1201
(1.398000) can0 359#4B00000000000000
(1.399000) can0 712#020AA913FB130000
(1.400000) can0 2E1#0400000000202600
(1.401000) can0 400#00E0FBBEEFFB00
(1.402000) can0 1D8#29EE001D0000808D
(1.403000) can0 266#1C000F320F009F01
(1.406000) can0 381#0700000000000000
(1.406000) can0 243#00FCCFCC90440D29
(1.407000) can0 545#01000000001060BB
(1.408000) can0 55A#0200000000000000
(1.408000) can0 2E5#00000B320000DD00
(1.409000) can0 2F3#07070B0400600002
(1.410000) can0 33A#81D443A3FDFF3761
(1.413000) can0 421#021A0000002000
(1.413000) can0 129#8726ED5FFE1FFF3F
(1.414000) can0 3C2#0055555500006A05
(1.415000) can0 316#0B00194701000000
(1.415000) can0 3FD#01000A0000080280
(1.419000) can0 1D5#290000000000C0BF
(1.420000) can0 34A#0300000000000000
(1.420000) can0 103#22B38804A2F02032
(1.421000) can0 1D8#29EC001D0000C0CB
(1.424000) can0 118#CD64950000C8F4FF
(1.424000) can0 6A1#0000000000
(1.425000) can0 372#06BCB31FD8E31E05
(1.426000) can0 21D#0400B50000000000
(1.426000) can0 25D#3741012A04F08803
(1.427000) can0 289#CA0C06439D003D0F
(1.428000) can0 75D#0500000000007E04
(1.429000) can0 31A#200100000000609E
(1.432000) can0 1D8#29EEC01C0000E0AC
(1.432000) can0 266#1C000F320F009F01
(1.434000) can0 126#3BF03054D6
(1.434000) can0 288#0106184C0060A1F6
(1.435000) can0 1D5#29000000000000FF
(1.436000) can0 397#03E0FF641C180000
(1.437000) can0 263#89E6D1A7AF4F5F1F
(1.437000) can0 4E2#04D0400D19880100
(1.438000) can0 7AA#0A95069506005A00
(1.439000) can0 393#0380610000000000
(1.440000) can0 207#0000000000000000
(1.440000) can0 2A8#0101000006005002
(1.441000) can0 38B#FEFE271E74802203
(1.442000) can0 1E5#286C04000000007E
(1.443000) can0 118#6066950000C88400
(1.443000) can0 129#0129EB5FFC1FFF3F
(1.445000) can0 7D5#3200000000000000
(1.446000) can0 1D5#290000000000201F
(1.446000) can0 234#3420032EB904E0BD
(1.447000) can0 1F9#0000000000000000
(1.448000) can0 3B6#5FC1DF0C00009054
(1.449000) can0 3D5#60605F5F602C0162
(1.449000) can0 3AE#094000080000E032
(1.450000) can0 757#2C003E0000000000
(1.451000) can0 3A7#0000000000000000
(1.452000) can0 757#3200000000000000
(1.452000) can0 3E5#0000000000000000
(1.453000) can0 1E5#286C04000000209E
(1.454000) can0 129#412AEB5FFA1FFF3F
(1.455000) can0 257#5824564702102B01
(1.456000) can0 420#2801404B00000005
(1.457000) can0 261#BA291802805C02D1
(1.458000) can0 263#0200C0860D363621
(1.458000) can0 458#00002000000000
(1.459000) can0 7FF#0301082861428001
(1.460000) can0 7D5#439FAD927E3F0000
(1.461000) can0 7D5#4871850000005C5C
(1.461000) can0 1D8#29EC801C000040CA
(1.464000) can0 3C3#5555550100000000
(1.464000) can0 2E1#026D66021F720000
(1.465000) can0 320#0200000000000000
(1.466000) can0 3FD#0200540000000090
(1.468000) can0 401#142A429548954695
(1.468000) can0 2C4#49D9052FA8A4A58A
(1.470000) can0 224#0408004019011008
(1.473000) can0 1D8#29EA801C000060E8
(1.473000) can0 129#242CEA5FFA1FFF3F
(1.474000) can0 249#E8010000
(1.475000) can0 383#A5181E002591230B
(1.475000) can0 1D5#290000000000807F
(1.476000) can0 3AE#084000080000F041
(1.477000) can0 379#02000A48333F2100
(1.478000) can0 242#55558600
(1.478000) can0 2F1#321A008500010000
(1.481000) can0 25B#D38000056A866003
(1.481000) can0 1D8#29EA801C00008008
(1.484000) can0 118#446A950000C86400
(1.486000) can0 360#0A00000000000000
(1.487000) can0 2C3#555BA9B682C112AA
(1.488000) can0 2E5#00000B320000DD00
(1.491000) can0 3F5#0000C838820C0000
(1.491000) can0 1D8#29EA801C0000A028
(1.492000) can0 118#456B950000C86400
(1.493000) can0 2C1#531A900000000000
(1.496000) can0 3A1#C1FFFF3D3D00F0E9
(1.496000) can0 212#5904000081FF7731
(1.497000) can0 263#04000000901C0000
(1.498000) can0 359#4C00000000000000
(1.498000) can0 45A#FD07F8FF0300084A
(1.501000) can0 2D1#FF01
(1.502000) can0 3A0#0000000000000000
(1.506000) can0 266#1C000F320F009F01
(1.509000) can0 39D#035BE12700
(1.511000) can0 3AE#0840000800000152
(1.513000) can0 1D8#29E8401C0000E026
(1.515000) can0 129#FD20EA5FFA1FFF3F
(1.517000) can0 1D5#29000000000000FF
(1.520000) can0 7AA#0B4E00284C004000
(1.523000) can0 1D8#29E8401C00000046
(1.523000) can0 249#2A020000
(1.524000) can0 6A1#0000000000
(1.525000) can0 132#3F8F6DFE0D3D
(1.525000) can0 448#20001010000010
(1.526000) can0 25D#3741012A04F08803
(1.527000) can0 243#01FC384736005B5B
(1.528000) can0 2E5#00000B320000DD00
(1.528000) can0 2E1#1021040010000004
(1.532000) can0 1D8#29E8001C00002026
(1.532000) can0 257#5C28564702102B01
(1.533000) can0 2C1#D0647E00008A0200
(1.534000) can0 128#0000EC0A02
(1.534000) can0 281#0000FF1F0000
(1.535000) can0 22A#0000F916
(1.536000) can0 397#03E0FF641C180000
(1.537000) can0 3A3#12C00000380DFC01
(1.537000) can0 201#006D6C0000E4FF00
(1.538000) can0 186#A60C000200D71525
(1.539000) can0 393#080002C107B00304
(1.540000) can0 27A#C6BC0C01B8056202
(1.540000) can0 2A8#0101000006006012
(1.541000) can0 1D8#29E8001C00004046
(1.544000) can0 118#3A60950000C86400
(1.546000) can0 3A1#884C0FCA00140283
(1.548000) can0 234#3220032EB90400DB
(1.550000) can0 381#0B00000000000000
(1.552000) can0 4E3#00AC010000002800
(1.554000) can0 266#1B000F320F009F01
(1.556000) can0 2C2#5523AA0680C112AA
(1.558000) can0 343#0092681E96000000
(1.560000) can0 7FF#04857EDD5C010100
(1.561000) can0 439#0000000000185A04
(1.562000) can0 201#0104980000000000
(1.563000) can0 3C3#0000000000A50000
(1.563000) can0 129#6225EA5FFF1FFF3F
(1.564000) can0 287#30322F31DB020000
(1.566000) can0 132#3E8F6FFE183D
(1.566000) can0 243#0300008029452600
(1.567000) can0 241#7474141D1D4500
(1.568000) can0 3A2#0110200000000000
(1.568000) can0 204#010000FF00000010
(1.569000) can0 553#000000000000E038
(1.570000) can0 78A#01000400CC06A100
(1.573000) can0 1D8#29E6C01B0000A063
(1.573000) can0 229#490C00
(1.574000) can0 682#000000400411E015
(1.575000) can0 211#BE1A710F1001
(1.577000) can0 2E1#FB1F907997880900
(1.577000) can0 242#55558600
(1.578000) can0 221#60555515545111F8
(1.579000) can0 25B#D38000056A867013
(1.580000) can0 3E9#00880200000030A6
(1.583000) can0 1D8#29E4C01B0000C081
(1.583000) can0 139#00
(1.584000) can0 261#9401B84B00408452
(1.585000) can0 360#0000000000000000
(1.585000) can0 1D5#290000000000E0DF
(1.586000) can0 23E#00003AC002FF2F6A
(1.587000) can0 243#04FC83F1857CFFFF
(1.588000) can0 2E5#00000B320000DD00
(1.590000) can0 3F5#0000C838820C0000
(1.590000) can0 3AE#0840000800002172
(1.591000) can0 1D8#29E4C01B0000E0A1
(1.592000) can0 102#22B3480494FAA009
(1.593000) can0 257#5F2B564702102B01
(1.594000) can0 3A1#C1FFFF273D0010F3
(1.595000) can0 132#3B8F71FE1C3D
(1.598000) can0 234#2EE1038043001484
(1.598000) can0 2E5#00000B320000DD00
(1.601000) can0 400#00E0FBBEEFFB00
(1.601000) can0 1D8#29E4C01B000000C1
(1.604000) can0 118#AF66950000C8D4FF
(1.606000) can0 3AE#0840000800003081
(1.606000) can0 545#010000000010C01B
(1.609000) can0 2E5#00000B320000DD00
(1.609000) can0 3AE#0740000800004090
(1.610000) can0 286#E59E5A1931
(1.613000) can0 421#021A0000002000
(1.613000) can0 129#6C2AE95FFE1FFF3F
(1.615000) can0 3C2#0055555500006A05
(1.616000) can0 744#AA
(1.616000) can0 2AA#57F0F3
(1.617000) can0 2E8#0101000006009082
(1.618000) can0 2E5#00000B320000DD00
(1.620000) can0 1F8#1A000000
(1.620000) can0 103#22B38804A2F02032
(1.623000) can0 1D8#29E4801B000040C1
(1.623000) can0 249#D3040000
(1.624000) can0 2E1#1021040010000004
(1.625000) can0 132#458F76FE233D
(1.625000) can0 1D5#290000000000605F
(1.626000) can0 23E#00003AC002FF3F7A
(1.627000) can0 123#01000000003F0000
(1.628000) can0 75D#068F000000000000
(1.631000) can0 31A#20010000000070AE
(1.633000) can0 1D8#29E2801B000060DF
(1.635000) can0 2D3#F2005C03290F2644
(1.637000) can0 22A#0000F916
(1.639000) can0 201#006C6D0000E4FF00
(1.641000) can0 207#0000000000000000
(1.643000) can0 2E1#398D2AFF0F000000
(1.646000) can0 266#1A000F320F009F01
(1.647000) can0 1F9#0000000000000000
(1.648000) can0 422#700010000000
(1.648000) can0 428#20001010000010
(1.649000) can0 757#3200000000000000
(1.652000) can0 4E3#01D805FC0F002800
(1.652000) can0 2C1#216B186402000000
(1.654000) can0 247#620EFF0000000000
(1.655000) can0 2C2#2040404B010080CB
(1.655000) can0 420#2801404B00000006
(1.656000) can0 2E1#026D66021F720000
(1.657000) can0 263#0200C0860D363621
(1.658000) can0 414#1133535459323530
(1.658000) can0 113#019701
(1.659000) can0 2E5#00000B320000DD00
(1.660000) can0 458#00002000000000
(1.660000) can0 439#0000000000185A04
(1.661000) can0 1D8#29E0401B0000C0FD
(1.662000) can0 201#0104980000000000
(1.663000) can0 266#1B000F320F009F01
(1.663000) can0 287#30322F31DB020000
(1.665000) can0 3A8#FCE07FB4FC0F0000
(1.666000) can0 372#0AA04F06010000AA
(1.666000) can0 708#2A1F0A0000
(1.667000) can0 241#7374D41C1D4500
(1.668000) can0 2E5#00000B320000DD00
(1.669000) can0 264#3D000000A000
(1.669000) can0 2B4#3E05510E7A01
(1.670000) can0 2A4#5C904215E4708868
(1.671000) can0 1FA#1AC001
(1.671000) can0 1D8#29E2401B0000E01F
(1.672000) can0 266#1B000F320F009F01
(1.673000) can0 2E1#FB1F917997850900
(1.674000) can0 719#0300000000000000
(1.674000) can0 54F#0000000000000000
(1.675000) can0 132#4A8F74FE193D
(1.677000) can0 263#0300000000000000
(1.677000) can0 242#55558600
(1.678000) can0 221#6055551554513118
(1.681000) can0 25B#D38000056A868023
(1.681000) can0 1D8#29E2401B0000003F
(1.684000) can0 118#D76E950000C8F4FF
(1.686000) can0 360#0100000000000000
(1.686000) can0 3AE#05400008000070BE
(1.687000) can0 201#0200000000000000
(1.688000) can0 2E5#00000B320000DD00
(1.691000) can0 3F5#0000C838820C0000
(1.691000) can0 1D8#29E0401B0000205D
(1.692000) can0 118#E96F950000C80400
(1.693000) can0 2C1#531A900000000000
(1.694000) can0 129#B522E75F0020FF3F
(1.695000) can0 132#3C8F75FE1F3D
(1.696000) can0 261#0522D3C99A42F085
(1.696000) can0 212#5904000081FF7731
(1.697000) can0 292#4572C86492010000
(1.698000) can0 2E5#00000B320000DD00
(1.699000) can0 122#00001392D2000000
(1.699000) can0 712#0500000000000000
(1.702000) can0 400#00E0FBBEEFFB00
(1.702000) can0 225#5555FA00
(1.703000) can0 266#1B000F320F009F01
(1.704000) can0 2E1#658008002B4F316A
(1.707000) can0 132#488F77FE2B3D
(1.709000) can0 2E5#00000B320000DD00
(1.710000) can0 3DF#0000C00002D0001B
(1.711000) can0 421#021A0000002000
(1.712000) can0 1D8#29E0401B0000609D
(1.712000) can0 118#8A61950000C8B4FF
(1.713000) can0 266#1B000F320F009F01
(1.714000) can0 282#9438E20814040324
(1.715000) can0 40A#0910000000003057
(1.715000) can0 443#7409FF030000
(1.716000) can0 718#04000000000000
(1.717000) can0 2E8#010100000600A092
(1.720000) can0 2E5#00000B320000DD00
(1.720000) can0 103#22B38804A2F02032
(1.721000) can0 1D8#29E0401B000080BD
(1.724000) can0 118#0C62950000C83400
(1.725000) can0 788#0240C60700030000
(1.726000) can0 401#2100000000000000
(1.727000) can0 25D#3741012A04F08803
(1.727000) can0 41D#00
(1.728000) can0 2E5#00000B320000DD00
(1.729000) can0 381#300000C000000000
(1.732000) can0 1D8#29E0001B0000A09D
(1.732000) can0 257#5622564702102B01
(1.733000) can0 126#38F0306CEB
(1.734000) can0 268#1A0FA001FF
(1.734000) can0 2B6#000300
(1.735000) can0 22A#0000F916
(1.736000) can0 3A2#602573B11C00C26F
(1.737000) can0 3A3#16C00000380DFC01
(1.737000) can0 201#006D6D0000E4FF00
(1.740000) can0 545#020003000000004F
(1.742000) can0 339#02F1FE008007800F
(1.744000) can0 118#4E64950000C87400
(1.746000) can0 261#BA291802805C22F1
(1.748000) can0 234#3120032EB904401A
(1.750000) can0 757#2C003E0000000000
(1.752000) can0 4E3#0200000000002800
(1.754000) can0 2C1#216B186402000000
(1.759000) can0 340#0100000000000000
(1.761000) can0 213#A8BD
(1.763000) can0 1D8#29DE001B000000FB
(1.765000) can0 287#30322F31DB020000
(1.767000) can0 1D5#290000000000201F
(1.769000) can0 2E5#00000B320000DD00
(1.772000) can0 2B4#3C05560E7601
(1.775000) can0 2C1#0219160000D09201
(1.776000) can0 261#9401B04B0040440A
(1.777000) can0 263#0300000000000000
(1.777000) can0 242#55558600
(1.778000) can0 2F1#025A338142000000
(1.781000) can0 423#00001000000000
(1.781000) can0 1D8#29DEC01A000040FA
(1.784000) can0 118#E268950000C80400
(1.786000) can0 360#0200000000000000
(1.786000) can0 2C3#0000C04B010040CB
(1.787000) can0 243#04FC83F1857CFFFF
(1.788000) can0 2E5#00000B320000DD00
(1.791000) can0 3F5#0000C838820C0000
(1.791000) can0 1D8#29DE001B0000605B
(1.793000) can0 118#C269950000C8E4FF
(1.794000) can0 677#0100000000000000
(1.794000) can0 22B#FFFFFF0F80FFFFFF
(1.795000) can0 1D5#290000000000807F
(1.796000) can0 234#2EE10380430054C4
(1.797000) can0 39B#0310DF80B0087139
(1.797000) can0 292#4572C86492010000
(1.798000) can0 2E5#00000B320000DD00
(1.799000) can0 122#01000000003F0000
(1.800000) can0 400#00E0FBBEEFFB00
(1.800000) can0 381#5200000000003C03
(1.801000) can0 1D8#29DE001B0000807B
(1.804000) can0 225#5555FA00
(1.806000) can0 132#478F79FE223D
(1.807000) can0 243#00FCCFCC90440D29
(1.808000) can0 2E5#00000B320000DD00
(1.809000) can0 283#000000004000
(1.809000) can0 473#0000030000000000
(1.810000) can0 5F3#22F520
(1.811000) can0 6A2#0000000000
(1.811000) can0 1D8#29DE001B0000A09B
(1.812000) can0 1E5#286C04000000209E
(1.813000) can0 257#5A26564702102B01
(1.814000) can0 2BF#00000000000001
(1.814000) can0 361#2C0E190200
(1.815000) can0 132#518F79FE353D
(1.816000) can0 3C9#0581F3DE61000000
(1.816000) can0 2AA#571013
(1.817000) can0 2E8#010100000600B0A2
(1.819000) can0 2E5#00000B320000DD00
(1.819000) can0 1F8#1A000000
(1.822000) can0 103#22B38804A2F02032
(1.822000) can0 118#266C950000C84400
(1.823000) can0 129#0E2FE75F0020FF3F
(1.824000) can0 261#3140E3FF91497A9D
(1.824000) can0 788#B8D4B1830000B600
(1.825000) can0 1D5#290000000000E0DF
(1.826000) can0 23E#00003AC002FF8FCA
(1.827000) can0 123#01000000003F0000
(1.827000) can0 289#CA0C06C39C003D0F
(1.828000) can0 221#610555550107609B
(1.831000) can0 2D3#F2005D03290F2644
(1.831000) can0 1D8#29DEC01A0000E09A
(1.833000) can0 3A2#602573B21C00C26F
(1.834000) can0 1D6#020800004A00FD07
(1.834000) can0 281#0000FF1F0000
(1.835000) can0 22A#0000F916
(1.836000) can0 2E1#398D2AFF0F000000
(1.836000) can0 381#130000000020FCFF
(1.837000) can0 201#006C6C0000E4FF00
(1.838000) can0 4E2#013B0EFF0F002800
(1.839000) can0 186#BE0F000200EC1525
(1.839000) can0 27A#B8BFFC00B8056202
(1.840000) can0 339#02F1FE008007800F
(1.841000) can0 545#020003000000307F
(1.842000) can0 1D8#29E0C01A000000BC
(1.842000) can0 118#776E950000C894FF
(1.844000) can0 266#1A000F320F009F01
(1.845000) can0 20C#0098371C1C01000E
(1.845000) can0 372#0D3200D01E5B3B8F
(1.846000) can0 243#02FCAB0D05D90000
(1.847000) can0 45A#24403FC15F2C4737
(1.848000) can0 422#700010000000
(1.848000) can0 428#20001010000010
(1.851000) can0 3AE#054000080000C00E
(1.851000) can0 1D8#29E0001B0000201D
(1.852000) can0 266#1A000F320F009F01
(1.855000) can0 129#B522E75F0020FF3F
(1.855000) can0 420#2801404B00000007
(1.856000) can0 261#934C0A00004095B4
(1.857000) can0 263#0200C0860D363621
(1.858000) can0 318#1A06070D101B37B1
(1.861000) can0 3FD#0000003C20000180
(1.862000) can0 333#0410590700
(1.863000) can0 3C3#5555550100000000
(1.864000) can0 3A8#00FF000000000000
(1.865000) can0 3A2#0110200000000000
(1.865000) can0 320#0400000000000000
(1.866000) can0 23E#00003AC002FF9FDA
(1.867000) can0 241#7374D41C1D4500
(1.868000) can0 2E5#00000B320000DD00
(1.868000) can0 204#010000FF00000010
(1.869000) can0 553#0000000000001068
(1.870000) can0 545#40045820998B4973
(1.871000) can0 1FA#1AC001
(1.872000) can0 1D8#29E0001B0000605D
(1.873000) can0 2C1#0219160000D09201
(1.874000) can0 677#0300000000000000
(1.874000) can0 54F#0000000000000000
(1.875000) can0 132#458F78FE293D
(1.878000) can0 263#0300000000000000
(1.878000) can0 2F1#03DA2A0143000100
(1.881000) can0 25B#D38000056A86A043
(1.881000) can0 1D8#29E2001B0000807F
(1.884000) can0 118#2B62950000C854FF
(1.886000) can0 360#0300000000000000
(1.886000) can0 2C3#555BA9B682C112AA
(1.887000) can0 201#0200000000000000
(1.888000) can0 2E5#00000B320000DD00
(1.889000) can0 3F5#0000C838820C0000
(1.892000) can0 37A#D20D000000000000
(1.892000) can0 266#1B000F320F009F01
(1.893000) can0 2EC#575095
(1.894000) can0 3A1#C1FFFF493D007075
(1.894000) can0 2E3#A0000025020B00
(1.895000) can0 1D5#290000000000C0BF
(1.896000) can0 2E1#658008002B4F316A
(1.897000) can0 234#2EE10380430074E4
(1.897000) can0 292#4572C86492010000
(1.898000) can0 2E5#00000B320000DD00
(1.899000) can0 122#00001392D2000000
(1.900000) can0 400#00E0FBBEEFFB00
(1.902000) can0 7A8#01000000FFA1B812
(1.903000) can0 118#CD64950000C8F4FF
(1.904000) can0 261#00100500FF4FC019
(1.907000) can0 132#3E8F73FE1C3D
(1.907000) can0 414#1233585646544756
(1.908000) can0 405#1246333638353739
(1.909000) can0 3C8#0300000000000000
(1.909000) can0 3AE#054000080000E12F
(1.910000) can0 6A2#0000000000
(1.911000) can0 421#021A0000002000
(1.912000) can0 118#BE65950000C8E4FF
(1.912000) can0 3FD#01000A0000080280
(1.914000) can0 201#0300000000000000
(1.915000) can0 132#418F72FE193D
(1.916000) can0 677#0400000000000000
(1.917000) can0 2AA#572023
(1.918000) can0 2E5#00000B320000DD00
(1.921000) can0 1F8#1A000000
(1.921000) can0 1D8#29E4401B00000041
(1.924000) can0 118#AF66950000C8D4FF
(1.924000) can0 788#01000000FFA1C812
(1.925000) can0 448#20001010000010
(1.926000) can0 2F9#BCFB07030D1A8B84
(1.927000) can0 123#00001392D2000000
(1.927000) can0 289#CA0C068390003D0F
(1.928000) can0 221#61055555010780BB
(1.931000) can0 3A2#604573B30400C26F
(1.933000) can0 1D8#29E4401B00002061
(1.935000) can0 126#3788307C92
(1.937000) can0 1D5#290000000000403F
(1.940000) can0 201#006D6D0000E4FF00
(1.942000) can0 339#02F1FE008007800F
(1.944000) can0 118#F268950000C81400
(1.947000) can0 381#16000400007F0000
(1.948000) can0 2E5#00000B320000DD00
(1.949000) can0 757#2C003E0000000000
(1.951000) can0 4E3#047A208805600000
(1.953000) can0 1D8#29E4801B000060E1
(1.955000) can0 129#5B2CE75FFF1FFF3F
(1.957000) can0 420#2801404B00008007
(1.959000) can0 113#019701
(1.961000) can0 294#14C1400040000000
(1.963000) can0 1D8#29E6801B00008003
(1.965000) can0 3FD#0200540000000090
(1.971000) can0 3C3#0000000000A50000
(1.973000) can0 1D8#29E6801B0000A023
(1.975000) can0 129#3B2EE75FFE1FFF3F
(1.977000) can0 211#C21E710F1001
(1.979000) can0 242#55558600
(1.981000) can0 25B#D38000056A86B053
(1.983000) can0 1D8#29E6801B0000C043
(1.986000) can0 139#00
(1.986000) can0 243#04FC83F1857CFFFF
(1.987000) can0 201#0200000000000000
(1.990000) can0 3F5#0000C838820C0000
(1.992000) can0 37A#CBE0010000000000
(1.992000) can0 266#1B000F320F009F01
(1.993000) can0 2E1#658008002B4F316A
(1.994000) can0 677#0100000000000000
(1.995000) can0 22B#FFFFFF0F80FFFFFF
(1.996000) can0 2D2#F12EAF4E8813E822
(1.997000) can0 252#AA4BE37C00FC0F00
(1.998000) can0 2B3#06C04BEFE67DF0E1
(1.998000) can0 359#5800000000000000
(1.999000) can0 122#01000000003F0000
(2.000000) can0 400#00E0FBBEEFFB00
(2.000000) can0 7A8#0240C307000F0000
(2.001000) can0 1D8#29E6C01B000000C3
(2.002000) can0 118#F86E950000C81400
(2.008000) can0 266#1B000F320F009F01
(2.012000) can0 283#000000004000
(2.014000) can0 201#0300000000000000
(2.016000) can0 3E2#040000711FCF00
(2.019000) can0 381#1800000000000000
(2.021000) can0 1F8#1A000000
(2.023000) can0 1D8#29E8C01B00004005
(2.025000) can0 249#3A0C0000
(2.028000) can0 1D5#290000000000605F
(2.029000) can0 31A#20010000000090CE
(2.031000) can0 3A2#602573B31C00C26F
(2.031000) can0 1D8#29E8C01B00006025
(2.032000) can0 266#1B000F320F009F01
(2.033000) can0 108#194007A203EA1525
(2.033000) can0 1D6#020800004A00FD07
(2.034000) can0 281#0000FF1F0000
(2.035000) can0 132#418F6CFE0E3D
(2.036000) can0 2C1#D0687E00008A0200
(2.037000) can0 3A3#14C00000380DFC01
(2.038000) can0 545#02000300000090DF
(2.039000) can0 186#BB01000200F71525
(2.039000) can0 393#0380610000000000
(2.040000) can0 339#02F1FE008007800F
(2.041000) can0 552#000000000000A0F7
(2.044000) can0 118#1C62950000C84400
(2.044000) can0 3A1#884C0FCA0014A223
(2.045000) can0 132#428F6CFE0B3D
(2.046000) can0 234#3220032EB904A07B
(2.046000) can0 243#02FCB30D05D90000
(2.049000) can0 422#700010000000
(2.049000) can0 3AE#044000080000307D
(2.052000) can0 4E3#D5028201001C0000
(2.052000) can0 257#3E12564702082B01
(2.054000) can0 129#7426E65FFF1FFF3F
(2.055000) can0 2C2#2040404B010080CB
(2.055000) can0 1D5#290000000000C0BF
(2.056000) can0 2E1#FB1F967997900900
(2.057000) can0 263#0200C0860D363621
(2.058000) can0 7F4#01
(2.058000) can0 318#1A06070D101B3BB5
(2.059000) can0 1BB#02
(2.060000) can0 300#1100000000000000
(2.060000) can0 3F2#034490C602000000
(2.061000) can0 452#4A5403
(2.062000) can0 1E5#286C0400000040BE
(2.062000) can0 492#2503FF0F280000
(2.063000) can0 129#6327E65FFF1FFF3F
(2.065000) can0 3A8#0103000700020100
(2.066000) can0 1D5#290000000000E0DF
(2.066000) can0 23E#00003AC002FFEF2A
(2.067000) can0 241#7574541D1D4500
(2.068000) can0 2E5#00000B320000DD00
(2.069000) can0 553#0000000000003088
(2.069000) can0 224#0408004019011008
(2.070000) can0 719#0CC30F0059096000
(2.073000) can0 1D8#29E8001C0000E0E6
(2.073000) can0 129#B428E65FFF1FFF3F
(2.074000) can0 54F#0000000000000000
(2.075000) can0 211#C31F710F1001
(2.075000) can0 1D5#29000000000000FF
(2.078000) can0 263#0300000000000000
(2.079000) can0 2F1#055A298142000100
(2.080000) can0 25B#D38000056A86C063
(2.081000) can0 423#00001000000000
(2.081000) can0 1D8#29E8001C00000006
(2.084000) can0 118#0066950000C82400
(2.086000) can0 360#0500040000000000
(2.086000) can0 2C3#555BA9B682C112AA
(2.087000) can0 201#0200000000000000
(2.088000) can0 2E5#00000B320000DD00
(2.091000) can0 3F5#0000C838820C0000
(2.091000) can0 1D8#29E8001C00002026
(2.092000) can0 118#C067950000C8E4FF
(2.093000) can0 2C1#531A900000000000
(2.096000) can0 3A1#C1FFFF3F3D00B0AB
(2.097000) can0 234#2EE103804300B424
(2.098000) can0 2E5#00000B320000DD00
(2.099000) can0 292#4572C86492010000
(2.099000) can0 2F2#1201
(2.100000) can0 2D1#FF01
(2.101000) can0 400#00E0FBBEEFFB00
(2.101000) can0 1D8#29E8001C00004046
(2.104000) can0 118#B168950000C8D4FF
(2.106000) can0 132#428F6BFE073D
(2.106000) can0 23E#00003AC002FFFF3A
(2.109000) can0 2E5#00000B320000DD00
(2.111000) can0 285#61018E0308002E00
(2.111000) can0 6A2#0000000000
(2.112000) can0 118#1369950000C83400
(2.113000) can0 261#3140F3FF98499AD4
(2.114000) can0 129#AF2CE65FFF1FFF3F
(2.115000) can0 3C0#0400000000000000
(2.116000) can0 40A#0910000000005077
(2.117000) can0 263#700ED29FA74F5F1F
(2.117000) can0 718#01000000000000
