(0.000000) can0 3E8#0300000000000000
(0.004000) can0 1D8#29184122000040BD
(0.008000) can0 129#592EE95F0120FF3F
(0.010000) can0 243#02FC9B0D05D70000
(0.012000) can0 261#C2291502805CA276
(0.014000) can0 1F9#0000000000000000
(0.016000) can0 2C1#216B186402000000
(0.018000) can0 355#800C00FF940000
(0.020000) can0 39D#276BF52700
(0.023000) can0 2C2#2040404B010080CB
(0.024000) can0 1E5#286C04000000209E
(0.024000) can0 372#0A504E06010000AA
(0.025000) can0 441#40858900320008F1
(0.026000) can0 201#0118980000000000
(0.027000) can0 318#1A06070D102023A2
(0.030000) can0 249#5E070000
(0.032000) can0 241#7474141D1D4500
(0.034000) can0 1D8#2916C1210000403A
(0.036000) can0 234#3220032EB904401B
(0.038000) can0 43B#037F00FF00000000
(0.040000) can0 263#0300000000000000
(0.042000) can0 25B#D38000056A8600A3
(0.044000) can0 379#04005BD7800D0000
(0.045000) can0 423#00001000000000
(0.050000) can0 6A1#0000000000
(0.050000) can0 22B#FFFFFF0F00E0FFFF
(0.051000) can0 2E1#0400000000202600
(0.052000) can0 3F5#0000C838820C0000
(0.052000) can0 1D8#2914C12100008078
(0.054000) can0 132#BB8EDFFDF33B
(0.055000) can0 3AE#0A400008000050A3
(0.055000) can0 129#3423E85FFF1FFF3F
(0.056000) can0 2C1#531A900000000000
(0.057000) can0 23E#00003AC002FF1F5A
(0.058000) can0 3A1#C1FFFF333D00301F
(0.058000) can0 39D#286CF52700
(0.059000) can0 1D5#290000000000C0BF
(0.060000) can0 2B3#032323E40800003C
(0.063000) can0 2E5#00000E320000DD00
(0.063000) can0 27A#BCB60C01B4056202
(0.064000) can0 293#020C559055147F70
(0.065000) can0 1D8#2914C1210000A098
(0.065000) can0 126#4300302CC6
(0.067000) can0 129#B224E85FFF1FFF3F
(0.068000) can0 359#0A00000000000000
(0.068000) can0 397#232000781C160000
(0.069000) can0 401#2000000000000000
(0.070000) can0 285#034A7D5277000000
(0.071000) can0 7A8#0240C207000F0000
(0.074000) can0 2E5#00000E320000DD00
(0.074000) can0 266#2500123512007801
(0.075000) can0 129#A525E85FFF1FFF3F
(0.076000) can0 261#00100A00FF4FE03E
(0.076000) can0 443#6C01FF030000
(0.077000) can0 7D5#3200000000000000
(0.078000) can0 282#8C38E20818040324
(0.079000) can0 40A#091000000000F017
(0.080000) can0 263#700ED29FA74F5F1F
(0.083000) can0 2E5#00000E320000DD00
(0.083000) can0 103#22B38804A2F02032
(0.084000) can0 266#2500123512007801
(0.085000) can0 257#C9BB5D50FADF2E01
(0.085000) can0 2E8#0101000006002012
(0.086000) can0 719#0100040000000000
(0.091000) can0 123#00001392D2000000
(0.093000) can0 261#314012009A49FA56
(0.095000) can0 132#BD8EE3FD003C
(0.097000) can0 129#0127E85F0020FF3F
(0.099000) can0 281#0B00FF1F0001
(0.101000) can0 288#0106184C006051A6
(0.103000) can0 393#080002C107B00304
(0.104000) can0 132#BE8EEAFD043C
(0.105000) can0 129#D628E85F0020FF3F
(0.106000) can0 552#000000000000F047
(0.106000) can0 261#C2291502805C02D6
(0.107000) can0 20C#06D8371A1C01000E
(0.110000) can0 243#02FC9B0D05D70000
(0.114000) can0 2E5#00000E320000DD00
(0.114000) can0 266#2500123512007801
(0.115000) can0 420#2801404B00008002
(0.116000) can0 381#0700000000000000
(0.119000) can0 211#B814710F1001
(0.119000) can0 119#00000000
(0.120000) can0 2B3#84A4479428090C00
(0.123000) can0 2E5#00000E320000DD00
(0.124000) can0 262#0B00A9B300B09010
(0.125000) can0 113#019701
(0.125000) can0 129#5C2AE85F0020FF3F
(0.126000) can0 7FF#09EF000010000000
(0.127000) can0 3AA#0000000000000000
(0.128000) can0 54F#0000000000000000
(0.128000) can0 78A#01000300AE048902
(0.129000) can0 243#0300008028452500
(0.130000) can0 3C2#2955000000000000
(0.131000) can0 2E1#FB1F97B997900900
(0.134000) can0 2E5#00000E320000DD00
(0.134000) can0 247#4F0EFF0000000000
(0.135000) can0 129#592BE95F0020FF3F
(0.136000) can0 1FA#1AC001
(0.136000) can0 23E#00003AC002FF3F7A
(0.138000) can0 383#A7181E00F1F0620A
(0.139000) can0 261#B401D84B00402432
(0.139000) can0 263#0300000000000000
(0.142000) can0 2F1#00DA2A8142001700
(0.142000) can0 379#0500740C800D0000
(0.143000) can0 1D8#291041210000A014
(0.144000) can0 257#CCBE5D50FADF2E01
(0.147000) can0 129#CD2CE85F0020FF3F
(0.149000) can0 6A1#0000000000
(0.149000) can0 139#00
(0.150000) can0 243#04FC73F1997CFFFF
(0.151000) can0 3E8#0500000000000000
(0.153000) can0 3F5#0000C838820C0000
(0.153000) can0 132#B88EE6FDFC3B
(0.155000) can0 2D2#F22EAE4E8813E822
(0.156000) can0 22B#FFFFFF0F0080FFFF
(0.156000) can0 292#3A4218648F010000
(0.157000) can0 37A#D10C000000000000
(0.158000) can0 677#0100000000000000
(0.158000) can0 2EC#57C005
(0.159000) can0 263#04000000A01C0000
(0.160000) can0 400#00E0FBBEEFFB00
(0.163000) can0 2E5#00000E320000DD00
(0.163000) can0 1D8#291001210000E014
(0.164000) can0 253#0164A6C66490B505
(0.165000) can0 108#25860842040A1925
(0.165000) can0 5F3#64F520
(0.166000) can0 128#0000EC0A02
(0.167000) can0 225#5555FA00
(0.168000) can0 27A#BDB70C01B4056202
(0.169000) can0 397#232000781C160000
(0.170000) can0 7A8#BCCCB18300008200
(0.171000) can0 545#020002000000509E
(0.171000) can0 283#000000004000
(0.172000) can0 757#2C003E0000000000
(0.173000) can0 1D8#2910012100000034
(0.174000) can0 118#B86E950000C8D400
(0.174000) can0 421#021A0000002000
(0.175000) can0 129#982FE85FFF1FFF3F
(0.176000) can0 2BF#00000000000001
(0.176000) can0 3C8#0600000000000000
(0.177000) can0 7D7#3220000000000000
(0.178000) can0 282#9438E20814040324
(0.180000) can0 3E2#040000811FCF00
(0.184000) can0 2E5#00000E320000DD00
(0.184000) can0 2E8#0101000006003022
(0.185000) can0 129#D020E85FFE1FFF3F
(0.188000) can0 261#3140050095495AA4
(0.190000) can0 123#01000000003F0000
(0.192000) can0 448#20001010000010
(0.192000) can0 788#B8D4B1830000B600
(0.193000) can0 1E5#286C0400000040BE
(0.194000) can0 266#2400123411007701
(0.197000) can0 2E1#398D2AFF0F000000
(0.197000) can0 281#0B00FF1F0001
(0.198000) can0 224#0408004019011008
(0.199000) can0 3F9#0500000000000000
(0.200000) can0 1D5#290000000000807F
(0.201000) can0 7C8#1100000000000000
(0.202000) can0 545#90046130998C69FD
(0.202000) can0 118#DC61950000C80401
(0.203000) can0 266#2500123412007701
(0.204000) can0 257#BFB15D50FADF2E01
(0.205000) can0 22B#FFFFFF0F0000FEFF
(0.205000) can0 552#0000000000000057
(0.208000) can0 3A1#884C0FCA001462E3
(0.210000) can0 243#02FC9B0D05D70000
(0.212000) can0 2E1#026D6602206C0000
(0.212000) can0 1F9#0000000000000000
(0.213000) can0 1E5#286C04000000007E
(0.214000) can0 333#0410590700
(0.215000) can0 3FD#0000003C20000180
(0.217000) can0 4E3#00AC010000002800
(0.218000) can0 211#B915710F1001
(0.219000) can0 39D#1C60F52700
(0.219000) can0 119#00000000
(0.220000) can0 2C2#2040404B010080CB
(0.223000) can0 287#30322F31D8020000
(0.223000) can0 1E5#286C04000000209E
(0.224000) can0 320#0400000000000000
(0.225000) can0 113#019701
(0.225000) can0 129#3824E75FFD1FFF3F
(0.226000) can0 3C3#5555550100000000
(0.227000) can0 439#0000000000185A04
(0.230000) can0 3A8#00FF000000000000
(0.232000) can0 553#00000000000090E8
(0.233000) can0 1D8#290EC1200000C0B1
(0.234000) can0 266#2400123412007701
(0.235000) can0 247#500EFF0000000000
(0.235000) can0 2C1#0219160000D09201
(0.236000) can0 677#0300000000000000
(0.237000) can0 383#A7181E00F1F0620A
(0.240000) can0 263#0300000000000000
(0.242000) can0 2F1#015A2B8142801200
(0.242000) can0 379#0600AADA800D0000
(0.243000) can0 1D8#290CC1200000E0CF
(0.244000) can0 257#C1B35D50FADF2E01
(0.247000) can0 129#F526E75FFD1FFF3F
(0.249000) can0 6A1#0000000000
(0.249000) can0 139#00
(0.251000) can0 243#04FC73F1997CFFFF
(0.253000) can0 3F5#0000C838820C0000
(0.255000) can0 118#A066950000C8C400
(0.257000) can0 22B#FFFFFF0F0000FEFF
(0.259000) can0 3A1#C1FFFF273D007053
(0.261000) can0 1D5#290000000000403F
(0.263000) can0 2E5#00000E320000DD00
(0.265000) can0 3FD#01000A0000080280
(0.270000) can0 2F3#07070B0400600002
(0.271000) can0 382#3817200000
(0.272000) can0 2E5#00000E320000DD00
(0.272000) can0 757#3200000000000000
(0.273000) can0 441#1601B6C358001D6E
(0.274000) can0 421#021A0000002000
(0.275000) can0 7D5#2C3F3F0000000000
(0.276000) can0 666#0000C800
(0.277000) can0 2E1#1021040010000004
(0.278000) can0 3C0#0A00000000000000
(0.278000) can0 718#00000000000000
(0.279000) can0 3C2#0055555500006A05
(0.280000) can0 7D5#3200000000000000
(0.283000) can0 2E5#00000E320000DD00
(0.283000) can0 103#22B38804A2F02032
(0.284000) can0 257#C3B55D50FADF2E01
(0.285000) can0 2E8#0101000006004032
(0.285000) can0 43B#007F00FF00000000
(0.290000) can0 123#00001392D2000000
(0.292000) can0 22A#0000D916
(0.294000) can0 1D8#290A81200000802D
(0.297000) can0 2C1#D0687E00008A0200
(0.299000) can0 281#0C00FF1F0001
(0.301000) can0 261#C2291502805CC296
(0.303000) can0 3A2#0110200000000000
(0.306000) can0 22B#FFFFFF1F0000E0FF
(0.308000) can0 2E1#026D6602206C0000
(0.310000) can0 243#02FC9B0D05D70000
(0.314000) can0 2E5#00000E320000DD00
(0.316000) can0 261#A34C0A000040D504
(0.320000) can0 211#BA16710F1001
(0.320000) can0 739#2E07250100
(0.321000) can0 287#30322F31D8020000
(0.322000) can0 2E5#00000E320000DD00
(0.322000) can0 118#276D950000C84400
(0.324000) can0 3FD#02004A0000000090
(0.326000) can0 266#2400123411007801
(0.327000) can0 249#130D0000
(0.327000) can0 3E3#04000000
(0.328000) can0 78A#010005009D0D0A00
(0.329000) can0 2E2#00000063020B0000
(0.329000) can0 243#0300008028452500
(0.332000) can0 261#B401D84B0040E4F2
(0.334000) can0 1D8#290A8120000000AD
(0.334000) can0 227#000000004E000084
(0.335000) can0 129#F12FE85F0020FF3F
(0.336000) can0 1FA#1AC001
(0.336000) can0 23E#00003AC002FF8FCA
(0.337000) can0 383#A7181E00F1F0620A
(0.339000) can0 39D#1F63F52700
(0.339000) can0 263#0300000000000000
(0.342000) can0 3AE#084000080000F041
(0.342000) can0 379#07600A1FCDE01406
(0.343000) can0 242#55558600
(0.344000) can0 1E5#286C04000000209E
(0.347000) can0 129#1420E85F0020FF3F
(0.349000) can0 6A1#0000000000
(0.351000) can0 139#00
(0.353000) can0 3F5#0000C838820C0000
(0.355000) can0 132#B88EF6FD273C
(0.357000) can0 252#8B4B177C00FC0F00
(0.360000) can0 3A1#C1FFFF473D009093
(0.363000) can0 2E5#00000E320000DD00
(0.363000) can0 238#9835F63C1E0062B9
(0.365000) can0 266#2400123411007801
(0.366000) can0 257#C7B95D50FADF2E01
(0.366000) can0 1D6#02080000CA400C08
(0.367000) can0 27A#AEB9FC00B4056202
(0.368000) can0 359#0E040000BC889D82
(0.369000) can0 396#091E1D54535B0D7D
(0.369000) can0 545#020002000000B0FE
(0.370000) can0 243#00FCCFCC90440D29
(0.371000) can0 272#080003E107B00304
(0.374000) can0 2E5#00000E320000DD00
(0.374000) can0 421#021A0000002000
(0.375000) can0 129#A223E75F0020FF3F
(0.376000) can0 2BF#00000000000001
(0.376000) can0 7D5#3200000000000000
(0.378000) can0 3C0#0000000000000000
(0.379000) can0 3E2#040000811FCF00
(0.379000) can0 263#700ED29FA74F5F1F
(0.384000) can0 2E5#00000E320000DD00
(0.384000) can0 234#2EE103804300B424
(0.385000) can0 129#2424E75F0020FF3F
(0.388000) can0 2E1#398D2AFF0F000000
(0.390000) can0 123#01000000003F0000
(0.392000) can0 448#20001010000010
(0.392000) can0 3D8#56005200
(0.393000) can0 1E5#286C0400000040BE
(0.394000) can0 266#2400123411007601
(0.397000) can0 261#C2291502805C22F6
(0.397000) can0 281#0C00FF1F0001
(0.399000) can0 224#0408004019011008
(0.400000) can0 1D5#29000000000000FF
(0.400000) can0 201#006E6D0000E4FF00
(0.401000) can0 7AA#0522880C50081300
(0.402000) can0 2E5#00000E320000DD00
(0.402000) can0 118#5F65950000C88400
(0.403000) can0 1E5#286C0400000060DE
(0.404000) can0 2E1#026D6602206C0000
(0.405000) can0 3AE#0840000800001162
(0.405000) can0 339#02F1FE008007800F
(0.408000) can0 3A1#884C0FCA0014A223
(0.410000) can0 243#02FC9B0D05D70000
(0.412000) can0 261#A34C0A0000403564
(0.412000) can0 1F9#0000000000000000
(0.414000) can0 362#000000
(0.414000) can0 453#00000000
(0.415000) can0 420#2801404B00000004
(0.416000) can0 428#20001010000010
(0.419000) can0 332#0403B4B1B200
(0.419000) can0 1D5#290000000000403F
(0.420000) can0 2B3#0900F02C00000A05
(0.421000) can0 340#0400000000000000
(0.421000) can0 452#449803
(0.422000) can0 2E5#00000E320000DD00
(0.423000) can0 266#2300113411007601
(0.424000) can0 257#D2BC5D50FAE72E01
(0.424000) can0 372#001F402B1212C824
(0.425000) can0 201#0118980000000000
(0.426000) can0 229#A50900
(0.427000) can0 249#CE0F0000
(0.430000) can0 682#000000400411B0E5
(0.432000) can0 3A2#42A7FFFF03000000
(0.434000) can0 1D8#2906012000004069
(0.434000) can0 227#000000004E000084
(0.435000) can0 129#7C29E75F0020FF3F
(0.436000) can0 1FA#1AC001
(0.439000) can0 383#A7181E00F1F0620A
(0.439000) can0 1D5#290000000000807F
(0.440000) can0 25B#D38000056A8640E3
(0.441000) can0 2F1#035A250143000200
(0.444000) can0 2E5#00000E320000DD00
(0.444000) can0 257#E3CD5D50FAE72E01
(0.445000) can0 129#5C2AE85F0020FF3F
(0.450000) can0 6A1#0000000000
(0.451000) can0 360#0200000000000000
(0.452000) can0 3F5#0000C838820C0000
(0.452000) can0 1D8#2904C11F00008066
(0.453000) can0 132#B68EFCFD2B3C
(0.456000) can0 22B#FFFFFF1F00000000
(0.456000) can0 37A#D00C000000000000
(0.457000) can0 212#5904000081FF7731
(0.458000) can0 2D2#F32EAE4E8813E822
(0.458000) can0 3A1#C1FFFF293D00B095
(0.459000) can0 261#00100B00FF4F60BF
(0.460000) can0 42E#00E0BFFFFEEFBFFF
(0.461000) can0 45A#FD07F8FF03001937
(0.464000) can0 2E5#00000E320000DD00
(0.464000) can0 132#AC8EF9FD293C
(0.466000) can0 353#FB0F39801A0C0914
(0.467000) can0 1D6#02080000CA400C08
(0.467000) can0 27A#AFBAFC00B4056202
(0.468000) can0 359#0F0000007F000000
(0.469000) can0 397#230000781C160000
(0.470000) can0 243#00FCCFCC90440D29
(0.470000) can0 7A8#BCCCB18300008200
(0.473000) can0 2E5#00000E320000DD00
(0.473000) can0 441#1501B6C358002D7D
(0.474000) can0 266#2300113411007901
(0.475000) can0 228#0106184C00604136
(0.475000) can0 249#9B000000
(0.476000) can0 301#1F000000FFFFFFFF
(0.477000) can0 3C8#0200000000000000
(0.478000) can0 39A#2013EF720B23EB7E
(0.479000) can0 3C2#0055555500006A05
(0.480000) can0 2B3#0A2E2E0005000002
(0.481000) can0 7AA#56E14F429173A129
(0.484000) can0 2E5#00000E320000DD00
(0.484000) can0 2E1#398D2AFF0F000000
(0.485000) can0 1F8#1A000000
(0.486000) can0 401#032AA4949A949194
(0.491000) can0 123#00001392D2000000
(0.493000) can0 261#C2291502805C8256
(0.495000) can0 132#BE8EFBFD323C
(0.497000) can0 3A3#1AC00000380DFC01
(0.499000) can0 3A2#0110200000000000
(0.502000) can0 2E1#026D6602206C0000
(0.504000) can0 118#096F950000C82400
(0.508000) can0 261#A34C0A00004095C4
(0.510000) can0 243#02FC9B0D05D70000
(0.512000) can0 381#5200000000003C03
(0.514000) can0 1F9#0000000000000000
(0.516000) can0 266#2300113411007901
(0.518000) can0 3FD#0000003C20000180
(0.522000) can0 677#0000000000000000
(0.523000) can0 266#2300113411007901
(0.524000) can0 257#D7C15D50FAE72E01
(0.525000) can0 441#4085890032003019
(0.525000) can0 129#B522E75F0020FF3F
(0.526000) can0 113#019701
(0.527000) can0 249#E8010000
(0.528000) can0 528#6A315058
(0.529000) can0 2E2#0100002B020B0000
(0.530000) can0 458#00002000000000
(0.530000) can0 241#7574541D1D4500
(0.531000) can0 2E1#0400000000202600
(0.532000) can0 545#010000000010005B
(0.533000) can0 1D8#2902411F000080E4
(0.533000) can0 132#BF8E01FE3E3C
(0.534000) can0 234#3120032EB904E0BA
(0.535000) can0 227#000000004E000084
(0.536000) can0 43B#017F00FF00000000
(0.536000) can0 719#1700000000000000
(0.537000) can0 383#A7181E00F1F0620A
(0.540000) can0 39D#2468F52700
(0.542000) can0 2F1#045A228142000000
(0.543000) can0 379#090000000D000C03
(0.544000) can0 257#D8C25D50FAE72E01
(0.545000) can0 423#00001000000000
(0.547000) can0 3AE#08400008000050A1
(0.549000) can0 6A1#0000000000
(0.549000) can0 139#00
(0.550000) can0 201#0200000000000000
(0.551000) can0 3E8#0200000000000000
(0.553000) can0 3F5#0000C838820C0000
(0.553000) can0 132#B88E00FE383C
(0.556000) can0 2D2#F22EAE4E8813E822
(0.556000) can0 2C1#531A900000000000
(0.557000) can0 102#22B3480494FAA009
(0.558000) can0 37A#D10C000000000000
(0.559000) can0 677#0100000000000000
(0.560000) can0 45A#FD07F8FF03001937
(0.561000) can0 3E9#008802000000E056
(0.564000) can0 2E5#00000E320000DD00
(0.564000) can0 132#C68E04FE413C
(0.565000) can0 1E5#286C0400000060DE
(0.566000) can0 285#034A7D5277000000
(0.566000) can0 1D6#02080000CA400C08
(0.567000) can0 279#31BAFC01B4056502
(0.568000) can0 3FD#01000A0000080280
(0.570000) can0 359#1000000000000000
(0.571000) can0 7A8#01000000FFA1C812
(0.571000) can0 283#000000004000
(0.572000) can0 757#2C003E0000000000
(0.574000) can0 1D8#2900011F00000022
(0.574000) can0 7D5#2B605FFF00000000
(0.575000) can0 129#FE27E75F0020FF3F
(0.576000) can0 2BF#00000000000001
(0.576000) can0 3F6#00050000B6340000
(0.577000) can0 3C0#0200000000000000
(0.578000) can0 282#8C38E20818040324
(0.579000) can0 3E2#040000811FCF00
(0.579000) can0 263#700ED29FA74F5F1F
(0.584000) can0 2E5#00000E320000DD00
(0.584000) can0 234#2FE103804300F465
(0.585000) can0 129#2928E75F0020FF3F
(0.586000) can0 719#0003140F14070E00
(0.586000) can0 261#C2291502805CE2B6
(0.590000) can0 123#01000000003F0000
(0.590000) can0 22A#0000E916
(0.591000) can0 221#610555550107E01B
(0.592000) can0 289#CC0C06C394003D0F
(0.592000) can0 788#01000000FFA1C812
(0.593000) can0 132#C38E01FE3E3C
(0.596000) can0 2E1#026D6602206C0000
(0.596000) can0 2C4#12BB00520E498502
(0.597000) can0 281#0D00FF1F0001
(0.598000) can0 419#00
(0.598000) can0 33D#1A290ABE874AFA98
(0.599000) can0 3DD#0100000000000000
(0.600000) can0 25D#3741012A04F08803
(0.601000) can0 263#89E6D1AFB74F5F1F
(0.601000) can0 393#0380610000000000
(0.603000) can0 75D#0400000000000000
(0.604000) can0 132#B98EFCFD2C3C
(0.604000) can0 257#DBC55D50FAE72E01
(0.605000) can0 22B#FFFFFF1F00000000
(0.606000) can0 552#0000000000004097
(0.607000) can0 3A1#884C0FCA0014E263
(0.607000) can0 20C#0DF8371A1C01000E
(0.610000) can0 243#02FC9B0D05D70000
(0.612000) can0 2E1#FB1F98C9978B0900
(0.612000) can0 1F9#0000000000000000
(0.613000) can0 253#0064A6C66490B505
(0.614000) can0 4E3#047A808706600000
(0.615000) can0 132#C08E01FE403C
(0.615000) can0 420#2801404B00000005
(0.619000) can0 211#BD19710F1001
(0.619000) can0 261#B401E04B0040041A
(0.620000) can0 287#30322F31D8020000
(0.621000) can0 381#1520576D6D000001
(0.624000) can0 2E5#00000E320000DD00
(0.624000) can0 441#4085890032003821
(0.625000) can0 201#0118980000000000
(0.626000) can0 458#00002000000000
(0.626000) can0 3FD#02004A0000000090
(0.628000) can0 7FF#0500000120008000
(0.629000) can0 1D5#290000000000E0DF
(0.630000) can0 241#7474141D1D4500
(0.631000) can0 545#010000000010308B
(0.634000) can0 2E5#00000E320000DD00
(0.635000) can0 247#500EFF0000000000
(0.636000) can0 1FA#1AC001
(0.639000) can0 383#A7181E00F1F0620A
(0.639000) can0 1D5#29000000000000FF
(0.640000) can0 25B#D38000056A866003
(0.641000) can0 2F1#055A230143000100
(0.641000) can0 6A2#0000000000
(0.642000) can0 379#0A0000000A000C03
(0.643000) can0 1D8#29FEC01E0000E0BE
(0.644000) can0 1E5#286C0400000060DE
(0.644000) can0 401#0B2A9B94A894A094
(0.645000) can0 129#FF2EE75F0020FF3F
(0.650000) can0 6A1#0000000000
(0.650000) can0 360#0400000000000000
(0.651000) can0 261#00100C00FF4F2080
(0.652000) can0 3F5#0000C838820C0000
(0.653000) can0 132#B38E06FE413C
(0.656000) can0 2D2#F22EAE4E8813E822
(0.656000) can0 2F2#1201
(0.657000) can0 381#16000400007F0000
(0.658000) can0 2E3#0200004E020B00
(0.658000) can0 39D#276BF52700
(0.659000) can0 1D5#290000000000403F
(0.660000) can0 2B3#8D04A094EE716319
(0.663000) can0 3A2#604573B70480426F
(0.663000) can0 1A5#00101F6035
(0.664000) can0 253#0164A6C66490B505
(0.665000) can0 122#00001392D2000000
(0.665000) can0 126#3EF0305CE1
(0.667000) can0 129#EB20E75F0020FF3F
(0.668000) can0 372#0400000000009011
(0.668000) can0 396#091E1E54535B0D7D
(0.669000) can0 545#0200040000004090
(0.670000) can0 243#00FCCFCC90440D29
(0.671000) can0 272#0380610000000000
(0.673000) can0 2E5#00000E320000DD00
(0.673000) can0 132#C58E05FE433C
(0.674000) can0 376#FBFFFBFFFB0F7005
(0.675000) can0 228#0106184C00606156
(0.675000) can0 249#D3040000
(0.676000) can0 3C8#0400000000000000
(0.677000) can0 441#1501B6C358003D8D
(0.678000) can0 39A#2013EF720723EB7E
(0.681000) can0 356#0000000000000000
(0.683000) can0 757#465B5A5D5B405858
(0.685000) can0 1D8#29FC801E000060FC
(0.687000) can0 1F8#1A000000
(0.690000) can0 123#00001392D2000000
(0.694000) can0 448#20001010000010
(0.701000) can0 207#0000000000000000
(0.703000) can0 2E5#00000E320000DD00
(0.705000) can0 1E5#286C04000000209E
(0.707000) can0 339#02F1FE008007800F
(0.707000) can0 20C#0EF8371A1C01000E
(0.710000) can0 243#02FC9B0D05D70000
(0.714000) can0 3FD#0000003C20000180
(0.718000) can0 2E5#00000E320000DD00
(0.720000) can0 340#0700000000000000
(0.723000) can0 2B3#CE2B5E0140151900
(0.726000) can0 132#C08E04FE3D3C
(0.726000) can0 3C3#0000000000A50000
(0.727000) can0 54F#0000000000000000
(0.728000) can0 381#1800000000000000
(0.729000) can0 2E2#E211294949490900
(0.729000) can0 3CC#0321431A000E0900
(0.730000) can0 682#000000400411E015
(0.731000) can0 261#0522DEC99A427010
(0.734000) can0 2E5#00000E320000DD00
(0.736000) can0 3AE#074000080000B000
(0.738000) can0 23E#00003AC002FF2F6A
(0.738000) can0 39D#296DF52700
(0.739000) can0 309#0000000000000000
(0.740000) can0 263#0300000000000000
(0.741000) can0 6A2#0000000000
(0.744000) can0 379#0B0000000300180F
(0.744000) can0 423#00001000000000
(0.745000) can0 129#2928E75F0020FF3F
(0.748000) can0 261#00100C00FF4F80E0
(0.750000) can0 1D5#290000000000605F
(0.750000) can0 360#0500040000000000
(0.753000) can0 3F5#0000C838820C0000
(0.754000) can0 118#C268950000C8E400
(0.758000) can0 2C1#531A900000000000
(0.760000) can0 2EC#572065
(0.762000) can0 3A2#6025F3B31C80426F
(0.764000) can0 195#000000000A002706
(0.767000) can0 3FD#01000A0000080280
(0.772000) can0 108#1DDC07DA03161925
(0.773000) can0 1D8#29FA401E000080DA
(0.774000) can0 118#346A950000C85400
(0.774000) can0 421#021A0000002000
(0.775000) can0 228#0106184C00607166
(0.776000) can0 405#113345374542334B
(0.777000) can0 2BF#00000000000001
(0.777000) can0 3C8#0500000000000000
(0.778000) can0 315#02000A1700000000
(0.779000) can0 315#6B2BD02640008005
(0.780000) can0 3C0#0400000000000000
(0.780000) can0 261#C2291502805CA276
(0.781000) can0 2B3#AF03294CED0E7004
(0.783000) can0 3FE#7CE6830F3EF800CD
(0.783000) can0 1D8#29FA401E0000A0FA
(0.784000) can0 266#2200113411007801
(0.785000) can0 234#2FE10380430034A5
(0.786000) can0 129#5B2CE75FFF1FFF3F
(0.786000) can0 3A7#0000000000000000
(0.787000) can0 43B#027F00FF00000000
(0.788000) can0 3E5#0000000000000000
(0.789000) can0 719#0D00000000000000
(0.789000) can0 36B#0000000000000000
(0.790000) can0 1D5#290000000000E0DF
(0.791000) can0 5F3#64F520
(0.791000) can0 22A#0000D916
(0.792000) can0 2F9#BCFB072800000000
(0.794000) can0 2E5#00000E320000DD00
(0.794000) can0 118#266C950000C84400
(0.795000) can0 266#2200113411007801
(0.796000) can0 129#202DE75F0020FF3F
(0.797000) can0 677#0200000000000000
(0.797000) can0 264#3D000000A000
(0.798000) can0 281#0E00FF1F0001
(0.799000) can0 25D#3741012A04F08803
(0.800000) can0 3F9#0200000000000000
(0.800000) can0 1D5#29000000000000FF
(0.801000) can0 201#006E6D0000E4FF00
(0.802000) can0 393#0380610000000000
(0.803000) can0 118#C76D950000C8E400
(0.803000) can0 1E5#286C0400000060DE
(0.805000) can0 401#132AB694A994A494
(0.806000) can0 339#02F1FE008007800F
(0.808000) can0 3A1#884C0FCA001822A7
(0.810000) can0 1D5#290000000000201F
(0.812000) can0 261#B401D84B0040C4D2
(0.812000) can0 1F9#0000000000000000
(0.813000) can0 294#14C1400040000000
(0.814000) can0 118#786E950000C89400
(0.814000) can0 3FD#02004A0000000090
(0.816000) can0 2C1#216B186402000000
(0.819000) can0 211#BF1B710F1001
(0.819000) can0 287#30322F31D8020000
(0.820000) can0 263#020080060D343421
(0.821000) can0 2E1#0400000000202600
(0.822000) can0 2E5#00000E320000DD00
(0.823000) can0 266#2100113411007801
(0.824000) can0 257#D7C05D51FAE72E01
(0.824000) can0 113#019701
(0.825000) can0 129#EB20E75F0020FF3F
(0.826000) can0 318#1A06080D102033B3
(0.827000) can0 54F#0000000000000000
(0.827000) can0 261#0522DEC99A42D070
(0.830000) can0 3A8#0300000000000000
(0.830000) can0 682#000000400411F025
(0.831000) can0 553#000000000000F048
(0.832000) can0 554#D08403051ED000
(0.832000) can0 2E5#00000E320000DD00
(0.833000) can0 1D8#29FA401E0000409A
(0.835000) can0 132#BE8E09FE423C
(0.835000) can0 227#000000004E000081
(0.836000) can0 2C1#0219160000D09201
(0.837000) can0 677#0300000000000000
(0.838000) can0 363#0B01010401000000
(0.838000) can0 2D7#8C994106
(0.839000) can0 1D5#290000000000807F
(0.840000) can0 25B#D38000056A868023
(0.841000) can0 2F1#0702000000E00000
(0.841000) can0 6A2#0000000000
(0.842000) can0 379#00000A48333F2100
(0.843000) can0 1D8#29FA401E000060BA
(0.844000) can0 266#2200113411007801
(0.844000) can0 372#0700000000000000
(0.845000) can0 423#00001000000000
(0.849000) can0 6A1#0000000000
(0.849000) can0 139#00
(0.850000) can0 201#0200000000000000
(0.851000) can0 3E8#0500000000000000
(0.853000) can0 3F5#0000C838820C0000
(0.853000) can0 132#C68E0AFE493C
(0.856000) can0 2D2#F22EAE4E8813E822
(0.856000) can0 2F2#1201
(0.857000) can0 102#22B3480494FAA009
(0.858000) can0 23E#00003AC002FF5F9A
(0.858000) can0 2EC#573075
(0.859000) can0 1D5#290000000000C0BF
(0.860000) can0 3A2#6025F3B21C80426F
(0.863000) can0 545#020005000000A0F1
(0.863000) can0 1D8#29FA001E0000A0BA
(0.865000) can0 266#2200113411007801
(0.866000) can0 128#0000EC0A02
(0.866000) can0 225#5555FA00
(0.867000) can0 27A#C4BE0C01B4056202
(0.868000) can0 2E1#398D2AFF0F000000
(0.868000) can0 397#230000781C160000
(0.869000) can0 1D5#290000000000E0DF
(0.870000) can0 3AE#074000080000F040
(0.871000) can0 272#0380610000000000
(0.871000) can0 7AA#0B4E00284F003D00
(0.872000) can0 757#2C003E0000000000
(0.873000) can0 441#1401B6C358000D5C
(0.874000) can0 118#3D64950000C864FF
(0.874000) can0 421#021A0000002000
(0.876000) can0 129#CC25E85F0020FF3F
(0.877000) can0 3C8#0600000000000000
(0.877000) can0 3C0#0500010000000000
(0.878000) can0 7D7#321F000000000000
(0.879000) can0 3C2#0055555500006A05
(0.884000) can0 2E5#00000E320000DD00
(0.884000) can0 2E1#026D6602206C0000
(0.885000) can0 1F8#1A000000
(0.886000) can0 719#0300000000000000
(0.889000) can0 399#000000
(0.891000) can0 123#00001392D2000000
(0.893000) can0 261#A34C0A0000401544
(0.895000) can0 132#C18E07FE473C
(0.897000) can0 3A3#16C00000380DFC01
(0.899000) can0 281#0E00FF1F0001
(0.901000) can0 2E1#FB1F97B9978A0900
(0.904000) can0 2E5#00000E320000DD00
(0.905000) can0 22B#FFFFFF1F00000000
(0.905000) can0 339#02F1FE008007800F
(0.908000) can0 261#B401D84B00402432
(0.910000) can0 1D5#290000000000605F
(0.914000) can0 2E5#00000E320000DD00
(0.914000) can0 266#2200113411007701
(0.915000) can0 22B#FFFFFF1F00008003
(0.916000) can0 2C1#216B186402000000
(0.916000) can0 677#0000000000000000
(0.919000) can0 211#C01C710F1001
(0.919000) can0 119#00000000
(0.920000) can0 343#0092585E96000000
(0.924000) can0 2E5#00000E320000DD00
(0.924000) can0 441#40858900320010F9
(0.925000) can0 201#0118980000000000
(0.926000) can0 229#310E00
(0.926000) can0 458#00002000000000
(0.927000) can0 439#0000000000185A04
(0.928000) can0 545#010000000010C01B
(0.929000) can0 2E2#F713503F01000000
(0.929000) can0 243#0300008028452500
(0.932000) can0 2E1#658008005850316A
(0.934000) can0 1D8#29F8401E000080D8
(0.936000) can0 2C1#0219160000D09201
(0.938000) can0 23E#00003AC002FF7FBA
(0.938000) can0 39D#1E62F52700
(0.940000) can0 261#00100D00FF4F40A1
(0.943000) can0 2F1#0802002804A00300
(0.943000) can0 266#2100113411007701
(0.944000) can0 257#DDC65D51FAE72E01
(0.945000) can0 129#322CE75F0020FF3F
(0.948000) can0 2E1#1021040010000004
(0.950000) can0 1D5#290000000000E0DF
(0.950000) can0 360#0700000000000000
(0.953000) can0 3F5#0000C838820C0000
(0.953000) can0 132#C58E09FE413C
(0.956000) can0 2D2#F22EAF4E8813E822
(0.956000) can0 2C1#531A900000000000
(0.957000) can0 102#22B3480494FAA009
(0.958000) can0 712#0400000000000000
(0.959000) can0 2EC#574085
(0.960000) can0 400#00E0FBBEEFFB00
(0.961000) can0 545#020005000000D021
(0.964000) can0 2E5#00000E320000DD00
(0.964000) can0 108#0ECE07E2030D1925
(0.965000) can0 126#3CB02F74B6
(0.966000) can0 129#FF2EE75F0020FF3F
(0.966000) can0 22B#FFFFFF1F00000000
(0.967000) can0 2D1#FF01
(0.968000) can0 372#0900000000F83F00
(0.969000) can0 397#230000781C160000
(0.969000) can0 1D5#290000000000201F
(0.972000) can0 272#080003D907B00304
(0.972000) can0 757#3200000000000000
(0.973000) can0 441#1201B6C358001562
(0.975000) can0 7D5#2B605FFF00000000
(0.975000) can0 201#0300000000000000
(0.976000) can0 2C1#0400000000000000
(0.977000) can0 7D7#321F000000000000
(0.978000) can0 282#9438E20818040324
(0.978000) can0 39D#1F63F52700
(0.979000) can0 2E1#026D6602206C0000
(0.980000) can0 381#0400000000000000
(0.980000) can0 744#AA
(0.983000) can0 2E5#00000E320000DD00
(0.983000) can0 1E5#286C04000000209E
(0.984000) can0 2AA#571013
(0.985000) can0 234#2FE10380430074E5
(0.985000) can0 719#150003AD00000000
(0.987000) can0 261#A34C0A00004075A4
(0.990000) can0 1D5#290000000000605F
(0.992000) can0 448#20001010000010
(0.992000) can0 3A2#0110200000000000
(0.993000) can0 1E5#286C0400000040BE
(0.994000) can0 118#9A60950000C8C400
(0.997000) can0 2E1#FB1F96B9978F0900
(0.997000) can0 25D#3741012A04F08703
(0.998000) can0 2A4#4C184211C4908765
(0.999000) can0 2B4#4005440E7C01
(0.999000) can0 1D5#290000000000807F
(1.000000) can0 201#006E6C0000E4FF00
(1.001000) can0 393#0380610000000000
(1.002000) can0 2E5#00000E320000DD00
(1.003000) can0 118#3B61950000C86400
(1.005000) can0 129#B522E75F0020FF3F
(1.009000) can0 3A1#884C0FCA001862E7
(1.011000) can0 243#02FCA30D05D70000
(1.013000) can0 2E5#00000E320000DD00
(1.015000) can0 4E3#01D8050000002800
(1.017000) can0 420#2801404B00000007
(1.019000) can0 211#C11D710F1001
(1.022000) can0 119#00000000
(1.023000) can0 1D8#29F8001E0000A0B8
(1.023000) can0 266#2100113411007801
(1.024000) can0 257#E1CA5D51FAE72E01
(1.025000) can0 414#1233585646544756
(1.026000) can0 129#DB24E85F0020FF3F
(1.026000) can0 229#3B0F00
(1.029000) can0 405#1246333638353739
(1.031000) can0 310#0B00040204001100
(1.033000) can0 553#0000000000001068
(1.035000) can0 132#B88E0AFE4A3C
(1.037000) can0 227#000000004E000081
(1.039000) can0 383#A7181E00F1E0620A
(1.041000) can0 263#0300000000000000
(1.043000) can0 6A2#0000000000
(1.045000) can0 266#2100113411007801
(1.050000) can0 6A1#0000000000
(1.050000) can0 201#0200000000000000
(1.051000) can0 261#31400B009449BA09
(1.052000) can0 3F5#0000C838820C0000
(1.052000) can0 3F5#0000C838830C0000
(1.054000) can0 132#B98E0AFE4A3C
(1.055000) can0 212#5904000081FF7731
(1.055000) can0 252#8B4B167C00FC0F00
(1.056000) can0 2F2#1201
(1.057000) can0 392#0111A467000A0300
(1.058000) can0 3A1#C1FFFF293D007055
(1.058000) can0 3A2#602573B31C80426F
(1.059000) can0 2E1#398D2AFF0F000000
(1.060000) can0 3E9#008802000000F066
(1.061000) can0 545#0200050000000051
(1.063000) can0 2E5#00000E320000DD00
(1.063000) can0 266#2200113411007801
(1.064000) can0 3DF#0000C00002D0001B
(1.065000) can0 122#00001392D2000000
(1.066000) can0 126#3CE82F7CF6
(1.067000) can0 279#36BFFC01B4056502
(1.068000) can0 2D1#FF01
(1.068000) can0 395#090F11600A02037D
(1.069000) can0 401#2000000000000000
(1.070000) can0 243#00FCCFCC90440D29
(1.071000) can0 272#0380610000000000
(1.073000) can0 2E5#00000E320000DD00
(1.073000) can0 132#BA8E09FE483C
(1.074000) can0 266#2100113411007701
(1.075000) can0 7D5#3200000000000000
(1.075000) can0 228#0106184C0060A196
(1.076000) can0 2E1#026D6602206C0000
(1.077000) can0 509#E0FFFFFF07
(1.078000) can0 39A#200FEF720B27E77E
(1.079000) can0 7D7#321F000000000000
(1.080000) can0 2D3#F3005403290E2543
(1.083000) can0 2E5#00000E320000DD00
(1.083000) can0 103#22B38804A2F02032
(1.084000) can0 232#8A00980EC7040000
(1.085000) can0 2AA#572023
(1.085000) can0 2E8#010100000600C0B2
(1.086000) can0 719#1700000000000000
(1.087000) can0 381#0700000000000000
(1.090000) can0 1D5#290000000000A09F
(1.092000) can0 448#20001010000010
(1.094000) can0 3A2#0110200000000000
(1.096000) can0 545#900458909992190A
(1.098000) can0 204#010000FF00000010
(1.101000) can0 2B4#3F05430E7A01
(1.103000) can0 393#080002C107B00304
(1.105000) can0 1E5#286C04000000209E
(1.108000) can0 2E1#0400000000202600
(1.110000) can0 1D5#290000000000E0DF
(1.112000) can0 2E5#00000E320000DD00
(1.112000) can0 1F9#0000000000000000
(1.113000) can0 422#700010000000
(1.114000) can0 4E3#0200000000002800
(1.114000) can0 266#2100113411007701
(1.115000) can0 420#2801404B00008007
(1.116000) can0 2C1#216B186402000000
(1.119000) can0 287#30322F31D8020000
(1.119000) can0 119#00000000
(1.121000) can0 343#0092642E96000000
(1.124000) can0 2E5#00000E320000DD00
(1.124000) can0 381#0800000000000000
(1.125000) can0 401#2300000000000000
(1.126000) can0 201#0118980000000000
(1.126000) can0 458#00002000000000
(1.127000) can0 3E3#04000000
(1.128000) can0 545#010000000010207B
(1.129000) can0 78A#0100060003000000
(1.129000) can0 243#0300008028452500
(1.130000) can0 241#7474141D1D4500
(1.131000) can0 261#00100D00FF4F0061
(1.132000) can0 2E5#00000E320000DD00
(1.132000) can0 1D8#29F6001E00000016
(1.133000) can0 132#C88E0BFE493C
(1.135000) can0 266#2100113411007701
(1.135000) can0 227#000000004E000081
(1.136000) can0 247#510EFF0000000000
(1.137000) can0 23E#00003AC002FFCF0A
(1.140000) can0 39D#2367F52700
(1.142000) can0 2F1#0AB1010000000000
(1.142000) can0 379#03C00E4833B92200
(1.143000) can0 242#55558600
(1.144000) can0 1E5#286C04000000209E
(1.144000) can0 423#00001000000000
(1.147000) can0 261#3140F9FF95491A57
(1.149000) can0 6A1#0000000000
(1.149000) can0 139#00
(1.150000) can0 201#0200000000000000
(1.151000) can0 3E8#0100000000000000
(1.152000) can0 2E5#00000E320000DD00
(1.153000) can0 1E5#286C0400000040BE
(1.154000) can0 118#FA60950000C82400
(1.154000) can0 2D2#F22EAE4E8813E822
(1.155000) can0 409#00
(1.156000) can0 292#394218648F010000
(1.157000) can0 2F2#1201
(1.157000) can0 102#22B3480494FAA009
(1.158000) can0 677#0100000000000000
(1.159000) can0 381#0900000000000000
(1.159000) can0 263#04000000A01C0000
(1.160000) can0 400#00E0FBBEEFFB00
(1.163000) can0 2E5#00000E320000DD00
(1.163000) can0 261#C2291502805C22F6
(1.165000) can0 253#0164A6C66490B505
(1.166000) can0 1E5#286C0400000060DE
(1.166000) can0 129#DC22E75FFF1FFF3F
(1.167000) can0 22B#FFFFFF1F00000000
(1.168000) can0 27A#B7B10C01B4056202
(1.169000) can0 395#090F13600A02047D
(1.169000) can0 7A8#01000000FFA1C812
(1.170000) can0 3AE#044000080000A1EE
(1.171000) can0 272#080003E107B00304
(1.172000) can0 7AA#32083FF884062100
(1.172000) can0 757#3200000000000000
(1.173000) can0 441#1101B6C358002571
(1.174000) can0 7D5#2B5F5FFF00000000
(1.175000) can0 7D5#2C3F3F0000000000
(1.176000) can0 201#0300000000000000
(1.177000) can0 23E#00003AC002FFDF1A
(1.178000) can0 39A#95FFFDFDFD01000A
(1.178000) can0 39D#2468F52700
(1.179000) can0 261#A34C0A0000403564
(1.180000) can0 3C2#0055555500006A05
(1.183000) can0 2E5#00000E320000DD00
(1.183000) can0 266#2100113411007801
(1.184000) can0 257#F1D25D51FAEF2E01
(1.185000) can0 1F8#1A000000
(1.188000) can0 2E1#FB1F98B9978B0900
(1.190000) can0 1D5#290000000000E0DF
(1.190000) can0 22A#0000E916
(1.191000) can0 221#610555550107A0DB
(1.192000) can0 289#CC0C0643A5003D0F
(1.193000) can0 207#0000000000000000
(1.194000) can0 266#2100113411007801
(1.195000) can0 261#B401D84B00404452
(1.195000) can0 381#0A00000000000000
(1.196000) can0 204#010000FF00000010
(1.197000) can0 281#0E00FF1F0001
(1.198000) can0 224#0408004019011008
(1.198000) can0 2B4#4205440E7D01
(1.199000) can0 288#0106184C00600156
(1.200000) can0 2B3#05000000E3808100
(1.201000) can0 75D#8000000000000000
(1.203000) can0 2E5#00000E320000DD00
(1.203000) can0 1E5#286C0400000060DE
(1.205000) can0 372#0D3200D01E5BBF8E
(1.206000) can0 552#000000000000A0F7
(1.208000) can0 3A1#884C0FCA0018A227
(1.211000) can0 1D5#290000000000201F
(1.213000) can0 2E5#00000E320000DD00
(1.215000) can0 4E3#03FD000000002800
(1.217000) can0 3FD#0000003C20000180
(1.223000) can0 129#FE27E75F0020FF3F
(1.225000) can0 266#2100113411007801
(1.226000) can0 3C3#5555550100000000
(1.227000) can0 545#01000000001050AB
(1.228000) can0 54F#0000000000000000
(1.228000) can0 682#0000004004113065
(1.229000) can0 3C2#2955000000000000
(1.231000) can0 243#0300008028452500
(1.233000) can0 2E5#00000E320000DD00
(1.233000) can0 132#C38E09FE473C
(1.234000) can0 234#3120032EB904C09A
(1.235000) can0 2E1#1021040010000004
(1.235000) can0 2C1#0219160000D09201
(1.236000) can0 247#510EFF0000000000
(1.237000) can0 383#A7181E00F1E0620A
(1.240000) can0 1D5#290000000000807F
(1.242000) can0 2F1#2B79008600000000
(1.242000) can0 379#0400903E800D0000
(1.243000) can0 242#55558600
(1.244000) can0 266#2100113411007801
(1.244000) can0 423#00001000000000
(1.249000) can0 6A1#0000000000
(1.250000) can0 139#00
(1.251000) can0 3E8#0200000000000000
(1.251000) can0 7AA#233FF88C0613001C
(1.252000) can0 3F5#0000C838820C0000
(1.253000) can0 1D8#29F8001E00008098
(1.260000) can0 2D2#F22EAE4E8813E822
(1.265000) can0 3FD#01000A0000080280
(1.271000) can0 45B#0000
(1.273000) can0 2E5#00000E320000DD00
(1.275000) can0 132#C78E07FE473C
(1.277000) can0 414#1000000000434956
(1.279000) can0 2C1#0400000000000000
(1.280000) can0 3C2#0055555500006A05
(1.283000) can0 2E5#00000E320000DD00
(1.284000) can0 103#22B38804A2F02032
(1.285000) can0 234#2FE103804300D445
(1.286000) can0 34A#0207000000000090
(1.290000) can0 3A2#0110200000000000
(1.292000) can0 448#20001010000010
(1.294000) can0 2E5#00000E320000DD00
(1.296000) can0 2C1#D0687E00008A0200
(1.298000) can0 204#010000FF00000010
(1.300000) can0 25D#3741012A04F08803
(1.303000) can0 201#006F6D0000E4FF00
(1.304000) can0 1E5#286C04000000209E
(1.307000) can0 129#1F20E65F0020FF3F
(1.307000) can0 20C#1438381A1C01000E
(1.310000) can0 1D5#290000000000605F
(1.313000) can0 2E5#00000E320000DD00
(1.313000) can0 4E3#047A800706600000
(1.314000) can0 266#2200113411007701
(1.315000) can0 3AE#044000080000E02D
(1.315000) can0 3FD#02004A0000000090
(1.318000) can0 129#0821E65F0020FF3F
(1.320000) can0 340#0100000000000000
(1.321000) can0 343#0092586E96000000
